{"/Users/petermurray/Desktop/Dissertation/PropertyApp/backend/controllers/adminController.js": {"path":"/Users/petermurray/Desktop/Dissertation/PropertyApp/backend/controllers/adminController.js","all":false,"statementMap":{"0":{"start":{"line":1,"column":0},"end":{"line":1,"column":28}},"1":{"start":{"line":2,"column":0},"end":{"line":2,"column":31}},"2":{"start":{"line":3,"column":0},"end":{"line":3,"column":38}},"3":{"start":{"line":4,"column":0},"end":{"line":4,"column":0}},"4":{"start":{"line":5,"column":0},"end":{"line":5,"column":47}},"5":{"start":{"line":6,"column":0},"end":{"line":6,"column":42}},"6":{"start":{"line":7,"column":0},"end":{"line":7,"column":0}},"7":{"start":{"line":8,"column":0},"end":{"line":8,"column":7}},"8":{"start":{"line":9,"column":0},"end":{"line":9,"column":78}},"9":{"start":{"line":10,"column":0},"end":{"line":10,"column":0}},"10":{"start":{"line":11,"column":0},"end":{"line":11,"column":21}},"11":{"start":{"line":12,"column":0},"end":{"line":12,"column":68}},"12":{"start":{"line":13,"column":0},"end":{"line":13,"column":26}},"13":{"start":{"line":14,"column":0},"end":{"line":14,"column":58}},"14":{"start":{"line":15,"column":0},"end":{"line":15,"column":59}},"15":{"start":{"line":16,"column":0},"end":{"line":16,"column":70}},"16":{"start":{"line":17,"column":0},"end":{"line":17,"column":49}},"17":{"start":{"line":18,"column":0},"end":{"line":18,"column":78}},"18":{"start":{"line":19,"column":0},"end":{"line":19,"column":0}},"19":{"start":{"line":20,"column":0},"end":{"line":20,"column":27}},"20":{"start":{"line":21,"column":0},"end":{"line":21,"column":64}},"21":{"start":{"line":22,"column":0},"end":{"line":22,"column":29}},"22":{"start":{"line":23,"column":0},"end":{"line":23,"column":25}},"23":{"start":{"line":24,"column":0},"end":{"line":24,"column":6}},"24":{"start":{"line":25,"column":0},"end":{"line":25,"column":26}},"25":{"start":{"line":26,"column":0},"end":{"line":26,"column":12}},"26":{"start":{"line":27,"column":0},"end":{"line":27,"column":70}},"27":{"start":{"line":28,"column":0},"end":{"line":28,"column":7}},"28":{"start":{"line":29,"column":0},"end":{"line":29,"column":17}},"29":{"start":{"line":30,"column":0},"end":{"line":30,"column":44}},"30":{"start":{"line":31,"column":0},"end":{"line":31,"column":52}},"31":{"start":{"line":32,"column":0},"end":{"line":32,"column":3}},"32":{"start":{"line":33,"column":0},"end":{"line":33,"column":2}},"33":{"start":{"line":34,"column":0},"end":{"line":34,"column":0}},"34":{"start":{"line":35,"column":0},"end":{"line":35,"column":44}},"35":{"start":{"line":36,"column":0},"end":{"line":36,"column":7}},"36":{"start":{"line":37,"column":0},"end":{"line":37,"column":49}},"37":{"start":{"line":38,"column":0},"end":{"line":38,"column":73}},"38":{"start":{"line":39,"column":0},"end":{"line":39,"column":67}},"39":{"start":{"line":40,"column":0},"end":{"line":40,"column":0}},"40":{"start":{"line":41,"column":0},"end":{"line":41,"column":62}},"41":{"start":{"line":42,"column":0},"end":{"line":42,"column":33}},"42":{"start":{"line":43,"column":0},"end":{"line":43,"column":58}},"43":{"start":{"line":44,"column":0},"end":{"line":44,"column":0}},"44":{"start":{"line":45,"column":0},"end":{"line":45,"column":74}},"45":{"start":{"line":46,"column":0},"end":{"line":46,"column":26}},"46":{"start":{"line":47,"column":0},"end":{"line":47,"column":68}},"47":{"start":{"line":48,"column":0},"end":{"line":48,"column":21}},"48":{"start":{"line":49,"column":0},"end":{"line":49,"column":70}},"49":{"start":{"line":50,"column":0},"end":{"line":50,"column":7}},"50":{"start":{"line":51,"column":0},"end":{"line":51,"column":17}},"51":{"start":{"line":52,"column":0},"end":{"line":52,"column":60}},"52":{"start":{"line":53,"column":0},"end":{"line":53,"column":3}},"53":{"start":{"line":54,"column":0},"end":{"line":54,"column":2}}},"s":{"0":1,"1":1,"2":1,"3":1,"4":1,"5":3,"6":3,"7":3,"8":3,"9":3,"10":3,"11":3,"12":2,"13":2,"14":2,"15":2,"16":2,"17":3,"18":1,"19":1,"20":1,"21":1,"22":1,"23":1,"24":1,"25":1,"26":1,"27":1,"28":3,"29":0,"30":0,"31":0,"32":1,"33":1,"34":1,"35":4,"36":4,"37":4,"38":4,"39":3,"40":3,"41":3,"42":4,"43":1,"44":1,"45":1,"46":4,"47":1,"48":1,"49":1,"50":1,"51":1,"52":1,"53":1},"branchMap":{"0":{"type":"branch","line":1,"loc":{"start":{"line":1,"column":0},"end":{"line":54,"column":2}},"locations":[{"start":{"line":1,"column":0},"end":{"line":54,"column":2}}]},"1":{"type":"branch","line":5,"loc":{"start":{"line":5,"column":26},"end":{"line":33,"column":1}},"locations":[{"start":{"line":5,"column":26},"end":{"line":33,"column":1}}]},"2":{"type":"branch","line":12,"loc":{"start":{"line":12,"column":6},"end":{"line":12,"column":68}},"locations":[{"start":{"line":12,"column":6},"end":{"line":12,"column":68}}]},"3":{"type":"branch","line":13,"loc":{"start":{"line":13,"column":-1},"end":{"line":18,"column":16}},"locations":[{"start":{"line":13,"column":-1},"end":{"line":18,"column":16}}]},"4":{"type":"branch","line":18,"loc":{"start":{"line":18,"column":16},"end":{"line":29,"column":4}},"locations":[{"start":{"line":18,"column":16},"end":{"line":29,"column":4}}]},"5":{"type":"branch","line":29,"loc":{"start":{"line":29,"column":4},"end":{"line":32,"column":3}},"locations":[{"start":{"line":29,"column":4},"end":{"line":32,"column":3}}]},"6":{"type":"branch","line":35,"loc":{"start":{"line":35,"column":23},"end":{"line":54,"column":1}},"locations":[{"start":{"line":35,"column":23},"end":{"line":54,"column":1}}]},"7":{"type":"branch","line":37,"loc":{"start":{"line":37,"column":43},"end":{"line":37,"column":48}},"locations":[{"start":{"line":37,"column":43},"end":{"line":37,"column":48}}]},"8":{"type":"branch","line":38,"loc":{"start":{"line":38,"column":45},"end":{"line":38,"column":65}},"locations":[{"start":{"line":38,"column":45},"end":{"line":38,"column":65}}]},"9":{"type":"branch","line":38,"loc":{"start":{"line":38,"column":66},"end":{"line":38,"column":72}},"locations":[{"start":{"line":38,"column":66},"end":{"line":38,"column":72}}]},"10":{"type":"branch","line":39,"loc":{"start":{"line":39,"column":16},"end":{"line":39,"column":67}},"locations":[{"start":{"line":39,"column":16},"end":{"line":39,"column":67}}]},"11":{"type":"branch","line":40,"loc":{"start":{"line":40,"column":-1},"end":{"line":43,"column":6}},"locations":[{"start":{"line":40,"column":-1},"end":{"line":43,"column":6}}]},"12":{"type":"branch","line":43,"loc":{"start":{"line":43,"column":6},"end":{"line":47,"column":16}},"locations":[{"start":{"line":43,"column":6},"end":{"line":47,"column":16}}]},"13":{"type":"branch","line":47,"loc":{"start":{"line":47,"column":16},"end":{"line":47,"column":68}},"locations":[{"start":{"line":47,"column":16},"end":{"line":47,"column":68}}]},"14":{"type":"branch","line":48,"loc":{"start":{"line":48,"column":-1},"end":{"line":53,"column":3}},"locations":[{"start":{"line":48,"column":-1},"end":{"line":53,"column":3}}]}},"b":{"0":[1],"1":[3],"2":[1],"3":[2],"4":[1],"5":[0],"6":[4],"7":[1],"8":[3],"9":[1],"10":[1],"11":[3],"12":[1],"13":[0],"14":[1]},"fnMap":{"0":{"name":"adminLogin","decl":{"start":{"line":5,"column":26},"end":{"line":33,"column":1}},"loc":{"start":{"line":5,"column":26},"end":{"line":33,"column":1}},"line":5},"1":{"name":"adminMe","decl":{"start":{"line":35,"column":23},"end":{"line":54,"column":1}},"loc":{"start":{"line":35,"column":23},"end":{"line":54,"column":1}},"line":35}},"f":{"0":3,"1":4}}
,"/Users/petermurray/Desktop/Dissertation/PropertyApp/backend/controllers/agencyController.js": {"path":"/Users/petermurray/Desktop/Dissertation/PropertyApp/backend/controllers/agencyController.js","all":false,"statementMap":{"0":{"start":{"line":1,"column":0},"end":{"line":1,"column":28}},"1":{"start":{"line":2,"column":0},"end":{"line":2,"column":31}},"2":{"start":{"line":3,"column":0},"end":{"line":3,"column":38}},"3":{"start":{"line":4,"column":0},"end":{"line":4,"column":0}},"4":{"start":{"line":5,"column":0},"end":{"line":5,"column":51}},"5":{"start":{"line":6,"column":0},"end":{"line":6,"column":74}},"6":{"start":{"line":7,"column":0},"end":{"line":7,"column":0}},"7":{"start":{"line":8,"column":0},"end":{"line":8,"column":7}},"8":{"start":{"line":9,"column":0},"end":{"line":9,"column":57}},"9":{"start":{"line":10,"column":0},"end":{"line":10,"column":18}},"10":{"start":{"line":11,"column":0},"end":{"line":11,"column":244}},"11":{"start":{"line":12,"column":0},"end":{"line":12,"column":0}},"12":{"start":{"line":13,"column":0},"end":{"line":13,"column":29}},"13":{"start":{"line":14,"column":0},"end":{"line":14,"column":27}},"14":{"start":{"line":15,"column":0},"end":{"line":15,"column":7}},"15":{"start":{"line":16,"column":0},"end":{"line":16,"column":28}},"16":{"start":{"line":17,"column":0},"end":{"line":17,"column":22}},"17":{"start":{"line":18,"column":0},"end":{"line":18,"column":8}},"18":{"start":{"line":19,"column":0},"end":{"line":19,"column":29}},"19":{"start":{"line":20,"column":0},"end":{"line":20,"column":7}},"20":{"start":{"line":21,"column":0},"end":{"line":21,"column":24}},"21":{"start":{"line":22,"column":0},"end":{"line":22,"column":7}},"22":{"start":{"line":23,"column":0},"end":{"line":23,"column":6}},"23":{"start":{"line":24,"column":0},"end":{"line":24,"column":44}},"24":{"start":{"line":25,"column":0},"end":{"line":25,"column":17}},"25":{"start":{"line":26,"column":0},"end":{"line":26,"column":51}},"26":{"start":{"line":27,"column":0},"end":{"line":27,"column":65}},"27":{"start":{"line":28,"column":0},"end":{"line":28,"column":3}},"28":{"start":{"line":29,"column":0},"end":{"line":29,"column":2}},"29":{"start":{"line":30,"column":0},"end":{"line":30,"column":0}},"30":{"start":{"line":31,"column":0},"end":{"line":31,"column":48}},"31":{"start":{"line":32,"column":0},"end":{"line":32,"column":44}},"32":{"start":{"line":33,"column":0},"end":{"line":33,"column":0}},"33":{"start":{"line":34,"column":0},"end":{"line":34,"column":7}},"34":{"start":{"line":35,"column":0},"end":{"line":35,"column":18}},"35":{"start":{"line":36,"column":0},"end":{"line":36,"column":75}},"36":{"start":{"line":37,"column":0},"end":{"line":37,"column":29}},"37":{"start":{"line":38,"column":0},"end":{"line":38,"column":0}},"38":{"start":{"line":39,"column":0},"end":{"line":39,"column":79}},"39":{"start":{"line":40,"column":0},"end":{"line":40,"column":0}},"40":{"start":{"line":41,"column":0},"end":{"line":41,"column":70}},"41":{"start":{"line":42,"column":0},"end":{"line":42,"column":78}},"42":{"start":{"line":43,"column":0},"end":{"line":43,"column":0}},"43":{"start":{"line":44,"column":0},"end":{"line":44,"column":27}},"44":{"start":{"line":45,"column":0},"end":{"line":45,"column":45}},"45":{"start":{"line":46,"column":0},"end":{"line":46,"column":29}},"46":{"start":{"line":47,"column":0},"end":{"line":47,"column":26}},"47":{"start":{"line":48,"column":0},"end":{"line":48,"column":6}},"48":{"start":{"line":49,"column":0},"end":{"line":49,"column":44}},"49":{"start":{"line":50,"column":0},"end":{"line":50,"column":17}},"50":{"start":{"line":51,"column":0},"end":{"line":51,"column":43}},"51":{"start":{"line":52,"column":0},"end":{"line":52,"column":52}},"52":{"start":{"line":53,"column":0},"end":{"line":53,"column":3}},"53":{"start":{"line":54,"column":0},"end":{"line":54,"column":2}},"54":{"start":{"line":55,"column":0},"end":{"line":55,"column":0}},"55":{"start":{"line":56,"column":0},"end":{"line":56,"column":58}},"56":{"start":{"line":57,"column":0},"end":{"line":57,"column":40}},"57":{"start":{"line":58,"column":0},"end":{"line":58,"column":0}},"58":{"start":{"line":59,"column":0},"end":{"line":59,"column":46}},"59":{"start":{"line":60,"column":0},"end":{"line":60,"column":37}},"60":{"start":{"line":61,"column":0},"end":{"line":61,"column":47}},"61":{"start":{"line":62,"column":0},"end":{"line":62,"column":46}},"62":{"start":{"line":63,"column":0},"end":{"line":63,"column":0}},"63":{"start":{"line":64,"column":0},"end":{"line":64,"column":56}},"64":{"start":{"line":65,"column":0},"end":{"line":65,"column":58}},"65":{"start":{"line":66,"column":0},"end":{"line":66,"column":36}},"66":{"start":{"line":67,"column":0},"end":{"line":67,"column":0}},"67":{"start":{"line":68,"column":0},"end":{"line":68,"column":7}},"68":{"start":{"line":69,"column":0},"end":{"line":69,"column":33}},"69":{"start":{"line":70,"column":0},"end":{"line":70,"column":14}},"70":{"start":{"line":71,"column":0},"end":{"line":71,"column":21}},"71":{"start":{"line":72,"column":0},"end":{"line":72,"column":34}},"72":{"start":{"line":73,"column":0},"end":{"line":73,"column":30}},"73":{"start":{"line":74,"column":0},"end":{"line":74,"column":38}},"74":{"start":{"line":75,"column":0},"end":{"line":75,"column":6}},"75":{"start":{"line":76,"column":0},"end":{"line":76,"column":0}},"76":{"start":{"line":77,"column":0},"end":{"line":77,"column":46}},"77":{"start":{"line":78,"column":0},"end":{"line":78,"column":35}},"78":{"start":{"line":79,"column":0},"end":{"line":79,"column":21}},"79":{"start":{"line":80,"column":0},"end":{"line":80,"column":35}},"80":{"start":{"line":81,"column":0},"end":{"line":81,"column":6}},"81":{"start":{"line":82,"column":0},"end":{"line":82,"column":0}},"82":{"start":{"line":83,"column":0},"end":{"line":83,"column":60}},"83":{"start":{"line":84,"column":0},"end":{"line":84,"column":35}},"84":{"start":{"line":85,"column":0},"end":{"line":85,"column":54}},"85":{"start":{"line":86,"column":0},"end":{"line":86,"column":5}},"86":{"start":{"line":87,"column":0},"end":{"line":87,"column":0}},"87":{"start":{"line":88,"column":0},"end":{"line":88,"column":29}},"88":{"start":{"line":89,"column":0},"end":{"line":89,"column":35}},"89":{"start":{"line":90,"column":0},"end":{"line":90,"column":17}},"90":{"start":{"line":91,"column":0},"end":{"line":91,"column":56}},"91":{"start":{"line":92,"column":0},"end":{"line":92,"column":31}},"92":{"start":{"line":93,"column":0},"end":{"line":93,"column":6}},"93":{"start":{"line":94,"column":0},"end":{"line":94,"column":0}},"94":{"start":{"line":95,"column":0},"end":{"line":95,"column":33}},"95":{"start":{"line":96,"column":0},"end":{"line":96,"column":31}},"96":{"start":{"line":97,"column":0},"end":{"line":97,"column":42}},"97":{"start":{"line":98,"column":0},"end":{"line":98,"column":56}},"98":{"start":{"line":99,"column":0},"end":{"line":99,"column":46}},"99":{"start":{"line":100,"column":0},"end":{"line":100,"column":5}},"100":{"start":{"line":101,"column":0},"end":{"line":101,"column":0}},"101":{"start":{"line":102,"column":0},"end":{"line":102,"column":57}},"102":{"start":{"line":103,"column":0},"end":{"line":103,"column":11}},"103":{"start":{"line":104,"column":0},"end":{"line":104,"column":52}},"104":{"start":{"line":105,"column":0},"end":{"line":105,"column":8}},"105":{"start":{"line":106,"column":0},"end":{"line":106,"column":0}},"106":{"start":{"line":107,"column":0},"end":{"line":107,"column":33}},"107":{"start":{"line":108,"column":0},"end":{"line":108,"column":39}},"108":{"start":{"line":109,"column":0},"end":{"line":109,"column":17}},"109":{"start":{"line":110,"column":0},"end":{"line":110,"column":11}},"110":{"start":{"line":111,"column":0},"end":{"line":111,"column":12}},"111":{"start":{"line":112,"column":0},"end":{"line":112,"column":7}},"112":{"start":{"line":113,"column":0},"end":{"line":113,"column":17}},"113":{"start":{"line":114,"column":0},"end":{"line":114,"column":59}},"114":{"start":{"line":115,"column":0},"end":{"line":115,"column":73}},"115":{"start":{"line":116,"column":0},"end":{"line":116,"column":3}},"116":{"start":{"line":117,"column":0},"end":{"line":117,"column":2}},"117":{"start":{"line":118,"column":0},"end":{"line":118,"column":0}},"118":{"start":{"line":119,"column":0},"end":{"line":119,"column":48}},"119":{"start":{"line":120,"column":0},"end":{"line":120,"column":7}},"120":{"start":{"line":121,"column":0},"end":{"line":121,"column":79}},"121":{"start":{"line":122,"column":0},"end":{"line":122,"column":34}},"122":{"start":{"line":123,"column":0},"end":{"line":123,"column":16}},"123":{"start":{"line":124,"column":0},"end":{"line":124,"column":149}},"124":{"start":{"line":125,"column":0},"end":{"line":125,"column":26}},"125":{"start":{"line":126,"column":0},"end":{"line":126,"column":65}},"126":{"start":{"line":127,"column":0},"end":{"line":127,"column":0}},"127":{"start":{"line":128,"column":0},"end":{"line":128,"column":27}},"128":{"start":{"line":129,"column":0},"end":{"line":129,"column":44}},"129":{"start":{"line":130,"column":0},"end":{"line":130,"column":17}},"130":{"start":{"line":131,"column":0},"end":{"line":131,"column":45}},"131":{"start":{"line":132,"column":0},"end":{"line":132,"column":69}},"132":{"start":{"line":133,"column":0},"end":{"line":133,"column":3}},"133":{"start":{"line":134,"column":0},"end":{"line":134,"column":2}},"134":{"start":{"line":135,"column":0},"end":{"line":135,"column":0}},"135":{"start":{"line":136,"column":0},"end":{"line":136,"column":49}},"136":{"start":{"line":137,"column":0},"end":{"line":137,"column":7}},"137":{"start":{"line":138,"column":0},"end":{"line":138,"column":27}},"138":{"start":{"line":139,"column":0},"end":{"line":139,"column":35}},"139":{"start":{"line":140,"column":0},"end":{"line":140,"column":16}},"140":{"start":{"line":141,"column":0},"end":{"line":141,"column":34}},"141":{"start":{"line":142,"column":0},"end":{"line":142,"column":45}},"142":{"start":{"line":143,"column":0},"end":{"line":143,"column":17}},"143":{"start":{"line":144,"column":0},"end":{"line":144,"column":49}},"144":{"start":{"line":145,"column":0},"end":{"line":145,"column":64}},"145":{"start":{"line":146,"column":0},"end":{"line":146,"column":3}},"146":{"start":{"line":147,"column":0},"end":{"line":147,"column":2}},"147":{"start":{"line":148,"column":0},"end":{"line":148,"column":0}},"148":{"start":{"line":149,"column":0},"end":{"line":149,"column":49}},"149":{"start":{"line":150,"column":0},"end":{"line":150,"column":9}},"150":{"start":{"line":151,"column":0},"end":{"line":151,"column":16}},"151":{"start":{"line":152,"column":0},"end":{"line":152,"column":17}},"152":{"start":{"line":153,"column":0},"end":{"line":153,"column":10}},"153":{"start":{"line":154,"column":0},"end":{"line":154,"column":13}},"154":{"start":{"line":155,"column":0},"end":{"line":155,"column":26}},"155":{"start":{"line":156,"column":0},"end":{"line":156,"column":22}},"156":{"start":{"line":157,"column":0},"end":{"line":157,"column":12}},"157":{"start":{"line":158,"column":0},"end":{"line":158,"column":15}},"158":{"start":{"line":159,"column":0},"end":{"line":159,"column":32}},"159":{"start":{"line":160,"column":0},"end":{"line":160,"column":0}},"160":{"start":{"line":161,"column":0},"end":{"line":161,"column":60}},"161":{"start":{"line":162,"column":0},"end":{"line":162,"column":65}},"162":{"start":{"line":163,"column":0},"end":{"line":163,"column":0}},"163":{"start":{"line":164,"column":0},"end":{"line":164,"column":39}},"164":{"start":{"line":165,"column":0},"end":{"line":165,"column":0}},"165":{"start":{"line":166,"column":0},"end":{"line":166,"column":52}},"166":{"start":{"line":167,"column":0},"end":{"line":167,"column":60}},"167":{"start":{"line":168,"column":0},"end":{"line":168,"column":3}},"168":{"start":{"line":169,"column":0},"end":{"line":169,"column":0}},"169":{"start":{"line":170,"column":0},"end":{"line":170,"column":34}},"170":{"start":{"line":171,"column":0},"end":{"line":171,"column":67}},"171":{"start":{"line":172,"column":0},"end":{"line":172,"column":3}},"172":{"start":{"line":173,"column":0},"end":{"line":173,"column":0}},"173":{"start":{"line":174,"column":0},"end":{"line":174,"column":7}},"174":{"start":{"line":175,"column":0},"end":{"line":175,"column":78}},"175":{"start":{"line":176,"column":0},"end":{"line":176,"column":31}},"176":{"start":{"line":177,"column":0},"end":{"line":177,"column":0}},"177":{"start":{"line":178,"column":0},"end":{"line":178,"column":18}},"178":{"start":{"line":179,"column":0},"end":{"line":179,"column":58}},"179":{"start":{"line":180,"column":0},"end":{"line":180,"column":5}},"180":{"start":{"line":181,"column":0},"end":{"line":181,"column":0}},"181":{"start":{"line":182,"column":0},"end":{"line":182,"column":47}},"182":{"start":{"line":183,"column":0},"end":{"line":183,"column":28}},"183":{"start":{"line":184,"column":0},"end":{"line":184,"column":35}},"184":{"start":{"line":185,"column":0},"end":{"line":185,"column":18}},"185":{"start":{"line":186,"column":0},"end":{"line":186,"column":22}},"186":{"start":{"line":187,"column":0},"end":{"line":187,"column":79}},"187":{"start":{"line":188,"column":0},"end":{"line":188,"column":7}},"188":{"start":{"line":189,"column":0},"end":{"line":189,"column":0}},"189":{"start":{"line":190,"column":0},"end":{"line":190,"column":49}},"190":{"start":{"line":191,"column":0},"end":{"line":191,"column":30}},"191":{"start":{"line":192,"column":0},"end":{"line":192,"column":28}},"192":{"start":{"line":193,"column":0},"end":{"line":193,"column":8}},"193":{"start":{"line":194,"column":0},"end":{"line":194,"column":27}},"194":{"start":{"line":195,"column":0},"end":{"line":195,"column":75}},"195":{"start":{"line":196,"column":0},"end":{"line":196,"column":7}},"196":{"start":{"line":197,"column":0},"end":{"line":197,"column":0}},"197":{"start":{"line":198,"column":0},"end":{"line":198,"column":44}},"198":{"start":{"line":199,"column":0},"end":{"line":199,"column":67}},"199":{"start":{"line":200,"column":0},"end":{"line":200,"column":5}},"200":{"start":{"line":201,"column":0},"end":{"line":201,"column":0}},"201":{"start":{"line":202,"column":0},"end":{"line":202,"column":38}},"202":{"start":{"line":203,"column":0},"end":{"line":203,"column":23}},"203":{"start":{"line":204,"column":0},"end":{"line":204,"column":55}},"204":{"start":{"line":205,"column":0},"end":{"line":205,"column":58}},"205":{"start":{"line":206,"column":0},"end":{"line":206,"column":63}},"206":{"start":{"line":207,"column":0},"end":{"line":207,"column":37}},"207":{"start":{"line":208,"column":0},"end":{"line":208,"column":46}},"208":{"start":{"line":209,"column":0},"end":{"line":209,"column":42}},"209":{"start":{"line":210,"column":0},"end":{"line":210,"column":26}},"210":{"start":{"line":211,"column":0},"end":{"line":211,"column":69}},"211":{"start":{"line":212,"column":0},"end":{"line":212,"column":6}},"212":{"start":{"line":213,"column":0},"end":{"line":213,"column":40}},"213":{"start":{"line":214,"column":0},"end":{"line":214,"column":17}},"214":{"start":{"line":215,"column":0},"end":{"line":215,"column":46}},"215":{"start":{"line":216,"column":0},"end":{"line":216,"column":63}},"216":{"start":{"line":217,"column":0},"end":{"line":217,"column":3}},"217":{"start":{"line":218,"column":0},"end":{"line":218,"column":2}},"218":{"start":{"line":219,"column":0},"end":{"line":219,"column":0}},"219":{"start":{"line":220,"column":0},"end":{"line":220,"column":49}},"220":{"start":{"line":221,"column":0},"end":{"line":221,"column":32}},"221":{"start":{"line":222,"column":0},"end":{"line":222,"column":7}},"222":{"start":{"line":223,"column":0},"end":{"line":223,"column":80}},"223":{"start":{"line":224,"column":0},"end":{"line":224,"column":51}},"224":{"start":{"line":225,"column":0},"end":{"line":225,"column":27}},"225":{"start":{"line":226,"column":0},"end":{"line":226,"column":17}},"226":{"start":{"line":227,"column":0},"end":{"line":227,"column":46}},"227":{"start":{"line":228,"column":0},"end":{"line":228,"column":70}},"228":{"start":{"line":229,"column":0},"end":{"line":229,"column":3}},"229":{"start":{"line":230,"column":0},"end":{"line":230,"column":2}},"230":{"start":{"line":231,"column":0},"end":{"line":231,"column":0}},"231":{"start":{"line":232,"column":0},"end":{"line":232,"column":57}},"232":{"start":{"line":233,"column":0},"end":{"line":233,"column":41}},"233":{"start":{"line":234,"column":0},"end":{"line":234,"column":56}},"234":{"start":{"line":235,"column":0},"end":{"line":235,"column":73}},"235":{"start":{"line":236,"column":0},"end":{"line":236,"column":36}},"236":{"start":{"line":237,"column":0},"end":{"line":237,"column":0}},"237":{"start":{"line":238,"column":0},"end":{"line":238,"column":7}},"238":{"start":{"line":239,"column":0},"end":{"line":239,"column":32}},"239":{"start":{"line":240,"column":0},"end":{"line":240,"column":12}},"240":{"start":{"line":241,"column":0},"end":{"line":241,"column":13}},"241":{"start":{"line":242,"column":0},"end":{"line":242,"column":18}},"242":{"start":{"line":243,"column":0},"end":{"line":243,"column":21}},"243":{"start":{"line":244,"column":0},"end":{"line":244,"column":17}},"244":{"start":{"line":245,"column":0},"end":{"line":245,"column":22}},"245":{"start":{"line":246,"column":0},"end":{"line":246,"column":40}},"246":{"start":{"line":247,"column":0},"end":{"line":247,"column":37}},"247":{"start":{"line":248,"column":0},"end":{"line":248,"column":61}},"248":{"start":{"line":249,"column":0},"end":{"line":249,"column":56}},"249":{"start":{"line":250,"column":0},"end":{"line":250,"column":22}},"250":{"start":{"line":251,"column":0},"end":{"line":251,"column":47}},"251":{"start":{"line":252,"column":0},"end":{"line":252,"column":43}},"252":{"start":{"line":253,"column":0},"end":{"line":253,"column":37}},"253":{"start":{"line":254,"column":0},"end":{"line":254,"column":32}},"254":{"start":{"line":255,"column":0},"end":{"line":255,"column":38}},"255":{"start":{"line":256,"column":0},"end":{"line":256,"column":6}},"256":{"start":{"line":257,"column":0},"end":{"line":257,"column":0}},"257":{"start":{"line":258,"column":0},"end":{"line":258,"column":34}},"258":{"start":{"line":259,"column":0},"end":{"line":259,"column":35}},"259":{"start":{"line":260,"column":0},"end":{"line":260,"column":20}},"260":{"start":{"line":261,"column":0},"end":{"line":261,"column":36}},"261":{"start":{"line":262,"column":0},"end":{"line":262,"column":6}},"262":{"start":{"line":263,"column":0},"end":{"line":263,"column":0}},"263":{"start":{"line":264,"column":0},"end":{"line":264,"column":42}},"264":{"start":{"line":265,"column":0},"end":{"line":265,"column":17}},"265":{"start":{"line":266,"column":0},"end":{"line":266,"column":27}},"266":{"start":{"line":267,"column":0},"end":{"line":267,"column":32}},"267":{"start":{"line":268,"column":0},"end":{"line":268,"column":25}},"268":{"start":{"line":269,"column":0},"end":{"line":269,"column":34}},"269":{"start":{"line":270,"column":0},"end":{"line":270,"column":46}},"270":{"start":{"line":271,"column":0},"end":{"line":271,"column":40}},"271":{"start":{"line":272,"column":0},"end":{"line":272,"column":39}},"272":{"start":{"line":273,"column":0},"end":{"line":273,"column":32}},"273":{"start":{"line":274,"column":0},"end":{"line":274,"column":8}},"274":{"start":{"line":275,"column":0},"end":{"line":275,"column":0}},"275":{"start":{"line":276,"column":0},"end":{"line":276,"column":33}},"276":{"start":{"line":277,"column":0},"end":{"line":277,"column":20}},"277":{"start":{"line":278,"column":0},"end":{"line":278,"column":22}},"278":{"start":{"line":279,"column":0},"end":{"line":279,"column":11}},"279":{"start":{"line":280,"column":0},"end":{"line":280,"column":12}},"280":{"start":{"line":281,"column":0},"end":{"line":281,"column":24}},"281":{"start":{"line":282,"column":0},"end":{"line":282,"column":7}},"282":{"start":{"line":283,"column":0},"end":{"line":283,"column":17}},"283":{"start":{"line":284,"column":0},"end":{"line":284,"column":55}},"284":{"start":{"line":285,"column":0},"end":{"line":285,"column":33}},"285":{"start":{"line":286,"column":0},"end":{"line":286,"column":21}},"286":{"start":{"line":287,"column":0},"end":{"line":287,"column":41}},"287":{"start":{"line":288,"column":0},"end":{"line":288,"column":7}},"288":{"start":{"line":289,"column":0},"end":{"line":289,"column":3}},"289":{"start":{"line":290,"column":0},"end":{"line":290,"column":2}},"290":{"start":{"line":291,"column":0},"end":{"line":291,"column":0}},"291":{"start":{"line":292,"column":0},"end":{"line":292,"column":56}},"292":{"start":{"line":293,"column":0},"end":{"line":293,"column":47}},"293":{"start":{"line":294,"column":0},"end":{"line":294,"column":44}},"294":{"start":{"line":295,"column":0},"end":{"line":295,"column":0}},"295":{"start":{"line":296,"column":0},"end":{"line":296,"column":18}},"296":{"start":{"line":297,"column":0},"end":{"line":297,"column":30}},"297":{"start":{"line":298,"column":0},"end":{"line":298,"column":29}},"298":{"start":{"line":299,"column":0},"end":{"line":299,"column":34}},"299":{"start":{"line":300,"column":0},"end":{"line":300,"column":0}},"300":{"start":{"line":301,"column":0},"end":{"line":301,"column":49}},"301":{"start":{"line":302,"column":0},"end":{"line":302,"column":30}},"302":{"start":{"line":303,"column":0},"end":{"line":303,"column":0}},"303":{"start":{"line":304,"column":0},"end":{"line":304,"column":62}},"304":{"start":{"line":305,"column":0},"end":{"line":305,"column":77}},"305":{"start":{"line":306,"column":0},"end":{"line":306,"column":3}},"306":{"start":{"line":307,"column":0},"end":{"line":307,"column":0}},"307":{"start":{"line":308,"column":0},"end":{"line":308,"column":66}},"308":{"start":{"line":309,"column":0},"end":{"line":309,"column":57}},"309":{"start":{"line":310,"column":0},"end":{"line":310,"column":20}},"310":{"start":{"line":311,"column":0},"end":{"line":311,"column":24}},"311":{"start":{"line":312,"column":0},"end":{"line":312,"column":15}},"312":{"start":{"line":313,"column":0},"end":{"line":313,"column":43}},"313":{"start":{"line":314,"column":0},"end":{"line":314,"column":16}},"314":{"start":{"line":315,"column":0},"end":{"line":315,"column":7}},"315":{"start":{"line":316,"column":0},"end":{"line":316,"column":14}},"316":{"start":{"line":317,"column":0},"end":{"line":317,"column":18}},"317":{"start":{"line":318,"column":0},"end":{"line":318,"column":72}},"318":{"start":{"line":319,"column":0},"end":{"line":319,"column":3}},"319":{"start":{"line":320,"column":0},"end":{"line":320,"column":0}},"320":{"start":{"line":321,"column":0},"end":{"line":321,"column":7}},"321":{"start":{"line":322,"column":0},"end":{"line":322,"column":28}},"322":{"start":{"line":323,"column":0},"end":{"line":323,"column":22}},"323":{"start":{"line":324,"column":0},"end":{"line":324,"column":28}},"324":{"start":{"line":325,"column":0},"end":{"line":325,"column":57}},"325":{"start":{"line":326,"column":0},"end":{"line":326,"column":63}},"326":{"start":{"line":327,"column":0},"end":{"line":327,"column":6}},"327":{"start":{"line":328,"column":0},"end":{"line":328,"column":0}},"328":{"start":{"line":329,"column":0},"end":{"line":329,"column":15}},"329":{"start":{"line":330,"column":0},"end":{"line":330,"column":16}},"330":{"start":{"line":331,"column":0},"end":{"line":331,"column":20}},"331":{"start":{"line":332,"column":0},"end":{"line":332,"column":62}},"332":{"start":{"line":333,"column":0},"end":{"line":333,"column":5}},"333":{"start":{"line":334,"column":0},"end":{"line":334,"column":0}},"334":{"start":{"line":335,"column":0},"end":{"line":335,"column":33}},"335":{"start":{"line":336,"column":0},"end":{"line":336,"column":20}},"336":{"start":{"line":337,"column":0},"end":{"line":337,"column":13}},"337":{"start":{"line":338,"column":0},"end":{"line":338,"column":19}},"338":{"start":{"line":339,"column":0},"end":{"line":339,"column":27}},"339":{"start":{"line":340,"column":0},"end":{"line":340,"column":32}},"340":{"start":{"line":341,"column":0},"end":{"line":341,"column":36}},"341":{"start":{"line":342,"column":0},"end":{"line":342,"column":34}},"342":{"start":{"line":343,"column":0},"end":{"line":343,"column":8}},"343":{"start":{"line":344,"column":0},"end":{"line":344,"column":7}},"344":{"start":{"line":345,"column":0},"end":{"line":345,"column":17}},"345":{"start":{"line":346,"column":0},"end":{"line":346,"column":54}},"346":{"start":{"line":347,"column":0},"end":{"line":347,"column":14}},"347":{"start":{"line":348,"column":0},"end":{"line":348,"column":18}},"348":{"start":{"line":349,"column":0},"end":{"line":349,"column":66}},"349":{"start":{"line":350,"column":0},"end":{"line":350,"column":3}},"350":{"start":{"line":351,"column":0},"end":{"line":351,"column":2}}},"s":{"0":1,"1":1,"2":1,"3":1,"4":1,"5":2,"6":2,"7":2,"8":2,"9":2,"10":2,"11":1,"12":1,"13":1,"14":1,"15":1,"16":1,"17":1,"18":1,"19":1,"20":1,"21":1,"22":1,"23":1,"24":1,"25":1,"26":1,"27":1,"28":1,"29":1,"30":1,"31":4,"32":4,"33":4,"34":4,"35":4,"36":3,"37":3,"38":4,"39":2,"40":2,"41":4,"42":1,"43":1,"44":1,"45":1,"46":1,"47":1,"48":1,"49":1,"50":1,"51":1,"52":1,"53":1,"54":1,"55":1,"56":3,"57":3,"58":3,"59":3,"60":3,"61":3,"62":3,"63":3,"64":3,"65":3,"66":3,"67":3,"68":3,"69":3,"70":3,"71":3,"72":3,"73":3,"74":3,"75":2,"76":2,"77":2,"78":2,"79":2,"80":2,"81":2,"82":2,"83":3,"84":1,"85":1,"86":1,"87":1,"88":1,"89":1,"90":1,"91":1,"92":1,"93":1,"94":1,"95":3,"96":3,"97":3,"98":3,"99":3,"100":1,"101":1,"102":2,"103":2,"104":1,"105":1,"106":1,"107":1,"108":1,"109":1,"110":1,"111":1,"112":1,"113":1,"114":1,"115":1,"116":1,"117":1,"118":1,"119":4,"120":4,"121":3,"122":3,"123":3,"124":2,"125":4,"126":1,"127":1,"128":1,"129":1,"130":1,"131":1,"132":1,"133":1,"134":1,"135":1,"136":2,"137":2,"138":2,"139":2,"140":2,"141":1,"142":1,"143":1,"144":1,"145":1,"146":1,"147":1,"148":1,"149":6,"150":6,"151":6,"152":6,"153":6,"154":6,"155":6,"156":6,"157":6,"158":6,"159":6,"160":6,"161":6,"162":6,"163":6,"164":6,"165":6,"166":0,"167":0,"168":6,"169":6,"170":0,"171":0,"172":6,"173":6,"174":6,"175":5,"176":5,"177":6,"178":1,"179":1,"180":4,"181":4,"182":6,"183":3,"184":1,"185":1,"186":1,"187":1,"188":2,"189":2,"190":2,"191":2,"192":2,"193":3,"194":1,"195":1,"196":1,"197":1,"198":1,"199":1,"200":2,"201":2,"202":2,"203":6,"204":6,"205":6,"206":6,"207":6,"208":6,"209":6,"210":6,"211":6,"212":2,"213":6,"214":1,"215":1,"216":1,"217":1,"218":1,"219":1,"220":3,"221":3,"222":3,"223":3,"224":1,"225":1,"226":1,"227":1,"228":1,"229":1,"230":1,"231":1,"232":2,"233":2,"234":2,"235":2,"236":2,"237":2,"238":2,"239":2,"240":2,"241":2,"242":2,"243":2,"244":2,"245":2,"246":2,"247":2,"248":2,"249":2,"250":2,"251":2,"252":2,"253":2,"254":2,"255":2,"256":1,"257":1,"258":1,"259":1,"260":1,"261":1,"262":1,"263":1,"264":1,"265":1,"266":1,"267":1,"268":1,"269":1,"270":1,"271":1,"272":1,"273":1,"274":1,"275":1,"276":1,"277":1,"278":1,"279":1,"280":1,"281":1,"282":1,"283":1,"284":1,"285":1,"286":1,"287":1,"288":1,"289":1,"290":1,"291":1,"292":5,"293":5,"294":5,"295":5,"296":5,"297":5,"298":5,"299":5,"300":5,"301":5,"302":5,"303":5,"304":1,"305":1,"306":4,"307":5,"308":1,"309":1,"310":1,"311":1,"312":1,"313":1,"314":1,"315":1,"316":1,"317":1,"318":1,"319":3,"320":3,"321":3,"322":3,"323":3,"324":3,"325":3,"326":3,"327":2,"328":5,"329":1,"330":1,"331":1,"332":1,"333":1,"334":1,"335":1,"336":1,"337":1,"338":1,"339":1,"340":1,"341":1,"342":1,"343":1,"344":1,"345":1,"346":1,"347":1,"348":1,"349":1,"350":1},"branchMap":{"0":{"type":"branch","line":1,"loc":{"start":{"line":1,"column":0},"end":{"line":351,"column":2}},"locations":[{"start":{"line":1,"column":0},"end":{"line":351,"column":2}}]},"1":{"type":"branch","line":5,"loc":{"start":{"line":5,"column":30},"end":{"line":29,"column":1}},"locations":[{"start":{"line":5,"column":30},"end":{"line":29,"column":1}}]},"2":{"type":"branch","line":12,"loc":{"start":{"line":12,"column":-1},"end":{"line":28,"column":3}},"locations":[{"start":{"line":12,"column":-1},"end":{"line":28,"column":3}}]},"3":{"type":"branch","line":31,"loc":{"start":{"line":31,"column":27},"end":{"line":54,"column":1}},"locations":[{"start":{"line":31,"column":27},"end":{"line":54,"column":1}}]},"4":{"type":"branch","line":37,"loc":{"start":{"line":37,"column":-1},"end":{"line":39,"column":17}},"locations":[{"start":{"line":37,"column":-1},"end":{"line":39,"column":17}}]},"5":{"type":"branch","line":39,"loc":{"start":{"line":39,"column":17},"end":{"line":39,"column":79}},"locations":[{"start":{"line":39,"column":17},"end":{"line":39,"column":79}}]},"6":{"type":"branch","line":40,"loc":{"start":{"line":40,"column":-1},"end":{"line":42,"column":16}},"locations":[{"start":{"line":40,"column":-1},"end":{"line":42,"column":16}}]},"7":{"type":"branch","line":42,"loc":{"start":{"line":42,"column":16},"end":{"line":53,"column":3}},"locations":[{"start":{"line":42,"column":16},"end":{"line":53,"column":3}}]},"8":{"type":"branch","line":56,"loc":{"start":{"line":56,"column":37},"end":{"line":117,"column":1}},"locations":[{"start":{"line":56,"column":37},"end":{"line":117,"column":1}}]},"9":{"type":"branch","line":64,"loc":{"start":{"line":64,"column":50},"end":{"line":64,"column":54}},"locations":[{"start":{"line":64,"column":50},"end":{"line":64,"column":54}}]},"10":{"type":"branch","line":65,"loc":{"start":{"line":65,"column":52},"end":{"line":65,"column":56}},"locations":[{"start":{"line":65,"column":52},"end":{"line":65,"column":56}}]},"11":{"type":"branch","line":76,"loc":{"start":{"line":76,"column":-1},"end":{"line":84,"column":34}},"locations":[{"start":{"line":76,"column":-1},"end":{"line":84,"column":34}}]},"12":{"type":"branch","line":84,"loc":{"start":{"line":84,"column":34},"end":{"line":96,"column":30}},"locations":[{"start":{"line":84,"column":34},"end":{"line":96,"column":30}}]},"13":{"type":"branch","line":98,"loc":{"start":{"line":98,"column":32},"end":{"line":98,"column":56}},"locations":[{"start":{"line":98,"column":32},"end":{"line":98,"column":56}}]},"14":{"type":"branch","line":101,"loc":{"start":{"line":101,"column":-1},"end":{"line":116,"column":3}},"locations":[{"start":{"line":101,"column":-1},"end":{"line":116,"column":3}}]},"15":{"type":"branch","line":83,"loc":{"start":{"line":83,"column":39},"end":{"line":83,"column":58}},"locations":[{"start":{"line":83,"column":39},"end":{"line":83,"column":58}}]},"16":{"type":"branch","line":102,"loc":{"start":{"line":102,"column":48},"end":{"line":105,"column":6}},"locations":[{"start":{"line":102,"column":48},"end":{"line":105,"column":6}}]},"17":{"type":"branch","line":104,"loc":{"start":{"line":104,"column":46},"end":{"line":104,"column":51}},"locations":[{"start":{"line":104,"column":46},"end":{"line":104,"column":51}}]},"18":{"type":"branch","line":119,"loc":{"start":{"line":119,"column":27},"end":{"line":134,"column":1}},"locations":[{"start":{"line":119,"column":27},"end":{"line":134,"column":1}}]},"19":{"type":"branch","line":121,"loc":{"start":{"line":121,"column":29},"end":{"line":121,"column":79}},"locations":[{"start":{"line":121,"column":29},"end":{"line":121,"column":79}}]},"20":{"type":"branch","line":122,"loc":{"start":{"line":122,"column":-1},"end":{"line":124,"column":149}},"locations":[{"start":{"line":122,"column":-1},"end":{"line":124,"column":149}}]},"21":{"type":"branch","line":125,"loc":{"start":{"line":125,"column":-1},"end":{"line":126,"column":6}},"locations":[{"start":{"line":125,"column":-1},"end":{"line":126,"column":6}}]},"22":{"type":"branch","line":126,"loc":{"start":{"line":126,"column":6},"end":{"line":133,"column":3}},"locations":[{"start":{"line":126,"column":6},"end":{"line":133,"column":3}}]},"23":{"type":"branch","line":136,"loc":{"start":{"line":136,"column":28},"end":{"line":147,"column":1}},"locations":[{"start":{"line":136,"column":28},"end":{"line":147,"column":1}}]},"24":{"type":"branch","line":142,"loc":{"start":{"line":142,"column":-1},"end":{"line":146,"column":3}},"locations":[{"start":{"line":142,"column":-1},"end":{"line":146,"column":3}}]},"25":{"type":"branch","line":149,"loc":{"start":{"line":149,"column":28},"end":{"line":218,"column":1}},"locations":[{"start":{"line":149,"column":28},"end":{"line":218,"column":1}}]},"26":{"type":"branch","line":166,"loc":{"start":{"line":166,"column":19},"end":{"line":166,"column":49}},"locations":[{"start":{"line":166,"column":19},"end":{"line":166,"column":49}}]},"27":{"type":"branch","line":166,"loc":{"start":{"line":166,"column":51},"end":{"line":168,"column":3}},"locations":[{"start":{"line":166,"column":51},"end":{"line":168,"column":3}}]},"28":{"type":"branch","line":170,"loc":{"start":{"line":170,"column":12},"end":{"line":170,"column":31}},"locations":[{"start":{"line":170,"column":12},"end":{"line":170,"column":31}}]},"29":{"type":"branch","line":170,"loc":{"start":{"line":170,"column":33},"end":{"line":172,"column":3}},"locations":[{"start":{"line":170,"column":33},"end":{"line":172,"column":3}}]},"30":{"type":"branch","line":176,"loc":{"start":{"line":176,"column":-1},"end":{"line":178,"column":17}},"locations":[{"start":{"line":176,"column":-1},"end":{"line":178,"column":17}}]},"31":{"type":"branch","line":178,"loc":{"start":{"line":178,"column":17},"end":{"line":180,"column":5}},"locations":[{"start":{"line":178,"column":17},"end":{"line":180,"column":5}}]},"32":{"type":"branch","line":181,"loc":{"start":{"line":181,"column":-1},"end":{"line":183,"column":27}},"locations":[{"start":{"line":181,"column":-1},"end":{"line":183,"column":27}}]},"33":{"type":"branch","line":183,"loc":{"start":{"line":183,"column":27},"end":{"line":200,"column":5}},"locations":[{"start":{"line":183,"column":27},"end":{"line":200,"column":5}}]},"34":{"type":"branch","line":184,"loc":{"start":{"line":184,"column":34},"end":{"line":188,"column":7}},"locations":[{"start":{"line":184,"column":34},"end":{"line":188,"column":7}}]},"35":{"type":"branch","line":189,"loc":{"start":{"line":189,"column":-1},"end":{"line":194,"column":26}},"locations":[{"start":{"line":189,"column":-1},"end":{"line":194,"column":26}}]},"36":{"type":"branch","line":194,"loc":{"start":{"line":194,"column":26},"end":{"line":200,"column":5}},"locations":[{"start":{"line":194,"column":26},"end":{"line":200,"column":5}}]},"37":{"type":"branch","line":201,"loc":{"start":{"line":201,"column":-1},"end":{"line":204,"column":32}},"locations":[{"start":{"line":201,"column":-1},"end":{"line":204,"column":32}}]},"38":{"type":"branch","line":204,"loc":{"start":{"line":204,"column":32},"end":{"line":204,"column":53}},"locations":[{"start":{"line":204,"column":32},"end":{"line":204,"column":53}}]},"39":{"type":"branch","line":205,"loc":{"start":{"line":205,"column":34},"end":{"line":205,"column":56}},"locations":[{"start":{"line":205,"column":34},"end":{"line":205,"column":56}}]},"40":{"type":"branch","line":206,"loc":{"start":{"line":206,"column":38},"end":{"line":206,"column":61}},"locations":[{"start":{"line":206,"column":38},"end":{"line":206,"column":61}}]},"41":{"type":"branch","line":207,"loc":{"start":{"line":207,"column":20},"end":{"line":207,"column":35}},"locations":[{"start":{"line":207,"column":20},"end":{"line":207,"column":35}}]},"42":{"type":"branch","line":208,"loc":{"start":{"line":208,"column":26},"end":{"line":208,"column":44}},"locations":[{"start":{"line":208,"column":26},"end":{"line":208,"column":44}}]},"43":{"type":"branch","line":209,"loc":{"start":{"line":209,"column":24},"end":{"line":209,"column":41}},"locations":[{"start":{"line":209,"column":24},"end":{"line":209,"column":41}}]},"44":{"type":"branch","line":213,"loc":{"start":{"line":213,"column":-1},"end":{"line":214,"column":4}},"locations":[{"start":{"line":213,"column":-1},"end":{"line":214,"column":4}}]},"45":{"type":"branch","line":214,"loc":{"start":{"line":214,"column":4},"end":{"line":217,"column":3}},"locations":[{"start":{"line":214,"column":4},"end":{"line":217,"column":3}}]},"46":{"type":"branch","line":220,"loc":{"start":{"line":220,"column":28},"end":{"line":230,"column":1}},"locations":[{"start":{"line":220,"column":28},"end":{"line":230,"column":1}}]},"47":{"type":"branch","line":224,"loc":{"start":{"line":224,"column":-1},"end":{"line":224,"column":24}},"locations":[{"start":{"line":224,"column":-1},"end":{"line":224,"column":24}}]},"48":{"type":"branch","line":224,"loc":{"start":{"line":224,"column":24},"end":{"line":229,"column":3}},"locations":[{"start":{"line":224,"column":24},"end":{"line":229,"column":3}}]},"49":{"type":"branch","line":232,"loc":{"start":{"line":232,"column":36},"end":{"line":290,"column":1}},"locations":[{"start":{"line":232,"column":36},"end":{"line":290,"column":1}}]},"50":{"type":"branch","line":234,"loc":{"start":{"line":234,"column":50},"end":{"line":234,"column":54}},"locations":[{"start":{"line":234,"column":50},"end":{"line":234,"column":54}}]},"51":{"type":"branch","line":235,"loc":{"start":{"line":235,"column":65},"end":{"line":235,"column":70}},"locations":[{"start":{"line":235,"column":65},"end":{"line":235,"column":70}}]},"52":{"type":"branch","line":257,"loc":{"start":{"line":257,"column":-1},"end":{"line":289,"column":3}},"locations":[{"start":{"line":257,"column":-1},"end":{"line":289,"column":3}}]},"53":{"type":"branch","line":264,"loc":{"start":{"line":264,"column":31},"end":{"line":274,"column":6}},"locations":[{"start":{"line":264,"column":31},"end":{"line":274,"column":6}}]},"54":{"type":"branch","line":292,"loc":{"start":{"line":292,"column":35},"end":{"line":351,"column":1}},"locations":[{"start":{"line":292,"column":35},"end":{"line":351,"column":1}}]},"55":{"type":"branch","line":298,"loc":{"start":{"line":298,"column":6},"end":{"line":298,"column":29}},"locations":[{"start":{"line":298,"column":6},"end":{"line":298,"column":29}}]},"56":{"type":"branch","line":304,"loc":{"start":{"line":304,"column":61},"end":{"line":306,"column":3}},"locations":[{"start":{"line":304,"column":61},"end":{"line":306,"column":3}}]},"57":{"type":"branch","line":307,"loc":{"start":{"line":307,"column":-1},"end":{"line":308,"column":63}},"locations":[{"start":{"line":307,"column":-1},"end":{"line":308,"column":63}}]},"58":{"type":"branch","line":308,"loc":{"start":{"line":308,"column":65},"end":{"line":319,"column":3}},"locations":[{"start":{"line":308,"column":65},"end":{"line":319,"column":3}}]},"59":{"type":"branch","line":320,"loc":{"start":{"line":320,"column":-1},"end":{"line":327,"column":6}},"locations":[{"start":{"line":320,"column":-1},"end":{"line":327,"column":6}}]},"60":{"type":"branch","line":328,"loc":{"start":{"line":328,"column":-1},"end":{"line":329,"column":14}},"locations":[{"start":{"line":328,"column":-1},"end":{"line":329,"column":14}}]},"61":{"type":"branch","line":329,"loc":{"start":{"line":329,"column":14},"end":{"line":350,"column":3}},"locations":[{"start":{"line":329,"column":14},"end":{"line":350,"column":3}}]}},"b":{"0":[1],"1":[2],"2":[1],"3":[4],"4":[3],"5":[1],"6":[2],"7":[1],"8":[3],"9":[2],"10":[2],"11":[2],"12":[1],"13":[2],"14":[1],"15":[2],"16":[2],"17":[0],"18":[4],"19":[1],"20":[3],"21":[2],"22":[1],"23":[2],"24":[1],"25":[6],"26":[1],"27":[0],"28":[1],"29":[0],"30":[5],"31":[1],"32":[4],"33":[3],"34":[1],"35":[2],"36":[1],"37":[2],"38":[1],"39":[1],"40":[0],"41":[1],"42":[2],"43":[1],"44":[2],"45":[1],"46":[3],"47":[2],"48":[1],"49":[2],"50":[1],"51":[1],"52":[1],"53":[1],"54":[5],"55":[0],"56":[1],"57":[4],"58":[1],"59":[3],"60":[2],"61":[1]},"fnMap":{"0":{"name":"registerAgency","decl":{"start":{"line":5,"column":30},"end":{"line":29,"column":1}},"loc":{"start":{"line":5,"column":30},"end":{"line":29,"column":1}},"line":5},"1":{"name":"agencyLogin","decl":{"start":{"line":31,"column":27},"end":{"line":54,"column":1}},"loc":{"start":{"line":31,"column":27},"end":{"line":54,"column":1}},"line":31},"2":{"name":"fetchPropertyByAgency","decl":{"start":{"line":56,"column":37},"end":{"line":117,"column":1}},"loc":{"start":{"line":56,"column":37},"end":{"line":117,"column":1}},"line":56},"3":{"name":"getAgencyMe","decl":{"start":{"line":119,"column":27},"end":{"line":134,"column":1}},"loc":{"start":{"line":119,"column":27},"end":{"line":134,"column":1}},"line":119},"4":{"name":"listAgencies","decl":{"start":{"line":136,"column":28},"end":{"line":147,"column":1}},"loc":{"start":{"line":136,"column":28},"end":{"line":147,"column":1}},"line":136},"5":{"name":"updateAgency","decl":{"start":{"line":149,"column":28},"end":{"line":218,"column":1}},"loc":{"start":{"line":149,"column":28},"end":{"line":218,"column":1}},"line":149},"6":{"name":"deleteAgency","decl":{"start":{"line":220,"column":28},"end":{"line":230,"column":1}},"loc":{"start":{"line":220,"column":28},"end":{"line":230,"column":1}},"line":220},"7":{"name":"fetchAgencyEnquiries","decl":{"start":{"line":232,"column":36},"end":{"line":290,"column":1}},"loc":{"start":{"line":232,"column":36},"end":{"line":290,"column":1}},"line":232},"8":{"name":"updateEnquiryStatus","decl":{"start":{"line":292,"column":35},"end":{"line":351,"column":1}},"loc":{"start":{"line":292,"column":35},"end":{"line":351,"column":1}},"line":292}},"f":{"0":2,"1":4,"2":3,"3":4,"4":2,"5":6,"6":3,"7":2,"8":5}}
,"/Users/petermurray/Desktop/Dissertation/PropertyApp/backend/controllers/authController.js": {"path":"/Users/petermurray/Desktop/Dissertation/PropertyApp/backend/controllers/authController.js","all":false,"statementMap":{"0":{"start":{"line":1,"column":0},"end":{"line":1,"column":28}},"1":{"start":{"line":2,"column":0},"end":{"line":2,"column":31}},"2":{"start":{"line":3,"column":0},"end":{"line":3,"column":38}},"3":{"start":{"line":4,"column":0},"end":{"line":4,"column":0}},"4":{"start":{"line":5,"column":0},"end":{"line":5,"column":45}},"5":{"start":{"line":6,"column":0},"end":{"line":6,"column":55}},"6":{"start":{"line":7,"column":0},"end":{"line":7,"column":50}},"7":{"start":{"line":8,"column":0},"end":{"line":8,"column":0}},"8":{"start":{"line":9,"column":0},"end":{"line":9,"column":7}},"9":{"start":{"line":10,"column":0},"end":{"line":10,"column":51}},"10":{"start":{"line":11,"column":0},"end":{"line":11,"column":18}},"11":{"start":{"line":12,"column":0},"end":{"line":12,"column":214}},"12":{"start":{"line":13,"column":0},"end":{"line":13,"column":13}},"13":{"start":{"line":14,"column":0},"end":{"line":14,"column":0}},"14":{"start":{"line":15,"column":0},"end":{"line":15,"column":53}},"15":{"start":{"line":16,"column":0},"end":{"line":16,"column":23}},"16":{"start":{"line":17,"column":0},"end":{"line":17,"column":50}},"17":{"start":{"line":18,"column":0},"end":{"line":18,"column":12}},"18":{"start":{"line":19,"column":0},"end":{"line":19,"column":20}},"19":{"start":{"line":20,"column":0},"end":{"line":20,"column":73}},"20":{"start":{"line":21,"column":0},"end":{"line":21,"column":14}},"21":{"start":{"line":22,"column":0},"end":{"line":22,"column":8}},"22":{"start":{"line":23,"column":0},"end":{"line":23,"column":16}},"23":{"start":{"line":24,"column":0},"end":{"line":24,"column":20}},"24":{"start":{"line":25,"column":0},"end":{"line":25,"column":72}},"25":{"start":{"line":26,"column":0},"end":{"line":26,"column":5}},"26":{"start":{"line":27,"column":0},"end":{"line":27,"column":0}},"27":{"start":{"line":28,"column":0},"end":{"line":28,"column":28}},"28":{"start":{"line":29,"column":0},"end":{"line":29,"column":20}},"29":{"start":{"line":30,"column":0},"end":{"line":30,"column":81}},"30":{"start":{"line":31,"column":0},"end":{"line":31,"column":12}},"31":{"start":{"line":32,"column":0},"end":{"line":32,"column":8}},"32":{"start":{"line":33,"column":0},"end":{"line":33,"column":35}},"33":{"start":{"line":34,"column":0},"end":{"line":34,"column":72}},"34":{"start":{"line":35,"column":0},"end":{"line":35,"column":9}},"35":{"start":{"line":36,"column":0},"end":{"line":36,"column":5}},"36":{"start":{"line":37,"column":0},"end":{"line":37,"column":0}},"37":{"start":{"line":38,"column":0},"end":{"line":38,"column":27}},"38":{"start":{"line":39,"column":0},"end":{"line":39,"column":63}},"39":{"start":{"line":40,"column":0},"end":{"line":40,"column":29}},"40":{"start":{"line":41,"column":0},"end":{"line":41,"column":7}},"41":{"start":{"line":42,"column":0},"end":{"line":42,"column":24}},"42":{"start":{"line":43,"column":0},"end":{"line":43,"column":7}},"43":{"start":{"line":44,"column":0},"end":{"line":44,"column":6}},"44":{"start":{"line":45,"column":0},"end":{"line":45,"column":26}},"45":{"start":{"line":46,"column":0},"end":{"line":46,"column":12}},"46":{"start":{"line":47,"column":0},"end":{"line":47,"column":13}},"47":{"start":{"line":48,"column":0},"end":{"line":48,"column":20}},"48":{"start":{"line":49,"column":0},"end":{"line":49,"column":29}},"49":{"start":{"line":50,"column":0},"end":{"line":50,"column":26}},"50":{"start":{"line":51,"column":0},"end":{"line":51,"column":41}},"51":{"start":{"line":52,"column":0},"end":{"line":52,"column":8}},"52":{"start":{"line":53,"column":0},"end":{"line":53,"column":7}},"53":{"start":{"line":54,"column":0},"end":{"line":54,"column":17}},"54":{"start":{"line":55,"column":0},"end":{"line":55,"column":31}},"55":{"start":{"line":56,"column":0},"end":{"line":56,"column":61}},"56":{"start":{"line":57,"column":0},"end":{"line":57,"column":12}},"57":{"start":{"line":58,"column":0},"end":{"line":58,"column":44}},"58":{"start":{"line":59,"column":0},"end":{"line":59,"column":62}},"59":{"start":{"line":60,"column":0},"end":{"line":60,"column":5}},"60":{"start":{"line":61,"column":0},"end":{"line":61,"column":3}},"61":{"start":{"line":62,"column":0},"end":{"line":62,"column":2}},"62":{"start":{"line":63,"column":0},"end":{"line":63,"column":0}},"63":{"start":{"line":64,"column":0},"end":{"line":64,"column":42}},"64":{"start":{"line":65,"column":0},"end":{"line":65,"column":39}},"65":{"start":{"line":66,"column":0},"end":{"line":66,"column":7}},"66":{"start":{"line":67,"column":0},"end":{"line":67,"column":73}},"67":{"start":{"line":68,"column":0},"end":{"line":68,"column":27}},"68":{"start":{"line":69,"column":0},"end":{"line":69,"column":14}},"69":{"start":{"line":70,"column":0},"end":{"line":70,"column":74}},"70":{"start":{"line":71,"column":0},"end":{"line":71,"column":0}},"71":{"start":{"line":72,"column":0},"end":{"line":72,"column":69}},"72":{"start":{"line":73,"column":0},"end":{"line":73,"column":15}},"73":{"start":{"line":74,"column":0},"end":{"line":74,"column":74}},"74":{"start":{"line":75,"column":0},"end":{"line":75,"column":40}},"75":{"start":{"line":76,"column":0},"end":{"line":76,"column":0}},"76":{"start":{"line":77,"column":0},"end":{"line":77,"column":63}},"77":{"start":{"line":78,"column":0},"end":{"line":78,"column":27}},"78":{"start":{"line":79,"column":0},"end":{"line":79,"column":77}},"79":{"start":{"line":80,"column":0},"end":{"line":80,"column":34}},"80":{"start":{"line":81,"column":0},"end":{"line":81,"column":29}},"81":{"start":{"line":82,"column":0},"end":{"line":82,"column":7}},"82":{"start":{"line":83,"column":0},"end":{"line":83,"column":24}},"83":{"start":{"line":84,"column":0},"end":{"line":84,"column":7}},"84":{"start":{"line":85,"column":0},"end":{"line":85,"column":6}},"85":{"start":{"line":86,"column":0},"end":{"line":86,"column":64}},"86":{"start":{"line":87,"column":0},"end":{"line":87,"column":52}},"87":{"start":{"line":88,"column":0},"end":{"line":88,"column":26}},"88":{"start":{"line":89,"column":0},"end":{"line":89,"column":12}},"89":{"start":{"line":90,"column":0},"end":{"line":90,"column":13}},"90":{"start":{"line":91,"column":0},"end":{"line":91,"column":20}},"91":{"start":{"line":92,"column":0},"end":{"line":92,"column":29}},"92":{"start":{"line":93,"column":0},"end":{"line":93,"column":21}},"93":{"start":{"line":94,"column":0},"end":{"line":94,"column":26}},"94":{"start":{"line":95,"column":0},"end":{"line":95,"column":41}},"95":{"start":{"line":96,"column":0},"end":{"line":96,"column":8}},"96":{"start":{"line":97,"column":0},"end":{"line":97,"column":7}},"97":{"start":{"line":98,"column":0},"end":{"line":98,"column":17}},"98":{"start":{"line":99,"column":0},"end":{"line":99,"column":33}},"99":{"start":{"line":100,"column":0},"end":{"line":100,"column":26}},"100":{"start":{"line":101,"column":0},"end":{"line":101,"column":36}},"101":{"start":{"line":102,"column":0},"end":{"line":102,"column":7}},"102":{"start":{"line":103,"column":0},"end":{"line":103,"column":3}},"103":{"start":{"line":104,"column":0},"end":{"line":104,"column":2}},"104":{"start":{"line":105,"column":0},"end":{"line":105,"column":0}},"105":{"start":{"line":106,"column":0},"end":{"line":106,"column":47}},"106":{"start":{"line":107,"column":0},"end":{"line":107,"column":42}},"107":{"start":{"line":108,"column":0},"end":{"line":108,"column":0}},"108":{"start":{"line":109,"column":0},"end":{"line":109,"column":76}},"109":{"start":{"line":110,"column":0},"end":{"line":110,"column":24}},"110":{"start":{"line":111,"column":0},"end":{"line":111,"column":76}},"111":{"start":{"line":112,"column":0},"end":{"line":112,"column":0}},"112":{"start":{"line":113,"column":0},"end":{"line":113,"column":65}},"113":{"start":{"line":114,"column":0},"end":{"line":114,"column":73}},"114":{"start":{"line":115,"column":0},"end":{"line":115,"column":0}},"115":{"start":{"line":116,"column":0},"end":{"line":116,"column":25}},"116":{"start":{"line":117,"column":0},"end":{"line":117,"column":62}},"117":{"start":{"line":118,"column":0},"end":{"line":118,"column":27}},"118":{"start":{"line":119,"column":0},"end":{"line":119,"column":24}},"119":{"start":{"line":120,"column":0},"end":{"line":120,"column":4}},"120":{"start":{"line":121,"column":0},"end":{"line":121,"column":19}},"121":{"start":{"line":122,"column":0},"end":{"line":122,"column":10}},"122":{"start":{"line":123,"column":0},"end":{"line":123,"column":68}},"123":{"start":{"line":124,"column":0},"end":{"line":124,"column":5}},"124":{"start":{"line":125,"column":0},"end":{"line":125,"column":2}},"125":{"start":{"line":126,"column":0},"end":{"line":126,"column":0}},"126":{"start":{"line":127,"column":0},"end":{"line":127,"column":42}},"127":{"start":{"line":128,"column":0},"end":{"line":128,"column":7}},"128":{"start":{"line":129,"column":0},"end":{"line":129,"column":55}},"129":{"start":{"line":130,"column":0},"end":{"line":130,"column":50}},"130":{"start":{"line":131,"column":0},"end":{"line":131,"column":32}},"131":{"start":{"line":132,"column":0},"end":{"line":132,"column":13}},"132":{"start":{"line":133,"column":0},"end":{"line":133,"column":78}},"133":{"start":{"line":134,"column":0},"end":{"line":134,"column":62}},"134":{"start":{"line":135,"column":0},"end":{"line":135,"column":0}},"135":{"start":{"line":136,"column":0},"end":{"line":136,"column":29}},"136":{"start":{"line":137,"column":0},"end":{"line":137,"column":44}},"137":{"start":{"line":138,"column":0},"end":{"line":138,"column":16}},"138":{"start":{"line":139,"column":0},"end":{"line":139,"column":30}},"139":{"start":{"line":140,"column":0},"end":{"line":140,"column":6}},"140":{"start":{"line":141,"column":0},"end":{"line":141,"column":0}},"141":{"start":{"line":142,"column":0},"end":{"line":142,"column":16}},"142":{"start":{"line":143,"column":0},"end":{"line":143,"column":65}},"143":{"start":{"line":144,"column":0},"end":{"line":144,"column":5}},"144":{"start":{"line":145,"column":0},"end":{"line":145,"column":0}},"145":{"start":{"line":146,"column":0},"end":{"line":146,"column":14}},"146":{"start":{"line":147,"column":0},"end":{"line":147,"column":13}},"147":{"start":{"line":148,"column":0},"end":{"line":148,"column":20}},"148":{"start":{"line":149,"column":0},"end":{"line":149,"column":29}},"149":{"start":{"line":150,"column":0},"end":{"line":150,"column":26}},"150":{"start":{"line":151,"column":0},"end":{"line":151,"column":41}},"151":{"start":{"line":152,"column":0},"end":{"line":152,"column":8}},"152":{"start":{"line":153,"column":0},"end":{"line":153,"column":7}},"153":{"start":{"line":154,"column":0},"end":{"line":154,"column":17}},"154":{"start":{"line":155,"column":0},"end":{"line":155,"column":39}},"155":{"start":{"line":156,"column":0},"end":{"line":156,"column":55}},"156":{"start":{"line":157,"column":0},"end":{"line":157,"column":3}},"157":{"start":{"line":158,"column":0},"end":{"line":158,"column":2}}},"s":{"0":1,"1":1,"2":1,"3":1,"4":1,"5":3,"6":3,"7":3,"8":3,"9":3,"10":3,"11":3,"12":1,"13":1,"14":3,"15":1,"16":1,"17":3,"18":0,"19":0,"20":0,"21":0,"22":0,"23":0,"24":0,"25":0,"26":1,"27":3,"28":0,"29":0,"30":0,"31":0,"32":0,"33":0,"34":0,"35":0,"36":1,"37":1,"38":1,"39":1,"40":1,"41":1,"42":1,"43":1,"44":1,"45":1,"46":1,"47":1,"48":1,"49":1,"50":3,"51":3,"52":3,"53":3,"54":2,"55":1,"56":1,"57":1,"58":1,"59":1,"60":2,"61":1,"62":1,"63":1,"64":3,"65":3,"66":3,"67":3,"68":3,"69":3,"70":2,"71":2,"72":2,"73":3,"74":1,"75":1,"76":1,"77":1,"78":1,"79":1,"80":1,"81":1,"82":1,"83":1,"84":1,"85":1,"86":1,"87":1,"88":1,"89":1,"90":1,"91":1,"92":1,"93":1,"94":3,"95":3,"96":3,"97":3,"98":0,"99":0,"100":0,"101":0,"102":0,"103":1,"104":1,"105":1,"106":3,"107":3,"108":3,"109":3,"110":3,"111":2,"112":2,"113":3,"114":1,"115":1,"116":1,"117":1,"118":1,"119":1,"120":1,"121":1,"122":1,"123":1,"124":1,"125":1,"126":1,"127":4,"128":4,"129":4,"130":4,"131":4,"132":4,"133":3,"134":3,"135":3,"136":3,"137":3,"138":3,"139":3,"140":2,"141":4,"142":1,"143":1,"144":1,"145":1,"146":1,"147":1,"148":1,"149":1,"150":4,"151":4,"152":4,"153":4,"154":1,"155":1,"156":1,"157":1},"branchMap":{"0":{"type":"branch","line":1,"loc":{"start":{"line":1,"column":0},"end":{"line":158,"column":2}},"locations":[{"start":{"line":1,"column":0},"end":{"line":158,"column":2}}]},"1":{"type":"branch","line":5,"loc":{"start":{"line":5,"column":24},"end":{"line":62,"column":1}},"locations":[{"start":{"line":5,"column":24},"end":{"line":62,"column":1}}]},"2":{"type":"branch","line":13,"loc":{"start":{"line":13,"column":-1},"end":{"line":15,"column":50}},"locations":[{"start":{"line":13,"column":-1},"end":{"line":15,"column":50}}]},"3":{"type":"branch","line":15,"loc":{"start":{"line":15,"column":52},"end":{"line":18,"column":5}},"locations":[{"start":{"line":15,"column":52},"end":{"line":18,"column":5}}]},"4":{"type":"branch","line":18,"loc":{"start":{"line":18,"column":5},"end":{"line":26,"column":5}},"locations":[{"start":{"line":18,"column":5},"end":{"line":26,"column":5}}]},"5":{"type":"branch","line":27,"loc":{"start":{"line":27,"column":-1},"end":{"line":28,"column":25}},"locations":[{"start":{"line":27,"column":-1},"end":{"line":28,"column":25}}]},"6":{"type":"branch","line":28,"loc":{"start":{"line":28,"column":27},"end":{"line":36,"column":5}},"locations":[{"start":{"line":28,"column":27},"end":{"line":36,"column":5}}]},"7":{"type":"branch","line":37,"loc":{"start":{"line":37,"column":-1},"end":{"line":51,"column":40}},"locations":[{"start":{"line":37,"column":-1},"end":{"line":51,"column":40}}]},"8":{"type":"branch","line":54,"loc":{"start":{"line":54,"column":4},"end":{"line":61,"column":3}},"locations":[{"start":{"line":54,"column":4},"end":{"line":61,"column":3}}]},"9":{"type":"branch","line":55,"loc":{"start":{"line":55,"column":30},"end":{"line":60,"column":5}},"locations":[{"start":{"line":55,"column":30},"end":{"line":60,"column":5}}]},"10":{"type":"branch","line":64,"loc":{"start":{"line":64,"column":21},"end":{"line":104,"column":1}},"locations":[{"start":{"line":64,"column":21},"end":{"line":104,"column":1}}]},"11":{"type":"branch","line":70,"loc":{"start":{"line":70,"column":6},"end":{"line":70,"column":74}},"locations":[{"start":{"line":70,"column":6},"end":{"line":70,"column":74}}]},"12":{"type":"branch","line":71,"loc":{"start":{"line":71,"column":-1},"end":{"line":74,"column":6}},"locations":[{"start":{"line":71,"column":-1},"end":{"line":74,"column":6}}]},"13":{"type":"branch","line":74,"loc":{"start":{"line":74,"column":6},"end":{"line":95,"column":33}},"locations":[{"start":{"line":74,"column":6},"end":{"line":95,"column":33}}]},"14":{"type":"branch","line":95,"loc":{"start":{"line":95,"column":33},"end":{"line":95,"column":40}},"locations":[{"start":{"line":95,"column":33},"end":{"line":95,"column":40}}]},"15":{"type":"branch","line":98,"loc":{"start":{"line":98,"column":4},"end":{"line":103,"column":3}},"locations":[{"start":{"line":98,"column":4},"end":{"line":103,"column":3}}]},"16":{"type":"branch","line":106,"loc":{"start":{"line":106,"column":26},"end":{"line":125,"column":1}},"locations":[{"start":{"line":106,"column":26},"end":{"line":125,"column":1}}]},"17":{"type":"branch","line":111,"loc":{"start":{"line":111,"column":14},"end":{"line":111,"column":76}},"locations":[{"start":{"line":111,"column":14},"end":{"line":111,"column":76}}]},"18":{"type":"branch","line":112,"loc":{"start":{"line":112,"column":-1},"end":{"line":114,"column":11}},"locations":[{"start":{"line":112,"column":-1},"end":{"line":114,"column":11}}]},"19":{"type":"branch","line":114,"loc":{"start":{"line":114,"column":11},"end":{"line":125,"column":0}},"locations":[{"start":{"line":114,"column":11},"end":{"line":125,"column":0}}]},"20":{"type":"branch","line":127,"loc":{"start":{"line":127,"column":21},"end":{"line":158,"column":1}},"locations":[{"start":{"line":127,"column":21},"end":{"line":158,"column":1}}]},"21":{"type":"branch","line":129,"loc":{"start":{"line":129,"column":49},"end":{"line":129,"column":54}},"locations":[{"start":{"line":129,"column":49},"end":{"line":129,"column":54}}]},"22":{"type":"branch","line":131,"loc":{"start":{"line":131,"column":6},"end":{"line":131,"column":32}},"locations":[{"start":{"line":131,"column":6},"end":{"line":131,"column":32}}]},"23":{"type":"branch","line":132,"loc":{"start":{"line":132,"column":6},"end":{"line":132,"column":12}},"locations":[{"start":{"line":132,"column":6},"end":{"line":132,"column":12}}]},"24":{"type":"branch","line":133,"loc":{"start":{"line":133,"column":16},"end":{"line":133,"column":78}},"locations":[{"start":{"line":133,"column":16},"end":{"line":133,"column":78}}]},"25":{"type":"branch","line":134,"loc":{"start":{"line":134,"column":-1},"end":{"line":140,"column":6}},"locations":[{"start":{"line":134,"column":-1},"end":{"line":140,"column":6}}]},"26":{"type":"branch","line":141,"loc":{"start":{"line":141,"column":-1},"end":{"line":142,"column":15}},"locations":[{"start":{"line":141,"column":-1},"end":{"line":142,"column":15}}]},"27":{"type":"branch","line":142,"loc":{"start":{"line":142,"column":15},"end":{"line":151,"column":40}},"locations":[{"start":{"line":142,"column":15},"end":{"line":151,"column":40}}]},"28":{"type":"branch","line":154,"loc":{"start":{"line":154,"column":4},"end":{"line":157,"column":3}},"locations":[{"start":{"line":154,"column":4},"end":{"line":157,"column":3}}]}},"b":{"0":[1],"1":[3],"2":[1],"3":[1],"4":[0],"5":[1],"6":[0],"7":[1],"8":[2],"9":[1],"10":[3],"11":[1],"12":[2],"13":[1],"14":[0],"15":[0],"16":[3],"17":[1],"18":[2],"19":[1],"20":[4],"21":[1],"22":[3],"23":[1],"24":[1],"25":[3],"26":[2],"27":[1],"28":[1]},"fnMap":{"0":{"name":"register","decl":{"start":{"line":5,"column":24},"end":{"line":62,"column":1}},"loc":{"start":{"line":5,"column":24},"end":{"line":62,"column":1}},"line":5},"1":{"name":"login","decl":{"start":{"line":64,"column":21},"end":{"line":104,"column":1}},"loc":{"start":{"line":64,"column":21},"end":{"line":104,"column":1}},"line":64},"2":{"name":"adminLogin","decl":{"start":{"line":106,"column":26},"end":{"line":125,"column":1}},"loc":{"start":{"line":106,"column":26},"end":{"line":125,"column":1}},"line":106},"3":{"name":"getMe","decl":{"start":{"line":127,"column":21},"end":{"line":158,"column":1}},"loc":{"start":{"line":127,"column":21},"end":{"line":158,"column":1}},"line":127}},"f":{"0":3,"1":3,"2":3,"3":4}}
,"/Users/petermurray/Desktop/Dissertation/PropertyApp/backend/controllers/chatController.js": {"path":"/Users/petermurray/Desktop/Dissertation/PropertyApp/backend/controllers/chatController.js","all":false,"statementMap":{"0":{"start":{"line":1,"column":0},"end":{"line":1,"column":42}},"1":{"start":{"line":2,"column":0},"end":{"line":2,"column":38}},"2":{"start":{"line":3,"column":0},"end":{"line":3,"column":26}},"3":{"start":{"line":4,"column":0},"end":{"line":4,"column":0}},"4":{"start":{"line":5,"column":0},"end":{"line":5,"column":27}},"5":{"start":{"line":6,"column":0},"end":{"line":6,"column":37}},"6":{"start":{"line":7,"column":0},"end":{"line":7,"column":3}},"7":{"start":{"line":8,"column":0},"end":{"line":8,"column":0}},"8":{"start":{"line":9,"column":0},"end":{"line":9,"column":44}},"9":{"start":{"line":10,"column":0},"end":{"line":10,"column":31}},"10":{"start":{"line":11,"column":0},"end":{"line":11,"column":0}},"11":{"start":{"line":12,"column":0},"end":{"line":12,"column":7}},"12":{"start":{"line":13,"column":0},"end":{"line":13,"column":59}},"13":{"start":{"line":14,"column":0},"end":{"line":14,"column":27}},"14":{"start":{"line":15,"column":0},"end":{"line":15,"column":17}},"15":{"start":{"line":16,"column":0},"end":{"line":16,"column":9}},"16":{"start":{"line":17,"column":0},"end":{"line":17,"column":25}},"17":{"start":{"line":18,"column":0},"end":{"line":18,"column":20}},"18":{"start":{"line":19,"column":0},"end":{"line":19,"column":66}},"19":{"start":{"line":20,"column":0},"end":{"line":20,"column":93}},"20":{"start":{"line":21,"column":0},"end":{"line":21,"column":75}},"21":{"start":{"line":22,"column":0},"end":{"line":22,"column":80}},"22":{"start":{"line":23,"column":0},"end":{"line":23,"column":22}},"23":{"start":{"line":24,"column":0},"end":{"line":24,"column":10}},"24":{"start":{"line":25,"column":0},"end":{"line":25,"column":43}},"25":{"start":{"line":26,"column":0},"end":{"line":26,"column":8}},"26":{"start":{"line":27,"column":0},"end":{"line":27,"column":14}},"27":{"start":{"line":28,"column":0},"end":{"line":28,"column":9}},"28":{"start":{"line":29,"column":0},"end":{"line":29,"column":27}},"29":{"start":{"line":30,"column":0},"end":{"line":30,"column":21}},"30":{"start":{"line":31,"column":0},"end":{"line":31,"column":38}},"31":{"start":{"line":32,"column":0},"end":{"line":32,"column":24}},"32":{"start":{"line":33,"column":0},"end":{"line":33,"column":77}},"33":{"start":{"line":34,"column":0},"end":{"line":34,"column":25}},"34":{"start":{"line":35,"column":0},"end":{"line":35,"column":29}},"35":{"start":{"line":36,"column":0},"end":{"line":36,"column":27}},"36":{"start":{"line":37,"column":0},"end":{"line":37,"column":78}},"37":{"start":{"line":38,"column":0},"end":{"line":38,"column":45}},"38":{"start":{"line":39,"column":0},"end":{"line":39,"column":45}},"39":{"start":{"line":40,"column":0},"end":{"line":40,"column":45}},"40":{"start":{"line":41,"column":0},"end":{"line":41,"column":42}},"41":{"start":{"line":42,"column":0},"end":{"line":42,"column":42}},"42":{"start":{"line":43,"column":0},"end":{"line":43,"column":26}},"43":{"start":{"line":44,"column":0},"end":{"line":44,"column":33}},"44":{"start":{"line":45,"column":0},"end":{"line":45,"column":74}},"45":{"start":{"line":46,"column":0},"end":{"line":46,"column":62}},"46":{"start":{"line":47,"column":0},"end":{"line":47,"column":18}},"47":{"start":{"line":48,"column":0},"end":{"line":48,"column":31}},"48":{"start":{"line":49,"column":0},"end":{"line":49,"column":33}},"49":{"start":{"line":50,"column":0},"end":{"line":50,"column":63}},"50":{"start":{"line":51,"column":0},"end":{"line":51,"column":18}},"51":{"start":{"line":52,"column":0},"end":{"line":52,"column":39}},"52":{"start":{"line":53,"column":0},"end":{"line":53,"column":33}},"53":{"start":{"line":54,"column":0},"end":{"line":54,"column":75}},"54":{"start":{"line":55,"column":0},"end":{"line":55,"column":18}},"55":{"start":{"line":56,"column":0},"end":{"line":56,"column":16}},"56":{"start":{"line":57,"column":0},"end":{"line":57,"column":27}},"57":{"start":{"line":58,"column":0},"end":{"line":58,"column":14}},"58":{"start":{"line":59,"column":0},"end":{"line":59,"column":12}},"59":{"start":{"line":60,"column":0},"end":{"line":60,"column":10}},"60":{"start":{"line":61,"column":0},"end":{"line":61,"column":8}},"61":{"start":{"line":62,"column":0},"end":{"line":62,"column":26}},"62":{"start":{"line":63,"column":0},"end":{"line":63,"column":7}},"63":{"start":{"line":64,"column":0},"end":{"line":64,"column":0}},"64":{"start":{"line":65,"column":0},"end":{"line":65,"column":69}},"65":{"start":{"line":66,"column":0},"end":{"line":66,"column":69}},"66":{"start":{"line":67,"column":0},"end":{"line":67,"column":59}},"67":{"start":{"line":68,"column":0},"end":{"line":68,"column":59}},"68":{"start":{"line":69,"column":0},"end":{"line":69,"column":13}},"69":{"start":{"line":70,"column":0},"end":{"line":70,"column":17}},"70":{"start":{"line":71,"column":0},"end":{"line":71,"column":17}},"71":{"start":{"line":72,"column":0},"end":{"line":72,"column":17}},"72":{"start":{"line":73,"column":0},"end":{"line":73,"column":16}},"73":{"start":{"line":74,"column":0},"end":{"line":74,"column":13}},"74":{"start":{"line":75,"column":0},"end":{"line":75,"column":13}},"75":{"start":{"line":76,"column":0},"end":{"line":76,"column":16}},"76":{"start":{"line":77,"column":0},"end":{"line":77,"column":21}},"77":{"start":{"line":78,"column":0},"end":{"line":78,"column":29}},"78":{"start":{"line":79,"column":0},"end":{"line":79,"column":15}},"79":{"start":{"line":80,"column":0},"end":{"line":80,"column":40}},"80":{"start":{"line":81,"column":0},"end":{"line":81,"column":0}},"81":{"start":{"line":82,"column":0},"end":{"line":82,"column":49}},"82":{"start":{"line":83,"column":0},"end":{"line":83,"column":44}},"83":{"start":{"line":84,"column":0},"end":{"line":84,"column":62}},"84":{"start":{"line":85,"column":0},"end":{"line":85,"column":11}},"85":{"start":{"line":86,"column":0},"end":{"line":86,"column":21}},"86":{"start":{"line":87,"column":0},"end":{"line":87,"column":36}},"87":{"start":{"line":88,"column":0},"end":{"line":88,"column":51}},"88":{"start":{"line":89,"column":0},"end":{"line":89,"column":14}},"89":{"start":{"line":90,"column":0},"end":{"line":90,"column":11}},"90":{"start":{"line":91,"column":0},"end":{"line":91,"column":10}},"91":{"start":{"line":92,"column":0},"end":{"line":92,"column":0}},"92":{"start":{"line":93,"column":0},"end":{"line":93,"column":49}},"93":{"start":{"line":94,"column":0},"end":{"line":94,"column":0}},"94":{"start":{"line":95,"column":0},"end":{"line":95,"column":70}},"95":{"start":{"line":96,"column":0},"end":{"line":96,"column":17}},"96":{"start":{"line":97,"column":0},"end":{"line":97,"column":27}},"97":{"start":{"line":98,"column":0},"end":{"line":98,"column":58}},"98":{"start":{"line":99,"column":0},"end":{"line":99,"column":27}},"99":{"start":{"line":100,"column":0},"end":{"line":100,"column":13}},"100":{"start":{"line":101,"column":0},"end":{"line":101,"column":0}},"101":{"start":{"line":102,"column":0},"end":{"line":102,"column":49}},"102":{"start":{"line":103,"column":0},"end":{"line":103,"column":46}},"103":{"start":{"line":104,"column":0},"end":{"line":104,"column":0}},"104":{"start":{"line":105,"column":0},"end":{"line":105,"column":42}},"105":{"start":{"line":106,"column":0},"end":{"line":106,"column":33}},"106":{"start":{"line":107,"column":0},"end":{"line":107,"column":19}},"107":{"start":{"line":108,"column":0},"end":{"line":108,"column":41}},"108":{"start":{"line":109,"column":0},"end":{"line":109,"column":37}},"109":{"start":{"line":110,"column":0},"end":{"line":110,"column":11}},"110":{"start":{"line":111,"column":0},"end":{"line":111,"column":35}},"111":{"start":{"line":112,"column":0},"end":{"line":112,"column":9}},"112":{"start":{"line":113,"column":0},"end":{"line":113,"column":0}},"113":{"start":{"line":114,"column":0},"end":{"line":114,"column":48}},"114":{"start":{"line":115,"column":0},"end":{"line":115,"column":61}},"115":{"start":{"line":116,"column":0},"end":{"line":116,"column":11}},"116":{"start":{"line":117,"column":0},"end":{"line":117,"column":27}},"117":{"start":{"line":118,"column":0},"end":{"line":118,"column":77}},"118":{"start":{"line":119,"column":0},"end":{"line":119,"column":14}},"119":{"start":{"line":120,"column":0},"end":{"line":120,"column":32}},"120":{"start":{"line":121,"column":0},"end":{"line":121,"column":11}},"121":{"start":{"line":122,"column":0},"end":{"line":122,"column":10}},"122":{"start":{"line":123,"column":0},"end":{"line":123,"column":0}},"123":{"start":{"line":124,"column":0},"end":{"line":124,"column":48}},"124":{"start":{"line":125,"column":0},"end":{"line":125,"column":33}},"125":{"start":{"line":126,"column":0},"end":{"line":126,"column":71}},"126":{"start":{"line":127,"column":0},"end":{"line":127,"column":70}},"127":{"start":{"line":128,"column":0},"end":{"line":128,"column":28}},"128":{"start":{"line":129,"column":0},"end":{"line":129,"column":10}},"129":{"start":{"line":130,"column":0},"end":{"line":130,"column":49}},"130":{"start":{"line":131,"column":0},"end":{"line":131,"column":60}},"131":{"start":{"line":132,"column":0},"end":{"line":132,"column":74}},"132":{"start":{"line":133,"column":0},"end":{"line":133,"column":60}},"133":{"start":{"line":134,"column":0},"end":{"line":134,"column":69}},"134":{"start":{"line":135,"column":0},"end":{"line":135,"column":11}},"135":{"start":{"line":136,"column":0},"end":{"line":136,"column":0}},"136":{"start":{"line":137,"column":0},"end":{"line":137,"column":36}},"137":{"start":{"line":138,"column":0},"end":{"line":138,"column":27}},"138":{"start":{"line":139,"column":0},"end":{"line":139,"column":18}},"139":{"start":{"line":140,"column":0},"end":{"line":140,"column":78}},"140":{"start":{"line":141,"column":0},"end":{"line":141,"column":27}},"141":{"start":{"line":142,"column":0},"end":{"line":142,"column":13}},"142":{"start":{"line":143,"column":0},"end":{"line":143,"column":9}},"143":{"start":{"line":144,"column":0},"end":{"line":144,"column":0}},"144":{"start":{"line":145,"column":0},"end":{"line":145,"column":25}},"145":{"start":{"line":146,"column":0},"end":{"line":146,"column":97}},"146":{"start":{"line":147,"column":0},"end":{"line":147,"column":31}},"147":{"start":{"line":148,"column":0},"end":{"line":148,"column":11}},"148":{"start":{"line":149,"column":0},"end":{"line":149,"column":7}},"149":{"start":{"line":150,"column":0},"end":{"line":150,"column":0}},"150":{"start":{"line":151,"column":0},"end":{"line":151,"column":23}},"151":{"start":{"line":152,"column":0},"end":{"line":152,"column":78}},"152":{"start":{"line":153,"column":0},"end":{"line":153,"column":33}},"153":{"start":{"line":154,"column":0},"end":{"line":154,"column":58}},"154":{"start":{"line":155,"column":0},"end":{"line":155,"column":33}},"155":{"start":{"line":156,"column":0},"end":{"line":156,"column":58}},"156":{"start":{"line":157,"column":0},"end":{"line":157,"column":73}},"157":{"start":{"line":158,"column":0},"end":{"line":158,"column":64}},"158":{"start":{"line":159,"column":0},"end":{"line":159,"column":64}},"159":{"start":{"line":160,"column":0},"end":{"line":160,"column":74}},"160":{"start":{"line":161,"column":0},"end":{"line":161,"column":0}},"161":{"start":{"line":162,"column":0},"end":{"line":162,"column":30}},"162":{"start":{"line":163,"column":0},"end":{"line":163,"column":0}},"163":{"start":{"line":164,"column":0},"end":{"line":164,"column":31}},"164":{"start":{"line":165,"column":0},"end":{"line":165,"column":41}},"165":{"start":{"line":166,"column":0},"end":{"line":166,"column":34}},"166":{"start":{"line":167,"column":0},"end":{"line":167,"column":53}},"167":{"start":{"line":168,"column":0},"end":{"line":168,"column":15}},"168":{"start":{"line":169,"column":0},"end":{"line":169,"column":10}},"169":{"start":{"line":170,"column":0},"end":{"line":170,"column":7}},"170":{"start":{"line":171,"column":0},"end":{"line":171,"column":0}},"171":{"start":{"line":172,"column":0},"end":{"line":172,"column":21}},"172":{"start":{"line":173,"column":0},"end":{"line":173,"column":67}},"173":{"start":{"line":174,"column":0},"end":{"line":174,"column":25}},"174":{"start":{"line":175,"column":0},"end":{"line":175,"column":45}},"175":{"start":{"line":176,"column":0},"end":{"line":176,"column":65}},"176":{"start":{"line":177,"column":0},"end":{"line":177,"column":38}},"177":{"start":{"line":178,"column":0},"end":{"line":178,"column":18}},"178":{"start":{"line":179,"column":0},"end":{"line":179,"column":0}},"179":{"start":{"line":180,"column":0},"end":{"line":180,"column":60}},"180":{"start":{"line":181,"column":0},"end":{"line":181,"column":25}},"181":{"start":{"line":182,"column":0},"end":{"line":182,"column":16}},"182":{"start":{"line":183,"column":0},"end":{"line":183,"column":78}},"183":{"start":{"line":184,"column":0},"end":{"line":184,"column":25}},"184":{"start":{"line":185,"column":0},"end":{"line":185,"column":11}},"18
[...]
16":[1],"17":[1],"18":[1],"19":[2],"20":[1],"21":[2],"22":[4],"23":[3],"24":[2],"25":[1],"26":[1],"27":[1],"28":[3],"29":[1],"30":[3],"31":[2],"32":[1],"33":[3],"34":[1],"35":[0],"36":[0],"37":[0],"38":[2],"39":[1],"40":[2],"41":[1],"42":[3],"43":[1],"44":[1],"45":[1],"46":[2],"47":[1],"48":[2],"49":[1],"50":[3],"51":[1],"52":[1],"53":[1],"54":[2],"55":[1],"56":[4],"57":[1],"58":[1],"59":[1],"60":[3],"61":[2],"62":[1],"63":[6],"64":[1],"65":[1],"66":[1],"67":[5],"68":[0],"69":[2],"70":[1],"71":[0],"72":[0],"73":[5],"74":[1],"75":[1],"76":[5],"77":[3],"78":[1],"79":[2],"80":[1]},"fnMap":{"0":{"name":"checkLikes","decl":{"start":{"line":4,"column":26},"end":{"line":20,"column":1}},"loc":{"start":{"line":4,"column":26},"end":{"line":20,"column":1}},"line":4},"1":{"name":"addToLikes","decl":{"start":{"line":22,"column":26},"end":{"line":37,"column":1}},"loc":{"start":{"line":22,"column":26},"end":{"line":37,"column":1}},"line":22},"2":{"name":"getAllLikedProperties","decl":{"start":{"line":39,"column":37},"end":{"line":55,"column":1}},"loc":{"start":{"line":39,"column":37},"end":{"line":55,"column":1}},"line":39},"3":{"name":"removeLike","decl":{"start":{"line":57,"column":26},"end":{"line":72,"column":1}},"loc":{"start":{"line":57,"column":26},"end":{"line":72,"column":1}},"line":57},"4":{"name":"addNote","decl":{"start":{"line":74,"column":23},"end":{"line":99,"column":1}},"loc":{"start":{"line":74,"column":23},"end":{"line":99,"column":1}},"line":74},"5":{"name":"getNotes","decl":{"start":{"line":101,"column":24},"end":{"line":122,"column":1}},"loc":{"start":{"line":101,"column":24},"end":{"line":122,"column":1}},"line":101},"6":{"name":"getAllNotes","decl":{"start":{"line":124,"column":27},"end":{"line":151,"column":1}},"loc":{"start":{"line":124,"column":27},"end":{"line":151,"column":1}},"line":124},"7":{"name":"deleteNote","decl":{"start":{"line":153,"column":26},"end":{"line":175,"column":1}},"loc":{"start":{"line":153,"column":26},"end":{"line":175,"column":1}},"line":153},"8":{"name":"updateProfile","decl":{"start":{"line":177,"column":29},"end":{"line":222,"column":1}},"loc":{"start":{"line":177,"column":29},"end":{"line":222,"column":1}},"line":177}},"f":{"0":3,"1":3,"2":3,"3":4,"4":3,"5":3,"6":3,"7":4,"8":6}}
,"/Users/petermurray/Desktop/Dissertation/PropertyApp/backend/middleware/authMiddleware.js": {"path":"/Users/petermurray/Desktop/Dissertation/PropertyApp/backend/middleware/authMiddleware.js","all":false,"statementMap":{"0":{"start":{"line":1,"column":0},"end":{"line":1,"column":31}},"1":{"start":{"line":2,"column":0},"end":{"line":2,"column":0}},"2":{"start":{"line":3,"column":0},"end":{"line":3,"column":27}},"3":{"start":{"line":4,"column":0},"end":{"line":4,"column":24}},"4":{"start":{"line":5,"column":0},"end":{"line":5,"column":23}},"5":{"start":{"line":6,"column":0},"end":{"line":6,"column":69}},"6":{"start":{"line":7,"column":0},"end":{"line":7,"column":49}},"7":{"start":{"line":8,"column":0},"end":{"line":8,"column":59}},"8":{"start":{"line":9,"column":0},"end":{"line":9,"column":38}},"9":{"start":{"line":10,"column":0},"end":{"line":10,"column":16}},"10":{"start":{"line":11,"column":0},"end":{"line":11,"column":20}},"11":{"start":{"line":12,"column":0},"end":{"line":12,"column":69}},"12":{"start":{"line":13,"column":0},"end":{"line":13,"column":5}},"13":{"start":{"line":14,"column":0},"end":{"line":14,"column":9}},"14":{"start":{"line":15,"column":0},"end":{"line":15,"column":65}},"15":{"start":{"line":16,"column":0},"end":{"line":16,"column":72}},"16":{"start":{"line":17,"column":0},"end":{"line":17,"column":25}},"17":{"start":{"line":18,"column":0},"end":{"line":18,"column":71}},"18":{"start":{"line":19,"column":0},"end":{"line":19,"column":72}},"19":{"start":{"line":20,"column":0},"end":{"line":20,"column":79}},"20":{"start":{"line":21,"column":0},"end":{"line":21,"column":7}},"21":{"start":{"line":22,"column":0},"end":{"line":22,"column":50}},"22":{"start":{"line":23,"column":0},"end":{"line":23,"column":13}},"23":{"start":{"line":24,"column":0},"end":{"line":24,"column":19}},"24":{"start":{"line":25,"column":0},"end":{"line":25,"column":73}},"25":{"start":{"line":26,"column":0},"end":{"line":26,"column":5}},"26":{"start":{"line":27,"column":0},"end":{"line":27,"column":4}},"27":{"start":{"line":28,"column":0},"end":{"line":28,"column":0}},"28":{"start":{"line":29,"column":0},"end":{"line":29,"column":26}},"29":{"start":{"line":30,"column":0},"end":{"line":30,"column":22}},"30":{"start":{"line":31,"column":0},"end":{"line":31,"column":23}},"31":{"start":{"line":32,"column":0},"end":{"line":32,"column":52}},"32":{"start":{"line":33,"column":0},"end":{"line":33,"column":59}},"33":{"start":{"line":34,"column":0},"end":{"line":34,"column":0}},"34":{"start":{"line":35,"column":0},"end":{"line":35,"column":72}},"35":{"start":{"line":36,"column":0},"end":{"line":36,"column":9}},"36":{"start":{"line":37,"column":0},"end":{"line":37,"column":50}},"37":{"start":{"line":38,"column":0},"end":{"line":38,"column":64}},"38":{"start":{"line":39,"column":0},"end":{"line":39,"column":53}},"39":{"start":{"line":40,"column":0},"end":{"line":40,"column":70}},"40":{"start":{"line":41,"column":0},"end":{"line":41,"column":35}},"41":{"start":{"line":42,"column":0},"end":{"line":42,"column":25}},"42":{"start":{"line":43,"column":0},"end":{"line":43,"column":37}},"43":{"start":{"line":44,"column":0},"end":{"line":44,"column":13}},"44":{"start":{"line":45,"column":0},"end":{"line":45,"column":19}},"45":{"start":{"line":46,"column":0},"end":{"line":46,"column":33}},"46":{"start":{"line":47,"column":0},"end":{"line":47,"column":5}},"47":{"start":{"line":48,"column":0},"end":{"line":48,"column":4}}},"s":{"0":1,"1":1,"2":1,"3":1,"4":5,"5":5,"6":5,"7":5,"8":5,"9":1,"10":1,"11":1,"12":1,"13":4,"14":4,"15":4,"16":4,"17":4,"18":5,"19":1,"20":1,"21":2,"22":2,"23":5,"24":1,"25":1,"26":1,"27":1,"28":1,"29":1,"30":4,"31":4,"32":4,"33":4,"34":4,"35":3,"36":3,"37":3,"38":3,"39":4,"40":4,"41":1,"42":1,"43":1,"44":1,"45":1,"46":1,"47":1},"branchMap":{"0":{"type":"branch","line":1,"loc":{"start":{"line":1,"column":0},"end":{"line":48,"column":4}},"locations":[{"start":{"line":1,"column":0},"end":{"line":48,"column":4}}]},"1":{"type":"branch","line":4,"loc":{"start":{"line":4,"column":2},"end":{"line":27,"column":3}},"locations":[{"start":{"line":4,"column":2},"end":{"line":27,"column":3}}]},"2":{"type":"branch","line":5,"loc":{"start":{"line":5,"column":2},"end":{"line":27,"column":3}},"locations":[{"start":{"line":5,"column":2},"end":{"line":27,"column":3}}]},"3":{"type":"branch","line":7,"loc":{"start":{"line":7,"column":43},"end":{"line":7,"column":48}},"locations":[{"start":{"line":7,"column":43},"end":{"line":7,"column":48}}]},"4":{"type":"branch","line":9,"loc":{"start":{"line":9,"column":37},"end":{"line":13,"column":5}},"locations":[{"start":{"line":9,"column":37},"end":{"line":13,"column":5}}]},"5":{"type":"branch","line":14,"loc":{"start":{"line":14,"column":-1},"end":{"line":19,"column":30}},"locations":[{"start":{"line":14,"column":-1},"end":{"line":19,"column":30}}]},"6":{"type":"branch","line":19,"loc":{"start":{"line":19,"column":30},"end":{"line":19,"column":69}},"locations":[{"start":{"line":19,"column":30},"end":{"line":19,"column":69}}]},"7":{"type":"branch","line":19,"loc":{"start":{"line":19,"column":71},"end":{"line":21,"column":7}},"locations":[{"start":{"line":19,"column":71},"end":{"line":21,"column":7}}]},"8":{"type":"branch","line":22,"loc":{"start":{"line":22,"column":-1},"end":{"line":24,"column":6}},"locations":[{"start":{"line":22,"column":-1},"end":{"line":24,"column":6}}]},"9":{"type":"branch","line":24,"loc":{"start":{"line":24,"column":6},"end":{"line":26,"column":5}},"locations":[{"start":{"line":24,"column":6},"end":{"line":26,"column":5}}]},"10":{"type":"branch","line":30,"loc":{"start":{"line":30,"column":2},"end":{"line":48,"column":3}},"locations":[{"start":{"line":30,"column":2},"end":{"line":48,"column":3}}]},"11":{"type":"branch","line":31,"loc":{"start":{"line":31,"column":2},"end":{"line":48,"column":3}},"locations":[{"start":{"line":31,"column":2},"end":{"line":48,"column":3}}]},"12":{"type":"branch","line":33,"loc":{"start":{"line":33,"column":43},"end":{"line":33,"column":50}},"locations":[{"start":{"line":33,"column":43},"end":{"line":33,"column":50}}]},"13":{"type":"branch","line":35,"loc":{"start":{"line":35,"column":16},"end":{"line":35,"column":72}},"locations":[{"start":{"line":35,"column":16},"end":{"line":35,"column":72}}]},"14":{"type":"branch","line":36,"loc":{"start":{"line":36,"column":-1},"end":{"line":40,"column":30}},"locations":[{"start":{"line":36,"column":-1},"end":{"line":40,"column":30}}]},"15":{"type":"branch","line":40,"loc":{"start":{"line":40,"column":30},"end":{"line":40,"column":69}},"locations":[{"start":{"line":40,"column":30},"end":{"line":40,"column":69}}]},"16":{"type":"branch","line":41,"loc":{"start":{"line":41,"column":8},"end":{"line":47,"column":5}},"locations":[{"start":{"line":41,"column":8},"end":{"line":47,"column":5}}]}},"b":{"0":[1],"1":[5],"2":[5],"3":[1],"4":[1],"5":[4],"6":[2],"7":[1],"8":[2],"9":[1],"10":[4],"11":[4],"12":[3],"13":[1],"14":[3],"15":[2],"16":[1]},"fnMap":{"0":{"name":"authenticate","decl":{"start":{"line":4,"column":2},"end":{"line":27,"column":3}},"loc":{"start":{"line":4,"column":2},"end":{"line":27,"column":3}},"line":4},"1":{"name":"requireAuth","decl":{"start":{"line":30,"column":2},"end":{"line":48,"column":3}},"loc":{"start":{"line":30,"column":2},"end":{"line":48,"column":3}},"line":30}},"f":{"0":5,"1":4}}
,"/Users/petermurray/Desktop/Dissertation/PropertyApp/backend/middleware/guards.js": {"path":"/Users/petermurray/Desktop/Dissertation/PropertyApp/backend/middleware/guards.js","all":false,"statementMap":{"0":{"start":{"line":1,"column":0},"end":{"line":1,"column":38}},"1":{"start":{"line":2,"column":0},"end":{"line":2,"column":0}},"2":{"start":{"line":3,"column":0},"end":{"line":3,"column":54}},"3":{"start":{"line":4,"column":0},"end":{"line":4,"column":44}},"4":{"start":{"line":5,"column":0},"end":{"line":5,"column":65}},"5":{"start":{"line":6,"column":0},"end":{"line":6,"column":38}},"6":{"start":{"line":7,"column":0},"end":{"line":7,"column":6}},"7":{"start":{"line":8,"column":0},"end":{"line":8,"column":23}},"8":{"start":{"line":9,"column":0},"end":{"line":9,"column":15}},"9":{"start":{"line":10,"column":0},"end":{"line":10,"column":47}},"10":{"start":{"line":11,"column":0},"end":{"line":11,"column":5}},"11":{"start":{"line":12,"column":0},"end":{"line":12,"column":18}},"12":{"start":{"line":13,"column":0},"end":{"line":13,"column":3}},"13":{"start":{"line":14,"column":0},"end":{"line":14,"column":0}},"14":{"start":{"line":15,"column":0},"end":{"line":15,"column":12}},"15":{"start":{"line":16,"column":0},"end":{"line":16,"column":16}},"16":{"start":{"line":17,"column":0},"end":{"line":17,"column":69}},"17":{"start":{"line":18,"column":0},"end":{"line":18,"column":2}},"18":{"start":{"line":19,"column":0},"end":{"line":19,"column":0}},"19":{"start":{"line":20,"column":0},"end":{"line":20,"column":60}},"20":{"start":{"line":21,"column":0},"end":{"line":21,"column":44}},"21":{"start":{"line":22,"column":0},"end":{"line":22,"column":25}},"22":{"start":{"line":23,"column":0},"end":{"line":23,"column":18}},"23":{"start":{"line":24,"column":0},"end":{"line":24,"column":3}},"24":{"start":{"line":25,"column":0},"end":{"line":25,"column":0}},"25":{"start":{"line":26,"column":0},"end":{"line":26,"column":38}},"26":{"start":{"line":27,"column":0},"end":{"line":27,"column":33}},"27":{"start":{"line":28,"column":0},"end":{"line":28,"column":12}},"28":{"start":{"line":29,"column":0},"end":{"line":29,"column":77}},"29":{"start":{"line":30,"column":0},"end":{"line":30,"column":7}},"30":{"start":{"line":31,"column":0},"end":{"line":31,"column":3}},"31":{"start":{"line":32,"column":0},"end":{"line":32,"column":0}},"32":{"start":{"line":33,"column":0},"end":{"line":33,"column":35}},"33":{"start":{"line":34,"column":0},"end":{"line":34,"column":0}},"34":{"start":{"line":35,"column":0},"end":{"line":35,"column":7}},"35":{"start":{"line":36,"column":0},"end":{"line":36,"column":16}},"36":{"start":{"line":37,"column":0},"end":{"line":37,"column":75}},"37":{"start":{"line":38,"column":0},"end":{"line":38,"column":29}},"38":{"start":{"line":39,"column":0},"end":{"line":39,"column":20}},"39":{"start":{"line":40,"column":0},"end":{"line":40,"column":68}},"40":{"start":{"line":41,"column":0},"end":{"line":41,"column":5}},"41":{"start":{"line":42,"column":0},"end":{"line":42,"column":58}},"42":{"start":{"line":43,"column":0},"end":{"line":43,"column":35}},"43":{"start":{"line":44,"column":0},"end":{"line":44,"column":78}},"44":{"start":{"line":45,"column":0},"end":{"line":45,"column":9}},"45":{"start":{"line":46,"column":0},"end":{"line":46,"column":5}},"46":{"start":{"line":47,"column":0},"end":{"line":47,"column":11}},"47":{"start":{"line":48,"column":0},"end":{"line":48,"column":17}},"48":{"start":{"line":49,"column":0},"end":{"line":49,"column":65}},"49":{"start":{"line":50,"column":0},"end":{"line":50,"column":14}},"50":{"start":{"line":51,"column":0},"end":{"line":51,"column":18}},"51":{"start":{"line":52,"column":0},"end":{"line":52,"column":67}},"52":{"start":{"line":53,"column":0},"end":{"line":53,"column":3}},"53":{"start":{"line":54,"column":0},"end":{"line":54,"column":2}},"54":{"start":{"line":55,"column":0},"end":{"line":55,"column":0}},"55":{"start":{"line":56,"column":0},"end":{"line":56,"column":57}},"56":{"start":{"line":57,"column":0},"end":{"line":57,"column":35}},"57":{"start":{"line":58,"column":0},"end":{"line":58,"column":61}},"58":{"start":{"line":59,"column":0},"end":{"line":59,"column":37}},"59":{"start":{"line":60,"column":0},"end":{"line":60,"column":0}},"60":{"start":{"line":61,"column":0},"end":{"line":61,"column":62}},"61":{"start":{"line":62,"column":0},"end":{"line":62,"column":58}},"62":{"start":{"line":63,"column":0},"end":{"line":63,"column":5}},"63":{"start":{"line":64,"column":0},"end":{"line":64,"column":25}},"64":{"start":{"line":65,"column":0},"end":{"line":65,"column":34}},"65":{"start":{"line":66,"column":0},"end":{"line":66,"column":5}},"66":{"start":{"line":67,"column":0},"end":{"line":67,"column":3}},"67":{"start":{"line":68,"column":0},"end":{"line":68,"column":9}},"68":{"start":{"line":69,"column":0},"end":{"line":69,"column":2}}},"s":{"0":1,"1":1,"2":1,"3":3,"4":3,"5":3,"6":2,"7":2,"8":3,"9":2,"10":3,"11":1,"12":1,"13":1,"14":1,"15":1,"16":1,"17":1,"18":1,"19":1,"20":6,"21":6,"22":1,"23":1,"24":5,"25":6,"26":1,"27":1,"28":1,"29":1,"30":1,"31":4,"32":4,"33":4,"34":4,"35":4,"36":4,"37":3,"38":6,"39":1,"40":1,"41":6,"42":1,"43":1,"44":1,"45":1,"46":1,"47":1,"48":1,"49":1,"50":1,"51":1,"52":1,"53":1,"54":1,"55":1,"56":3,"57":2,"58":2,"59":2,"60":2,"61":1,"62":1,"63":1,"64":1,"65":1,"66":2,"67":2,"68":1},"branchMap":{"0":{"type":"branch","line":1,"loc":{"start":{"line":1,"column":0},"end":{"line":69,"column":2}},"locations":[{"start":{"line":1,"column":0},"end":{"line":69,"column":2}}]},"1":{"type":"branch","line":3,"loc":{"start":{"line":3,"column":33},"end":{"line":18,"column":1}},"locations":[{"start":{"line":3,"column":33},"end":{"line":18,"column":1}}]},"2":{"type":"branch","line":4,"loc":{"start":{"line":4,"column":38},"end":{"line":4,"column":43}},"locations":[{"start":{"line":4,"column":38},"end":{"line":4,"column":43}}]},"3":{"type":"branch","line":5,"loc":{"start":{"line":5,"column":39},"end":{"line":5,"column":61}},"locations":[{"start":{"line":5,"column":39},"end":{"line":5,"column":61}}]},"4":{"type":"branch","line":6,"loc":{"start":{"line":6,"column":24},"end":{"line":6,"column":38}},"locations":[{"start":{"line":6,"column":24},"end":{"line":6,"column":38}}]},"5":{"type":"branch","line":7,"loc":{"start":{"line":7,"column":-1},"end":{"line":9,"column":12}},"locations":[{"start":{"line":7,"column":-1},"end":{"line":9,"column":12}}]},"6":{"type":"branch","line":9,"loc":{"start":{"line":9,"column":13},"end":{"line":10,"column":47}},"locations":[{"start":{"line":9,"column":13},"end":{"line":10,"column":47}}]},"7":{"type":"branch","line":11,"loc":{"start":{"line":11,"column":4},"end":{"line":18,"column":0}},"locations":[{"start":{"line":11,"column":4},"end":{"line":18,"column":0}}]},"8":{"type":"branch","line":20,"loc":{"start":{"line":20,"column":33},"end":{"line":54,"column":1}},"locations":[{"start":{"line":20,"column":33},"end":{"line":54,"column":1}}]},"9":{"type":"branch","line":21,"loc":{"start":{"line":21,"column":38},"end":{"line":21,"column":43}},"locations":[{"start":{"line":21,"column":38},"end":{"line":21,"column":43}}]},"10":{"type":"branch","line":22,"loc":{"start":{"line":22,"column":24},"end":{"line":24,"column":3}},"locations":[{"start":{"line":22,"column":24},"end":{"line":24,"column":3}}]},"11":{"type":"branch","line":25,"loc":{"start":{"line":25,"column":-1},"end":{"line":26,"column":23}},"locations":[{"start":{"line":25,"column":-1},"end":{"line":26,"column":23}}]},"12":{"type":"branch","line":26,"loc":{"start":{"line":26,"column":23},"end":{"line":26,"column":35}},"locations":[{"start":{"line":26,"column":23},"end":{"line":26,"column":35}}]},"13":{"type":"branch","line":26,"loc":{"start":{"line":26,"column":37},"end":{"line":31,"column":3}},"locations":[{"start":{"line":26,"column":37},"end":{"line":31,"column":3}}]},"14":{"type":"branch","line":32,"loc":{"start":{"line":32,"column":-1},"end":{"line":37,"column":75}},"locations":[{"start":{"line":32,"column":-1},"end":{"line":37,"column":75}}]},"15":{"type":"branch","line":38,"loc":{"start":{"line":38,"column":-1},"end":{"line":39,"column":19}},"locations":[{"start":{"line":38,"column":-1},"end":{"line":39,"column":19}}]},"16":{"type":"branch","line":39,"loc":{"start":{"line":39,"column":19},"end":{"line":41,"column":5}},"locations":[{"start":{"line":39,"column":19},"end":{"line":41,"column":5}}]},"17":{"type":"branch","line":42,"loc":{"start":{"line":42,"column":-1},"end":{"line":42,"column":57}},"locations":[{"start":{"line":42,"column":-1},"end":{"line":42,"column":57}}]},"18":{"type":"branch","line":42,"loc":{"start":{"line":42,"column":57},"end":{"line":53,"column":3}},"locations":[{"start":{"line":42,"column":57},"end":{"line":53,"column":3}}]},"19":{"type":"branch","line":56,"loc":{"start":{"line":56,"column":36},"end":{"line":69,"column":1}},"locations":[{"start":{"line":56,"column":36},"end":{"line":69,"column":1}}]},"20":{"type":"branch","line":57,"loc":{"start":{"line":57,"column":34},"end":{"line":69,"column":0}},"locations":[{"start":{"line":57,"column":34},"end":{"line":69,"column":0}}]},"21":{"type":"branch","line":58,"loc":{"start":{"line":58,"column":39},"end":{"line":58,"column":60}},"locations":[{"start":{"line":58,"column":39},"end":{"line":58,"column":60}}]},"22":{"type":"branch","line":61,"loc":{"start":{"line":61,"column":23},"end":{"line":61,"column":59}},"locations":[{"start":{"line":61,"column":23},"end":{"line":61,"column":59}}]},"23":{"type":"branch","line":61,"loc":{"start":{"line":61,"column":61},"end":{"line":66,"column":5}},"locations":[{"start":{"line":61,"column":61},"end":{"line":66,"column":5}}]}},"b":{"0":[1],"1":[3],"2":[0],"3":[0],"4":[1],"5":[2],"6":[2],"7":[1],"8":[6],"9":[0],"10":[1],"11":[5],"12":[4],"13":[1],"14":[4],"15":[3],"16":[1],"17":[2],"18":[1],"19":[3],"20":[2],"21":[1],"22":[1],"23":[1]},"fnMap":{"0":{"name":"ensureSelfOrAdmin","decl":{"start":{"line":3,"column":33},"end":{"line":18,"column":1}},"loc":{"start":{"line":3,"column":33},"end":{"line":18,"column":1}},"line":3},"1":{"name":"canManageProperty","decl":{"start":{"line":20,"column":33},"end":{"line":54,"column":1}},"loc":{"start":{"line":20,"column":33},"end":{"line":54,"column":1}},"line":20},"2":{"name":"attachAgencyOnCreate","decl":{"start":{"line":56,"column":36},"end":{"line":69,"column":1}},"loc":{"start":{"line":56,"column":36},"end":{"line":69,"column":1}},"line":56}},"f":{"0":3,"1":6,"2":3}}
}
