{"/Users/petermurray/Desktop/Dissertation/PropertyApp/backend/controllers/adminController.js": {"path":"/Users/petermurray/Desktop/Dissertation/PropertyApp/backend/controllers/adminController.js","all":false,"statementMap":{"0":{"start":{"line":1,"column":0},"end":{"line":1,"column":28}},"1":{"start":{"line":2,"column":0},"end":{"line":2,"column":31}},"2":{"start":{"line":3,"column":0},"end":{"line":3,"column":38}},"3":{"start":{"line":4,"column":0},"end":{"line":4,"column":0}},"4":{"start":{"line":5,"column":0},"end":{"line":5,"column":47}},"5":{"start":{"line":6,"column":0},"end":{"line":6,"column":42}},"6":{"start":{"line":7,"column":0},"end":{"line":7,"column":0}},"7":{"start":{"line":8,"column":0},"end":{"line":8,"column":7}},"8":{"start":{"line":9,"column":0},"end":{"line":9,"column":78}},"9":{"start":{"line":10,"column":0},"end":{"line":10,"column":0}},"10":{"start":{"line":11,"column":0},"end":{"line":11,"column":21}},"11":{"start":{"line":12,"column":0},"end":{"line":12,"column":68}},"12":{"start":{"line":13,"column":0},"end":{"line":13,"column":26}},"13":{"start":{"line":14,"column":0},"end":{"line":14,"column":58}},"14":{"start":{"line":15,"column":0},"end":{"line":15,"column":59}},"15":{"start":{"line":16,"column":0},"end":{"line":16,"column":70}},"16":{"start":{"line":17,"column":0},"end":{"line":17,"column":49}},"17":{"start":{"line":18,"column":0},"end":{"line":18,"column":78}},"18":{"start":{"line":19,"column":0},"end":{"line":19,"column":0}},"19":{"start":{"line":20,"column":0},"end":{"line":20,"column":27}},"20":{"start":{"line":21,"column":0},"end":{"line":21,"column":64}},"21":{"start":{"line":22,"column":0},"end":{"line":22,"column":29}},"22":{"start":{"line":23,"column":0},"end":{"line":23,"column":25}},"23":{"start":{"line":24,"column":0},"end":{"line":24,"column":6}},"24":{"start":{"line":25,"column":0},"end":{"line":25,"column":14}},"25":{"start":{"line":26,"column":0},"end":{"line":26,"column":12}},"26":{"start":{"line":27,"column":0},"end":{"line":27,"column":70}},"27":{"start":{"line":28,"column":0},"end":{"line":28,"column":7}},"28":{"start":{"line":29,"column":0},"end":{"line":29,"column":17}},"29":{"start":{"line":30,"column":0},"end":{"line":30,"column":44}},"30":{"start":{"line":31,"column":0},"end":{"line":31,"column":52}},"31":{"start":{"line":32,"column":0},"end":{"line":32,"column":3}},"32":{"start":{"line":33,"column":0},"end":{"line":33,"column":2}},"33":{"start":{"line":34,"column":0},"end":{"line":34,"column":0}},"34":{"start":{"line":35,"column":0},"end":{"line":35,"column":44}},"35":{"start":{"line":36,"column":0},"end":{"line":36,"column":7}},"36":{"start":{"line":37,"column":0},"end":{"line":37,"column":49}},"37":{"start":{"line":38,"column":0},"end":{"line":38,"column":73}},"38":{"start":{"line":39,"column":0},"end":{"line":39,"column":67}},"39":{"start":{"line":40,"column":0},"end":{"line":40,"column":0}},"40":{"start":{"line":41,"column":0},"end":{"line":41,"column":62}},"41":{"start":{"line":42,"column":0},"end":{"line":42,"column":33}},"42":{"start":{"line":43,"column":0},"end":{"line":43,"column":58}},"43":{"start":{"line":44,"column":0},"end":{"line":44,"column":0}},"44":{"start":{"line":45,"column":0},"end":{"line":45,"column":74}},"45":{"start":{"line":46,"column":0},"end":{"line":46,"column":26}},"46":{"start":{"line":47,"column":0},"end":{"line":47,"column":68}},"47":{"start":{"line":48,"column":0},"end":{"line":48,"column":21}},"48":{"start":{"line":49,"column":0},"end":{"line":49,"column":70}},"49":{"start":{"line":50,"column":0},"end":{"line":50,"column":7}},"50":{"start":{"line":51,"column":0},"end":{"line":51,"column":17}},"51":{"start":{"line":52,"column":0},"end":{"line":52,"column":60}},"52":{"start":{"line":53,"column":0},"end":{"line":53,"column":3}},"53":{"start":{"line":54,"column":0},"end":{"line":54,"column":2}}},"s":{"0":1,"1":1,"2":1,"3":1,"4":1,"5":3,"6":3,"7":3,"8":3,"9":3,"10":3,"11":3,"12":2,"13":2,"14":2,"15":2,"16":2,"17":3,"18":1,"19":1,"20":1,"21":1,"22":1,"23":1,"24":1,"25":1,"26":1,"27":1,"28":3,"29":0,"30":0,"31":0,"32":1,"33":1,"34":1,"35":4,"36":4,"37":4,"38":4,"39":3,"40":3,"41":3,"42":4,"43":1,"44":1,"45":1,"46":4,"47":1,"48":1,"49":1,"50":1,"51":1,"52":1,"53":1},"branchMap":{"0":{"type":"branch","line":1,"loc":{"start":{"line":1,"column":0},"end":{"line":54,"column":2}},"locations":[{"start":{"line":1,"column":0},"end":{"line":54,"column":2}}]},"1":{"type":"branch","line":5,"loc":{"start":{"line":5,"column":26},"end":{"line":33,"column":1}},"locations":[{"start":{"line":5,"column":26},"end":{"line":33,"column":1}}]},"2":{"type":"branch","line":12,"loc":{"start":{"line":12,"column":6},"end":{"line":12,"column":68}},"locations":[{"start":{"line":12,"column":6},"end":{"line":12,"column":68}}]},"3":{"type":"branch","line":13,"loc":{"start":{"line":13,"column":-1},"end":{"line":18,"column":16}},"locations":[{"start":{"line":13,"column":-1},"end":{"line":18,"column":16}}]},"4":{"type":"branch","line":18,"loc":{"start":{"line":18,"column":16},"end":{"line":29,"column":4}},"locations":[{"start":{"line":18,"column":16},"end":{"line":29,"column":4}}]},"5":{"type":"branch","line":29,"loc":{"start":{"line":29,"column":4},"end":{"line":32,"column":3}},"locations":[{"start":{"line":29,"column":4},"end":{"line":32,"column":3}}]},"6":{"type":"branch","line":35,"loc":{"start":{"line":35,"column":23},"end":{"line":54,"column":1}},"locations":[{"start":{"line":35,"column":23},"end":{"line":54,"column":1}}]},"7":{"type":"branch","line":37,"loc":{"start":{"line":37,"column":43},"end":{"line":37,"column":48}},"locations":[{"start":{"line":37,"column":43},"end":{"line":37,"column":48}}]},"8":{"type":"branch","line":38,"loc":{"start":{"line":38,"column":45},"end":{"line":38,"column":65}},"locations":[{"start":{"line":38,"column":45},"end":{"line":38,"column":65}}]},"9":{"type":"branch","line":38,"loc":{"start":{"line":38,"column":66},"end":{"line":38,"column":72}},"locations":[{"start":{"line":38,"column":66},"end":{"line":38,"column":72}}]},"10":{"type":"branch","line":39,"loc":{"start":{"line":39,"column":16},"end":{"line":39,"column":67}},"locations":[{"start":{"line":39,"column":16},"end":{"line":39,"column":67}}]},"11":{"type":"branch","line":40,"loc":{"start":{"line":40,"column":-1},"end":{"line":43,"column":6}},"locations":[{"start":{"line":40,"column":-1},"end":{"line":43,"column":6}}]},"12":{"type":"branch","line":43,"loc":{"start":{"line":43,"column":6},"end":{"line":47,"column":16}},"locations":[{"start":{"line":43,"column":6},"end":{"line":47,"column":16}}]},"13":{"type":"branch","line":47,"loc":{"start":{"line":47,"column":16},"end":{"line":47,"column":68}},"locations":[{"start":{"line":47,"column":16},"end":{"line":47,"column":68}}]},"14":{"type":"branch","line":48,"loc":{"start":{"line":48,"column":-1},"end":{"line":53,"column":3}},"locations":[{"start":{"line":48,"column":-1},"end":{"line":53,"column":3}}]}},"b":{"0":[1],"1":[3],"2":[1],"3":[2],"4":[1],"5":[0],"6":[4],"7":[1],"8":[3],"9":[1],"10":[1],"11":[3],"12":[1],"13":[0],"14":[1]},"fnMap":{"0":{"name":"adminLogin","decl":{"start":{"line":5,"column":26},"end":{"line":33,"column":1}},"loc":{"start":{"line":5,"column":26},"end":{"line":33,"column":1}},"line":5},"1":{"name":"adminMe","decl":{"start":{"line":35,"column":23},"end":{"line":54,"column":1}},"loc":{"start":{"line":35,"column":23},"end":{"line":54,"column":1}},"line":35}},"f":{"0":3,"1":4}}
,"/Users/petermurray/Desktop/Dissertation/PropertyApp/backend/controllers/agencyController.js": {"path":"/Users/petermurray/Desktop/Dissertation/PropertyApp/backend/controllers/agencyController.js","all":false,"statementMap":{"0":{"start":{"line":1,"column":0},"end":{"line":1,"column":28}},"1":{"start":{"line":2,"column":0},"end":{"line":2,"column":31}},"2":{"start":{"line":3,"column":0},"end":{"line":3,"column":38}},"3":{"start":{"line":4,"column":0},"end":{"line":4,"column":0}},"4":{"start":{"line":5,"column":0},"end":{"line":5,"column":51}},"5":{"start":{"line":6,"column":0},"end":{"line":6,"column":74}},"6":{"start":{"line":7,"column":0},"end":{"line":7,"column":0}},"7":{"start":{"line":8,"column":0},"end":{"line":8,"column":7}},"8":{"start":{"line":9,"column":0},"end":{"line":9,"column":57}},"9":{"start":{"line":10,"column":0},"end":{"line":10,"column":18}},"10":{"start":{"line":11,"column":0},"end":{"line":11,"column":244}},"11":{"start":{"line":12,"column":0},"end":{"line":12,"column":0}},"12":{"start":{"line":13,"column":0},"end":{"line":13,"column":29}},"13":{"start":{"line":14,"column":0},"end":{"line":14,"column":27}},"14":{"start":{"line":15,"column":0},"end":{"line":15,"column":7}},"15":{"start":{"line":16,"column":0},"end":{"line":16,"column":28}},"16":{"start":{"line":17,"column":0},"end":{"line":17,"column":22}},"17":{"start":{"line":18,"column":0},"end":{"line":18,"column":8}},"18":{"start":{"line":19,"column":0},"end":{"line":19,"column":29}},"19":{"start":{"line":20,"column":0},"end":{"line":20,"column":7}},"20":{"start":{"line":21,"column":0},"end":{"line":21,"column":24}},"21":{"start":{"line":22,"column":0},"end":{"line":22,"column":7}},"22":{"start":{"line":23,"column":0},"end":{"line":23,"column":6}},"23":{"start":{"line":24,"column":0},"end":{"line":24,"column":44}},"24":{"start":{"line":25,"column":0},"end":{"line":25,"column":17}},"25":{"start":{"line":26,"column":0},"end":{"line":26,"column":51}},"26":{"start":{"line":27,"column":0},"end":{"line":27,"column":65}},"27":{"start":{"line":28,"column":0},"end":{"line":28,"column":3}},"28":{"start":{"line":29,"column":0},"end":{"line":29,"column":2}},"29":{"start":{"line":30,"column":0},"end":{"line":30,"column":0}},"30":{"start":{"line":31,"column":0},"end":{"line":31,"column":48}},"31":{"start":{"line":32,"column":0},"end":{"line":32,"column":44}},"32":{"start":{"line":33,"column":0},"end":{"line":33,"column":0}},"33":{"start":{"line":34,"column":0},"end":{"line":34,"column":7}},"34":{"start":{"line":35,"column":0},"end":{"line":35,"column":18}},"35":{"start":{"line":36,"column":0},"end":{"line":36,"column":75}},"36":{"start":{"line":37,"column":0},"end":{"line":37,"column":29}},"37":{"start":{"line":38,"column":0},"end":{"line":38,"column":0}},"38":{"start":{"line":39,"column":0},"end":{"line":39,"column":79}},"39":{"start":{"line":40,"column":0},"end":{"line":40,"column":0}},"40":{"start":{"line":41,"column":0},"end":{"line":41,"column":70}},"41":{"start":{"line":42,"column":0},"end":{"line":42,"column":78}},"42":{"start":{"line":43,"column":0},"end":{"line":43,"column":0}},"43":{"start":{"line":44,"column":0},"end":{"line":44,"column":27}},"44":{"start":{"line":45,"column":0},"end":{"line":45,"column":45}},"45":{"start":{"line":46,"column":0},"end":{"line":46,"column":29}},"46":{"start":{"line":47,"column":0},"end":{"line":47,"column":26}},"47":{"start":{"line":48,"column":0},"end":{"line":48,"column":6}},"48":{"start":{"line":49,"column":0},"end":{"line":49,"column":32}},"49":{"start":{"line":50,"column":0},"end":{"line":50,"column":17}},"50":{"start":{"line":51,"column":0},"end":{"line":51,"column":43}},"51":{"start":{"line":52,"column":0},"end":{"line":52,"column":52}},"52":{"start":{"line":53,"column":0},"end":{"line":53,"column":3}},"53":{"start":{"line":54,"column":0},"end":{"line":54,"column":2}},"54":{"start":{"line":55,"column":0},"end":{"line":55,"column":0}},"55":{"start":{"line":56,"column":0},"end":{"line":56,"column":58}},"56":{"start":{"line":57,"column":0},"end":{"line":57,"column":40}},"57":{"start":{"line":58,"column":0},"end":{"line":58,"column":0}},"58":{"start":{"line":59,"column":0},"end":{"line":59,"column":46}},"59":{"start":{"line":60,"column":0},"end":{"line":60,"column":37}},"60":{"start":{"line":61,"column":0},"end":{"line":61,"column":47}},"61":{"start":{"line":62,"column":0},"end":{"line":62,"column":46}},"62":{"start":{"line":63,"column":0},"end":{"line":63,"column":0}},"63":{"start":{"line":64,"column":0},"end":{"line":64,"column":56}},"64":{"start":{"line":65,"column":0},"end":{"line":65,"column":58}},"65":{"start":{"line":66,"column":0},"end":{"line":66,"column":36}},"66":{"start":{"line":67,"column":0},"end":{"line":67,"column":0}},"67":{"start":{"line":68,"column":0},"end":{"line":68,"column":7}},"68":{"start":{"line":69,"column":0},"end":{"line":69,"column":33}},"69":{"start":{"line":70,"column":0},"end":{"line":70,"column":14}},"70":{"start":{"line":71,"column":0},"end":{"line":71,"column":21}},"71":{"start":{"line":72,"column":0},"end":{"line":72,"column":34}},"72":{"start":{"line":73,"column":0},"end":{"line":73,"column":30}},"73":{"start":{"line":74,"column":0},"end":{"line":74,"column":38}},"74":{"start":{"line":75,"column":0},"end":{"line":75,"column":6}},"75":{"start":{"line":76,"column":0},"end":{"line":76,"column":0}},"76":{"start":{"line":77,"column":0},"end":{"line":77,"column":46}},"77":{"start":{"line":78,"column":0},"end":{"line":78,"column":35}},"78":{"start":{"line":79,"column":0},"end":{"line":79,"column":21}},"79":{"start":{"line":80,"column":0},"end":{"line":80,"column":35}},"80":{"start":{"line":81,"column":0},"end":{"line":81,"column":6}},"81":{"start":{"line":82,"column":0},"end":{"line":82,"column":0}},"82":{"start":{"line":83,"column":0},"end":{"line":83,"column":60}},"83":{"start":{"line":84,"column":0},"end":{"line":84,"column":35}},"84":{"start":{"line":85,"column":0},"end":{"line":85,"column":54}},"85":{"start":{"line":86,"column":0},"end":{"line":86,"column":5}},"86":{"start":{"line":87,"column":0},"end":{"line":87,"column":0}},"87":{"start":{"line":88,"column":0},"end":{"line":88,"column":29}},"88":{"start":{"line":89,"column":0},"end":{"line":89,"column":35}},"89":{"start":{"line":90,"column":0},"end":{"line":90,"column":17}},"90":{"start":{"line":91,"column":0},"end":{"line":91,"column":56}},"91":{"start":{"line":92,"column":0},"end":{"line":92,"column":31}},"92":{"start":{"line":93,"column":0},"end":{"line":93,"column":6}},"93":{"start":{"line":94,"column":0},"end":{"line":94,"column":0}},"94":{"start":{"line":95,"column":0},"end":{"line":95,"column":33}},"95":{"start":{"line":96,"column":0},"end":{"line":96,"column":31}},"96":{"start":{"line":97,"column":0},"end":{"line":97,"column":42}},"97":{"start":{"line":98,"column":0},"end":{"line":98,"column":56}},"98":{"start":{"line":99,"column":0},"end":{"line":99,"column":46}},"99":{"start":{"line":100,"column":0},"end":{"line":100,"column":5}},"100":{"start":{"line":101,"column":0},"end":{"line":101,"column":0}},"101":{"start":{"line":102,"column":0},"end":{"line":102,"column":57}},"102":{"start":{"line":103,"column":0},"end":{"line":103,"column":11}},"103":{"start":{"line":104,"column":0},"end":{"line":104,"column":52}},"104":{"start":{"line":105,"column":0},"end":{"line":105,"column":8}},"105":{"start":{"line":106,"column":0},"end":{"line":106,"column":0}},"106":{"start":{"line":107,"column":0},"end":{"line":107,"column":21}},"107":{"start":{"line":108,"column":0},"end":{"line":108,"column":39}},"108":{"start":{"line":109,"column":0},"end":{"line":109,"column":17}},"109":{"start":{"line":110,"column":0},"end":{"line":110,"column":11}},"110":{"start":{"line":111,"column":0},"end":{"line":111,"column":12}},"111":{"start":{"line":112,"column":0},"end":{"line":112,"column":7}},"112":{"start":{"line":113,"column":0},"end":{"line":113,"column":17}},"113":{"start":{"line":114,"column":0},"end":{"line":114,"column":59}},"114":{"start":{"line":115,"column":0},"end":{"line":115,"column":73}},"115":{"start":{"line":116,"column":0},"end":{"line":116,"column":3}},"116":{"start":{"line":117,"column":0},"end":{"line":117,"column":2}},"117":{"start":{"line":118,"column":0},"end":{"line":118,"column":0}},"118":{"start":{"line":119,"column":0},"end":{"line":119,"column":48}},"119":{"start":{"line":120,"column":0},"end":{"line":120,"column":7}},"120":{"start":{"line":121,"column":0},"end":{"line":121,"column":79}},"121":{"start":{"line":122,"column":0},"end":{"line":122,"column":34}},"122":{"start":{"line":123,"column":0},"end":{"line":123,"column":16}},"123":{"start":{"line":124,"column":0},"end":{"line":124,"column":149}},"124":{"start":{"line":125,"column":0},"end":{"line":125,"column":26}},"125":{"start":{"line":126,"column":0},"end":{"line":126,"column":65}},"126":{"start":{"line":127,"column":0},"end":{"line":127,"column":0}},"127":{"start":{"line":128,"column":0},"end":{"line":128,"column":27}},"128":{"start":{"line":129,"column":0},"end":{"line":129,"column":32}},"129":{"start":{"line":130,"column":0},"end":{"line":130,"column":17}},"130":{"start":{"line":131,"column":0},"end":{"line":131,"column":45}},"131":{"start":{"line":132,"column":0},"end":{"line":132,"column":69}},"132":{"start":{"line":133,"column":0},"end":{"line":133,"column":3}},"133":{"start":{"line":134,"column":0},"end":{"line":134,"column":2}},"134":{"start":{"line":135,"column":0},"end":{"line":135,"column":0}},"135":{"start":{"line":136,"column":0},"end":{"line":136,"column":49}},"136":{"start":{"line":137,"column":0},"end":{"line":137,"column":7}},"137":{"start":{"line":138,"column":0},"end":{"line":138,"column":27}},"138":{"start":{"line":139,"column":0},"end":{"line":139,"column":35}},"139":{"start":{"line":140,"column":0},"end":{"line":140,"column":16}},"140":{"start":{"line":141,"column":0},"end":{"line":141,"column":34}},"141":{"start":{"line":142,"column":0},"end":{"line":142,"column":33}},"142":{"start":{"line":143,"column":0},"end":{"line":143,"column":17}},"143":{"start":{"line":144,"column":0},"end":{"line":144,"column":49}},"144":{"start":{"line":145,"column":0},"end":{"line":145,"column":64}},"145":{"start":{"line":146,"column":0},"end":{"line":146,"column":3}},"146":{"start":{"line":147,"column":0},"end":{"line":147,"column":2}},"147":{"start":{"line":148,"column":0},"end":{"line":148,"column":0}},"148":{"start":{"line":149,"column":0},"end":{"line":149,"column":49}},"149":{"start":{"line":150,"column":0},"end":{"line":150,"column":9}},"150":{"start":{"line":151,"column":0},"end":{"line":151,"column":16}},"151":{"start":{"line":152,"column":0},"end":{"line":152,"column":17}},"152":{"start":{"line":153,"column":0},"end":{"line":153,"column":10}},"153":{"start":{"line":154,"column":0},"end":{"line":154,"column":13}},"154":{"start":{"line":155,"column":0},"end":{"line":155,"column":26}},"155":{"start":{"line":156,"column":0},"end":{"line":156,"column":22}},"156":{"start":{"line":157,"column":0},"end":{"line":157,"column":12}},"157":{"start":{"line":158,"column":0},"end":{"line":158,"column":15}},"158":{"start":{"line":159,"column":0},"end":{"line":159,"column":32}},"159":{"start":{"line":160,"column":0},"end":{"line":160,"column":0}},"160":{"start":{"line":161,"column":0},"end":{"line":161,"column":60}},"161":{"start":{"line":162,"column":0},"end":{"line":162,"column":65}},"162":{"start":{"line":163,"column":0},"end":{"line":163,"column":0}},"163":{"start":{"line":164,"column":0},"end":{"line":164,"column":7}},"164":{"start":{"line":165,"column":0},"end":{"line":165,"column":78}},"165":{"start":{"line":166,"column":0},"end":{"line":166,"column":31}},"166":{"start":{"line":167,"column":0},"end":{"line":167,"column":0}},"167":{"start":{"line":168,"column":0},"end":{"line":168,"column":18}},"168":{"start":{"line":169,"column":0},"end":{"line":169,"column":66}},"169":{"start":{"line":170,"column":0},"end":{"line":170,"column":5}},"170":{"start":{"line":171,"column":0},"end":{"line":171,"column":0}},"171":{"start":{"line":172,"column":0},"end":{"line":172,"column":47}},"172":{"start":{"line":173,"column":0},"end":{"line":173,"column":28}},"173":{"start":{"line":174,"column":0},"end":{"line":174,"column":35}},"174":{"start":{"line":175,"column":0},"end":{"line":175,"column":18}},"175":{"start":{"line":176,"column":0},"end":{"line":176,"column":22}},"176":{"start":{"line":177,"column":0},"end":{"line":177,"column":79}},"177":{"start":{"line":178,"column":0},"end":{"line":178,"column":7}},"178":{"start":{"line":179,"column":0},"end":{"line":179,"column":0}},"179":{"start":{"line":180,"column":0},"end":{"line":180,"column":49}},"180":{"start":{"line":181,"column":0},"end":{"line":181,"column":30}},"181":{"start":{"line":182,"column":0},"end":{"line":182,"column":28}},"182":{"start":{"line":183,"column":0},"end":{"line":183,"column":8}},"183":{"start":{"line":184,"column":0},"end":{"line":184,"column":27}},"184":{"start":{"line":185,"column":0},"end":{"line":185,"column":75}},"185":{"start":{"line":186,"column":0},"end":{"line":186,"column":7}},"186":{"start":{"line":187,"column":0},"end":{"line":187,"column":0}},"187":{"start":{"line":188,"column":0},"end":{"line":188,"column":44}},"188":{"start":{"line":189,"column":0},"end":{"line":189,"column":67}},"189":{"start":{"line":190,"column":0},"end":{"line":190,"column":5}},"190":{"start":{"line":191,"column":0},"end":{"line":191,"column":0}},"191":{"start":{"line":192,"column":0},"end":{"line":192,"column":38}},"192":{"start":{"line":193,"column":0},"end":{"line":193,"column":23}},"193":{"start":{"line":194,"column":0},"end":{"line":194,"column":55}},"194":{"start":{"line":195,"column":0},"end":{"line":195,"column":58}},"195":{"start":{"line":196,"column":0},"end":{"line":196,"column":63}},"196":{"start":{"line":197,"column":0},"end":{"line":197,"column":37}},"197":{"start":{"line":198,"column":0},"end":{"line":198,"column":46}},"198":{"start":{"line":199,"column":0},"end":{"line":199,"column":42}},"199":{"start":{"line":200,"column":0},"end":{"line":200,"column":26}},"200":{"start":{"line":201,"column":0},"end":{"line":201,"column":69}},"201":{"start":{"line":202,"column":0},"end":{"line":202,"column":6}},"202":{"start":{"line":203,"column":0},"end":{"line":203,"column":40}},"203":{"start":{"line":204,"column":0},"end":{"line":204,"column":17}},"204":{"start":{"line":205,"column":0},"end":{"line":205,"column":46}},"205":{"start":{"line":206,"column":0},"end":{"line":206,"column":52}},"206":{"start":{"line":207,"column":0},"end":{"line":207,"column":3}},"207":{"start":{"line":208,"column":0},"end":{"line":208,"column":2}},"208":{"start":{"line":209,"column":0},"end":{"line":209,"column":0}},"209":{"start":{"line":210,"column":0},"end":{"line":210,"column":49}},"210":{"start":{"line":211,"column":0},"end":{"line":211,"column":32}},"211":{"start":{"line":212,"column":0},"end":{"line":212,"column":7}},"212":{"start":{"line":213,"column":0},"end":{"line":213,"column":80}},"213":{"start":{"line":214,"column":0},"end":{"line":214,"column":51}},"214":{"start":{"line":215,"column":0},"end":{"line":215,"column":31}},"215":{"start":{"line":216,"column":0},"end":{"line":216,"column":17}},"216":{"start":{"line":217,"column":0},"end":{"line":217,"column":46}},"217":{"start":{"line":218,"column":0},"end":{"line":218,"column":59}},"218":{"start":{"line":219,"column":0},"end":{"line":219,"column":3}},"219":{"start":{"line":220,"column":0},"end":{"line":220,"column":2}},"220":{"start":{"line":221,"column":0},"end":{"line":221,"column":0}},"221":{"start":{"line":222,"column":0},"end":{"line":222,"column":57}},"222":{"start":{"line":223,"column":0},"end":{"line":223,"column":41}},"223":{"start":{"line":224,"column":0},"end":{"line":224,"column":56}},"224":{"start":{"line":225,"column":0},"end":{"line":225,"column":73}},"225":{"start":{"line":226,"column":0},"end":{"line":226,"column":36}},"226":{"start":{"line":227,"column":0},"end":{"line":227,"column":0}},"227":{"start":{"line":228,"column":0},"end":{"line":228,"column":7}},"228":{"start":{"line":229,"column":0},"end":{"line":229,"column":32}},"229":{"start":{"line":230,"column":0},"end":{"line":230,"column":12}},"230":{"start":{"line":231,"column":0},"end":{"line":231,"column":13}},"231":{"start":{"line":232,"column":0},"end":{"line":232,"column":18}},"232":{"start":{"line":233,"column":0},"end":{"line":233,"column":21}},"233":{"start":{"line":234,"column":0},"end":{"line":234,"column":17}},"234":{"start":{"line":235,"column":0},"end":{"line":235,"column":22}},"235":{"start":{"line":236,"column":0},"end":{"line":236,"column":40}},"236":{"start":{"line":237,"column":0},"end":{"line":237,"column":37}},"237":{"start":{"line":238,"column":0},"end":{"line":238,"column":61}},"238":{"start":{"line":239,"column":0},"end":{"line":239,"column":56}},"239":{"start":{"line":240,"column":0},"end":{"line":240,"column":22}},"240":{"start":{"line":241,"column":0},"end":{"line":241,"column":47}},"241":{"start":{"line":242,"column":0},"end":{"line":242,"column":43}},"242":{"start":{"line":243,"column":0},"end":{"line":243,"column":37}},"243":{"start":{"line":244,"column":0},"end":{"line":244,"column":32}},"244":{"start":{"line":245,"column":0},"end":{"line":245,"column":38}},"245":{"start":{"line":246,"column":0},"end":{"line":246,"column":6}},"246":{"start":{"line":247,"column":0},"end":{"line":247,"column":0}},"247":{"start":{"line":248,"column":0},"end":{"line":248,"column":34}},"248":{"start":{"line":249,"column":0},"end":{"line":249,"column":35}},"249":{"start":{"line":250,"column":0},"end":{"line":250,"column":20}},"250":{"start":{"line":251,"column":0},"end":{"line":251,"column":36}},"251":{"start":{"line":252,"column":0},"end":{"line":252,"column":6}},"252":{"start":{"line":253,"column":0},"end":{"line":253,"column":0}},"253":{"start":{"line":254,"column":0},"end":{"line":254,"column":42}},"254":{"start":{"line":255,"column":0},"end":{"line":255,"column":17}},"255":{"start":{"line":256,"column":0},"end":{"line":256,"column":27}},"256":{"start":{"line":257,"column":0},"end":{"line":257,"column":32}},"257":{"start":{"line":258,"column":0},"end":{"line":258,"column":25}},"258":{"start":{"line":259,"column":0},"end":{"line":259,"column":34}},"259":{"start":{"line":260,"column":0},"end":{"line":260,"column":46}},"260":{"start":{"line":261,"column":0},"end":{"line":261,"column":40}},"261":{"start":{"line":262,"column":0},"end":{"line":262,"column":39}},"262":{"start":{"line":263,"column":0},"end":{"line":263,"column":32}},"263":{"start":{"line":264,"column":0},"end":{"line":264,"column":8}},"264":{"start":{"line":265,"column":0},"end":{"line":265,"column":0}},"265":{"start":{"line":266,"column":0},"end":{"line":266,"column":33}},"266":{"start":{"line":267,"column":0},"end":{"line":267,"column":20}},"267":{"start":{"line":268,"column":0},"end":{"line":268,"column":22}},"268":{"start":{"line":269,"column":0},"end":{"line":269,"column":11}},"269":{"start":{"line":270,"column":0},"end":{"line":270,"column":12}},"270":{"start":{"line":271,"column":0},"end":{"line":271,"column":24}},"271":{"start":{"line":272,"column":0},"end":{"line":272,"column":7}},"272":{"start":{"line":273,"column":0},"end":{"line":273,"column":17}},"273":{"start":{"line":274,"column":0},"end":{"line":274,"column":55}},"274":{"start":{"line":275,"column":0},"end":{"line":275,"column":33}},"275":{"start":{"line":276,"column":0},"end":{"line":276,"column":21}},"276":{"start":{"line":277,"column":0},"end":{"line":277,"column":41}},"277":{"start":{"line":278,"column":0},"end":{"line":278,"column":7}},"278":{"start":{"line":279,"column":0},"end":{"line":279,"column":3}},"279":{"start":{"line":280,"column":0},"end":{"line":280,"column":2}},"280":{"start":{"line":281,"column":0},"end":{"line":281,"column":0}},"281":{"start":{"line":282,"column":0},"end":{"line":282,"column":56}},"282":{"start":{"line":283,"column":0},"end":{"line":283,"column":47}},"283":{"start":{"line":284,"column":0},"end":{"line":284,"column":44}},"284":{"start":{"line":285,"column":0},"end":{"line":285,"column":0}},"285":{"start":{"line":286,"column":0},"end":{"line":286,"column":18}},"286":{"start":{"line":287,"column":0},"end":{"line":287,"column":30}},"287":{"start":{"line":288,"column":0},"end":{"line":288,"column":29}},"288":{"start":{"line":289,"column":0},"end":{"line":289,"column":34}},"289":{"start":{"line":290,"column":0},"end":{"line":290,"column":0}},"290":{"start":{"line":291,"column":0},"end":{"line":291,"column":49}},"291":{"start":{"line":292,"column":0},"end":{"line":292,"column":30}},"292":{"start":{"line":293,"column":0},"end":{"line":293,"column":0}},"293":{"start":{"line":294,"column":0},"end":{"line":294,"column":62}},"294":{"start":{"line":295,"column":0},"end":{"line":295,"column":77}},"295":{"start":{"line":296,"column":0},"end":{"line":296,"column":3}},"296":{"start":{"line":297,"column":0},"end":{"line":297,"column":0}},"297":{"start":{"line":298,"column":0},"end":{"line":298,"column":66}},"298":{"start":{"line":299,"column":0},"end":{"line":299,"column":57}},"299":{"start":{"line":300,"column":0},"end":{"line":300,"column":20}},"300":{"start":{"line":301,"column":0},"end":{"line":301,"column":24}},"301":{"start":{"line":302,"column":0},"end":{"line":302,"column":15}},"302":{"start":{"line":303,"column":0},"end":{"line":303,"column":43}},"303":{"start":{"line":304,"column":0},"end":{"line":304,"column":16}},"304":{"start":{"line":305,"column":0},"end":{"line":305,"column":7}},"305":{"start":{"line":306,"column":0},"end":{"line":306,"column":14}},"306":{"start":{"line":307,"column":0},"end":{"line":307,"column":18}},"307":{"start":{"line":308,"column":0},"end":{"line":308,"column":72}},"308":{"start":{"line":309,"column":0},"end":{"line":309,"column":3}},"309":{"start":{"line":310,"column":0},"end":{"line":310,"column":0}},"310":{"start":{"line":311,"column":0},"end":{"line":311,"column":7}},"311":{"start":{"line":312,"column":0},"end":{"line":312,"column":28}},"312":{"start":{"line":313,"column":0},"end":{"line":313,"column":22}},"313":{"start":{"line":314,"column":0},"end":{"line":314,"column":28}},"314":{"start":{"line":315,"column":0},"end":{"line":315,"column":57}},"315":{"start":{"line":316,"column":0},"end":{"line":316,"column":63}},"316":{"start":{"line":317,"column":0},"end":{"line":317,"column":6}},"317":{"start":{"line":318,"column":0},"end":{"line":318,"column":0}},"318":{"start":{"line":319,"column":0},"end":{"line":319,"column":15}},"319":{"start":{"line":320,"column":0},"end":{"line":320,"column":16}},"320":{"start":{"line":321,"column":0},"end":{"line":321,"column":20}},"321":{"start":{"line":322,"column":0},"end":{"line":322,"column":62}},"322":{"start":{"line":323,"column":0},"end":{"line":323,"column":5}},"323":{"start":{"line":324,"column":0},"end":{"line":324,"column":0}},"324":{"start":{"line":325,"column":0},"end":{"line":325,"column":33}},"325":{"start":{"line":326,"column":0},"end":{"line":326,"column":20}},"326":{"start":{"line":327,"column":0},"end":{"line":327,"column":13}},"327":{"start":{"line":328,"column":0},"end":{"line":328,"column":19}},"328":{"start":{"line":329,"column":0},"end":{"line":329,"column":27}},"329":{"start":{"line":330,"column":0},"end":{"line":330,"column":32}},"330":{"start":{"line":331,"column":0},"end":{"line":331,"column":36}},"331":{"start":{"line":332,"column":0},"end":{"line":332,"column":34}},"332":{"start":{"line":333,"column":0},"end":{"line":333,"column":8}},"333":{"start":{"line":334,"column":0},"end":{"line":334,"column":7}},"334":{"start":{"line":335,"column":0},"end":{"line":335,"column":17}},"335":{"start":{"line":336,"column":0},"end":{"line":336,"column":54}},"336":{"start":{"line":337,"column":0},"end":{"line":337,"column":14}},"337":{"start":{"line":338,"column":0},"end":{"line":338,"column":18}},"338":{"start":{"line":339,"column":0},"end":{"line":339,"column":66}},"339":{"start":{"line":340,"column":0},"end":{"line":340,"column":3}},"340":{"start":{"line":341,"column":0},"end":{"line":341,"column":2}}},"s":{"0":1,"1":1,"2":1,"3":1,"4":1,"5":2,"6":2,"7":2,"8":2,"9":2,"10":2,"11":1,"12":1,"13":1,"14":1,"15":1,"16":1,"17":1,"18":1,"19":1,"20":1,"21":1,"22":1,"23":1,"24":1,"25":1,"26":1,"27":1,"28":1,"29":1,"30":1,"31":4,"32":4,"33":4,"34":4,"35":4,"36":3,"37":3,"38":4,"39":2,"40":2,"41":4,"42":1,"43":1,"44":1,"45":1,"46":1,"47":1,"48":1,"49":1,"50":1,"51":1,"52":1,"53":1,"54":1,"55":1,"56":3,"57":3,"58":3,"59":3,"60":3,"61":3,"62":3,"63":3,"64":3,"65":3,"66":3,"67":3,"68":3,"69":3,"70":3,"71":3,"72":3,"73":3,"74":3,"75":2,"76":2,"77":2,"78":2,"79":2,"80":2,"81":2,"82":2,"83":3,"84":1,"85":1,"86":1,"87":1,"88":1,"89":1,"90":1,"91":1,"92":1,"93":1,"94":1,"95":3,"96":3,"97":3,"98":3,"99":3,"100":1,"101":1,"102":2,"103":2,"104":1,"105":1,"106":1,"107":1,"108":1,"109":1,"110":1,"111":1,"112":1,"113":1,"114":1,"115":1,"116":1,"117":1,"118":1,"119":4,"120":4,"121":3,"122":3,"123":3,"124":2,"125":4,"126":1,"127":1,"128":1,"129":1,"130":1,"131":1,"132":1,"133":1,"134":1,"135":1,"136":2,"137":2,"138":2,"139":2,"140":2,"141":1,"142":1,"143":1,"144":1,"145":1,"146":1,"147":1,"148":1,"149":6,"150":6,"151":6,"152":6,"153":6,"154":6,"155":6,"156":6,"157":6,"158":6,"159":6,"160":6,"161":6,"162":6,"163":6,"164":6,"165":5,"166":5,"167":6,"168":1,"169":1,"170":4,"171":4,"172":6,"173":3,"174":1,"175":1,"176":1,"177":1,"178":2,"179":2,"180":2,"181":2,"182":2,"183":3,"184":1,"185":1,"186":1,"187":1,"188":1,"189":1,"190":2,"191":2,"192":2,"193":6,"194":6,"195":6,"196":6,"197":6,"198":6,"199":6,"200":6,"201":6,"202":2,"203":6,"204":1,"205":1,"206":1,"207":1,"208":1,"209":1,"210":3,"211":3,"212":3,"213":3,"214":1,"215":1,"216":1,"217":1,"218":1,"219":1,"220":1,"221":1,"222":2,"223":2,"224":2,"225":2,"226":2,"227":2,"228":2,"229":2,"230":2,"231":2,"232":2,"233":2,"234":2,"235":2,"236":2,"237":2,"238":2,"239":2,"240":2,"241":2,"242":2,"243":2,"244":2,"245":2,"246":1,"247":1,"248":1,"249":1,"250":1,"251":1,"252":1,"253":1,"254":1,"255":1,"256":1,"257":1,"258":1,"259":1,"260":1,"261":1,"262":1,"263":1,"264":1,"265":1,"266":1,"267":1,"268":1,"269":1,"270":1,"271":1,"272":1,"273":1,"274":1,"275":1,"276":1,"277":1,"278":1,"279":1,"280":1,"281":1,"282":5,"283":5,"284":5,"285":5,"286":5,"287":5,"288":5,"289":5,"290":5,"291":5,"292":5,"293":5,"294":1,"295":1,"296":4,"297":5,"298":1,"299":1,"300":1,"301":1,"302":1,"303":1,"304":1,"305":1,"306":1,"307":1,"308":1,"309":3,"310":3,"311":3,"312":3,"313":3,"314":3,"315":3,"316":3,"317":2,"318":5,"319":1,"320":1,"321":1,"322":1,"323":1,"324":1,"325":1,"326":1,"327":1,"328":1,"329":1,"330":1,"331":1,"332":1,"333":1,"334":1,"335":1,"336":1,"337":1,"338":1,"339":1,"340":1},"branchMap":{"0":{"type":"branch","line":1,"loc":{"start":{"line":1,"column":0},"end":{"line":341,"column":2}},"locations":[{"start":{"line":1,"column":0},"end":{"line":341,"column":2}}]},"1":{"type":"branch","line":5,"loc":{"start":{"line":5,"column":30},"end":{"line":29,"column":1}},"locations":[{"start":{"line":5,"column":30},"end":{"line":29,"column":1}}]},"2":{"type":"branch","line":12,"loc":{"start":{"line":12,"column":-1},"end":{"line":28,"column":3}},"locations":[{"start":{"line":12,"column":-1},"end":{"line":28,"column":3}}]},"3":{"type":"branch","line":31,"loc":{"start":{"line":31,"column":27},"end":{"line":54,"column":1}},"locations":[{"start":{"line":31,"column":27},"end":{"line":54,"column":1}}]},"4":{"type":"branch","line":37,"loc":{"start":{"line":37,"column":-1},"end":{"line":39,"column":17}},"locations":[{"start":{"line":37,"column":-1},"end":{"line":39,"column":17}}]},"5":{"type":"branch","line":39,"loc":{"start":{"line":39,"column":17},"end":{"line":39,"column":79}},"locations":[{"start":{"line":39,"column":17},"end":{"line":39,"column":79}}]},"6":{"type":"branch","line":40,"loc":{"start":{"line":40,"column":-1},"end":{"line":42,"column":16}},"locations":[{"start":{"line":40,"column":-1},"end":{"line":42,"column":16}}]},"7":{"type":"branch","line":42,"loc":{"start":{"line":42,"column":16},"end":{"line":53,"column":3}},"locations":[{"start":{"line":42,"column":16},"end":{"line":53,"column":3}}]},"8":{"type":"branch","line":56,"loc":{"start":{"line":56,"column":37},"end":{"line":117,"column":1}},"locations":[{"start":{"line":56,"column":37},"end":{"line":117,"column":1}}]},"9":{"type":"branch","line":64,"loc":{"start":{"line":64,"column":50},"end":{"line":64,"column":54}},"locations":[{"start":{"line":64,"column":50},"end":{"line":64,"column":54}}]},"10":{"type":"branch","line":65,"loc":{"start":{"line":65,"column":52},"end":{"line":65,"column":56}},"locations":[{"start":{"line":65,"column":52},"end":{"line":65,"column":56}}]},"11":{"type":"branch","line":76,"loc":{"start":{"line":76,"column":-1},"end":{"line":84,"column":34}},"locations":[{"start":{"line":76,"column":-1},"end":{"line":84,"column":34}}]},"12":{"type":"branch","line":84,"loc":{"start":{"line":84,"column":34},"end":{"line":96,"column":30}},"locations":[{"start":{"line":84,"column":34},"end":{"line":96,"column":30}}]},"13":{"type":"branch","line":98,"loc":{"start":{"line":98,"column":32},"end":{"line":98,"column":56}},"locations":[{"start":{"line":98,"column":32},"end":{"line":98,"column":56}}]},"14":{"type":"branch","line":101,"loc":{"start":{"line":101,"column":-1},"end":{"line":116,"column":3}},"locations":[{"start":{"line":101,"column":-1},"end":{"line":116,"column":3}}]},"15":{"type":"branch","line":83,"loc":{"start":{"line":83,"column":39},"end":{"line":83,"column":58}},"locations":[{"start":{"line":83,"column":39},"end":{"line":83,"column":58}}]},"16":{"type":"branch","line":102,"loc":{"start":{"line":102,"column":48},"end":{"line":105,"column":6}},"locations":[{"start":{"line":102,"column":48},"end":{"line":105,"column":6}}]},"17":{"type":"branch","line":104,"loc":{"start":{"line":104,"column":46},"end":{"line":104,"column":51}},"locations":[{"start":{"line":104,"column":46},"end":{"line":104,"column":51}}]},"18":{"type":"branch","line":119,"loc":{"start":{"line":119,"column":27},"end":{"line":134,"column":1}},"locations":[{"start":{"line":119,"column":27},"end":{"line":134,"column":1}}]},"19":{"type":"branch","line":121,"loc":{"start":{"line":121,"column":29},"end":{"line":121,"column":79}},"locations":[{"start":{"line":121,"column":29},"end":{"line":121,"column":79}}]},"20":{"type":"branch","line":122,"loc":{"start":{"line":122,"column":-1},"end":{"line":124,"column":149}},"locations":[{"start":{"line":122,"column":-1},"end":{"line":124,"column":149}}]},"21":{"type":"branch","line":125,"loc":{"start":{"line":125,"column":-1},"end":{"line":126,"column":6}},"locations":[{"start":{"line":125,"column":-1},"end":{"line":126,"column":6}}]},"22":{"type":"branch","line":126,"loc":{"start":{"line":126,"column":6},"end":{"line":133,"column":3}},"locations":[{"start":{"line":126,"column":6},"end":{"line":133,"column":3}}]},"23":{"type":"branch","line":136,"loc":{"start":{"line":136,"column":28},"end":{"line":147,"column":1}},"locations":[{"start":{"line":136,"column":28},"end":{"line":147,"column":1}}]},"24":{"type":"branch","line":142,"loc":{"start":{"line":142,"column":-1},"end":{"line":146,"column":3}},"locations":[{"start":{"line":142,"column":-1},"end":{"line":146,"column":3}}]},"25":{"type":"branch","line":149,"loc":{"start":{"line":149,"column":28},"end":{"line":208,"column":1}},"locations":[{"start":{"line":149,"column":28},"end":{"line":208,"column":1}}]},"26":{"type":"branch","line":166,"loc":{"start":{"line":166,"column":-1},"end":{"line":168,"column":17}},"locations":[{"start":{"line":166,"column":-1},"end":{"line":168,"column":17}}]},"27":{"type":"branch","line":168,"loc":{"start":{"line":168,"column":17},"end":{"line":170,"column":5}},"locations":[{"start":{"line":168,"column":17},"end":{"line":170,"column":5}}]},"28":{"type":"branch","line":171,"loc":{"start":{"line":171,"column":-1},"end":{"line":173,"column":27}},"locations":[{"start":{"line":171,"column":-1},"end":{"line":173,"column":27}}]},"29":{"type":"branch","line":173,"loc":{"start":{"line":173,"column":27},"end":{"line":190,"column":5}},"locations":[{"start":{"line":173,"column":27},"end":{"line":190,"column":5}}]},"30":{"type":"branch","line":174,"loc":{"start":{"line":174,"column":34},"end":{"line":178,"column":7}},"locations":[{"start":{"line":174,"column":34},"end":{"line":178,"column":7}}]},"31":{"type":"branch","line":179,"loc":{"start":{"line":179,"column":-1},"end":{"line":184,"column":26}},"locations":[{"start":{"line":179,"column":-1},"end":{"line":184,"column":26}}]},"32":{"type":"branch","line":184,"loc":{"start":{"line":184,"column":26},"end":{"line":190,"column":5}},"locations":[{"start":{"line":184,"column":26},"end":{"line":190,"column":5}}]},"33":{"type":"branch","line":191,"loc":{"start":{"line":191,"column":-1},"end":{"line":194,"column":32}},"locations":[{"start":{"line":191,"column":-1},"end":{"line":194,"column":32}}]},"34":{"type":"branch","line":194,"loc":{"start":{"line":194,"column":32},"end":{"line":194,"column":53}},"locations":[{"start":{"line":194,"column":32},"end":{"line":194,"column":53}}]},"35":{"type":"branch","line":195,"loc":{"start":{"line":195,"column":34},"end":{"line":195,"column":56}},"locations":[{"start":{"line":195,"column":34},"end":{"line":195,"column":56}}]},"36":{"type":"branch","line":196,"loc":{"start":{"line":196,"column":38},"end":{"line":196,"column":61}},"locations":[{"start":{"line":196,"column":38},"end":{"line":196,"column":61}}]},"37":{"type":"branch","line":197,"loc":{"start":{"line":197,"column":20},"end":{"line":197,"column":35}},"locations":[{"start":{"line":197,"column":20},"end":{"line":197,"column":35}}]},"38":{"type":"branch","line":198,"loc":{"start":{"line":198,"column":26},"end":{"line":198,"column":44}},"locations":[{"start":{"line":198,"column":26},"end":{"line":198,"column":44}}]},"39":{"type":"branch","line":199,"loc":{"start":{"line":199,"column":24},"end":{"line":199,"column":41}},"locations":[{"start":{"line":199,"column":24},"end":{"line":199,"column":41}}]},"40":{"type":"branch","line":203,"loc":{"start":{"line":203,"column":-1},"end":{"line":204,"column":4}},"locations":[{"start":{"line":203,"column":-1},"end":{"line":204,"column":4}}]},"41":{"type":"branch","line":204,"loc":{"start":{"line":204,"column":4},"end":{"line":207,"column":3}},"locations":[{"start":{"line":204,"column":4},"end":{"line":207,"column":3}}]},"42":{"type":"branch","line":210,"loc":{"start":{"line":210,"column":28},"end":{"line":220,"column":1}},"locations":[{"start":{"line":210,"column":28},"end":{"line":220,"column":1}}]},"43":{"type":"branch","line":214,"loc":{"start":{"line":214,"column":-1},"end":{"line":214,"column":24}},"locations":[{"start":{"line":214,"column":-1},"end":{"line":214,"column":24}}]},"44":{"type":"branch","line":214,"loc":{"start":{"line":214,"column":24},"end":{"line":219,"column":3}},"locations":[{"start":{"line":214,"column":24},"end":{"line":219,"column":3}}]},"45":{"type":"branch","line":222,"loc":{"start":{"line":222,"column":36},"end":{"line":280,"column":1}},"locations":[{"start":{"line":222,"column":36},"end":{"line":280,"column":1}}]},"46":{"type":"branch","line":224,"loc":{"start":{"line":224,"column":50},"end":{"line":224,"column":54}},"locations":[{"start":{"line":224,"column":50},"end":{"line":224,"column":54}}]},"47":{"type":"branch","line":225,"loc":{"start":{"line":225,"column":65},"end":{"line":225,"column":70}},"locations":[{"start":{"line":225,"column":65},"end":{"line":225,"column":70}}]},"48":{"type":"branch","line":247,"loc":{"start":{"line":247,"column":-1},"end":{"line":279,"column":3}},"locations":[{"start":{"line":247,"column":-1},"end":{"line":279,"column":3}}]},"49":{"type":"branch","line":254,"loc":{"start":{"line":254,"column":31},"end":{"line":264,"column":6}},"locations":[{"start":{"line":254,"column":31},"end":{"line":264,"column":6}}]},"50":{"type":"branch","line":282,"loc":{"start":{"line":282,"column":35},"end":{"line":341,"column":1}},"locations":[{"start":{"line":282,"column":35},"end":{"line":341,"column":1}}]},"51":{"type":"branch","line":288,"loc":{"start":{"line":288,"column":6},"end":{"line":288,"column":29}},"locations":[{"start":{"line":288,"column":6},"end":{"line":288,"column":29}}]},"52":{"type":"branch","line":294,"loc":{"start":{"line":294,"column":61},"end":{"line":296,"column":3}},"locations":[{"start":{"line":294,"column":61},"end":{"line":296,"column":3}}]},"53":{"type":"branch","line":297,"loc":{"start":{"line":297,"column":-1},"end":{"line":298,"column":63}},"locations":[{"start":{"line":297,"column":-1},"end":{"line":298,"column":63}}]},"54":{"type":"branch","line":298,"loc":{"start":{"line":298,"column":65},"end":{"line":309,"column":3}},"locations":[{"start":{"line":298,"column":65},"end":{"line":309,"column":3}}]},"55":{"type":"branch","line":310,"loc":{"start":{"line":310,"column":-1},"end":{"line":317,"column":6}},"locations":[{"start":{"line":310,"column":-1},"end":{"line":317,"column":6}}]},"56":{"type":"branch","line":318,"loc":{"start":{"line":318,"column":-1},"end":{"line":319,"column":14}},"locations":[{"start":{"line":318,"column":-1},"end":{"line":319,"column":14}}]},"57":{"type":"branch","line":319,"loc":{"start":{"line":319,"column":14},"end":{"line":340,"column":3}},"locations":[{"start":{"line":319,"column":14},"end":{"line":340,"column":3}}]}},"b":{"0":[1],"1":[2],"2":[1],"3":[4],"4":[3],"5":[1],"6":[2],"7":[1],"8":[3],"9":[2],"10":[2],"11":[2],"12":[1],"13":[2],"14":[1],"15":[2],"16":[2],"17":[0],"18":[4],"19":[1],"20":[3],"21":[2],"22":[1],"23":[2],"24":[1],"25":[6],"26":[5],"27":[1],"28":[4],"29":[3],"30":[1],"31":[2],"32":[1],"33":[2],"34":[1],"35":[1],"36":[0],"37":[1],"38":[2],"39":[1],"40":[2],"41":[1],"42":[3],"43":[2],"44":[1],"45":[2],"46":[1],"47":[1],"48":[1],"49":[1],"50":[5],"51":[0],"52":[1],"53":[4],"54":[1],"55":[3],"56":[2],"57":[1]},"fnMap":{"0":{"name":"registerAgency","decl":{"start":{"line":5,"column":30},"end":{"line":29,"column":1}},"loc":{"start":{"line":5,"column":30},"end":{"line":29,"column":1}},"line":5},"1":{"name":"agencyLogin","decl":{"start":{"line":31,"column":27},"end":{"line":54,"column":1}},"loc":{"start":{"line":31,"column":27},"end":{"line":54,"column":1}},"line":31},"2":{"name":"fetchPropertyByAgency","decl":{"start":{"line":56,"column":37},"end":{"line":117,"column":1}},"loc":{"start":{"line":56,"column":37},"end":{"line":117,"column":1}},"line":56},"3":{"name":"getAgencyMe","decl":{"start":{"line":119,"column":27},"end":{"line":134,"column":1}},"loc":{"start":{"line":119,"column":27},"end":{"line":134,"column":1}},"line":119},"4":{"name":"listAgencies","decl":{"start":{"line":136,"column":28},"end":{"line":147,"column":1}},"loc":{"start":{"line":136,"column":28},"end":{"line":147,"column":1}},"line":136},"5":{"name":"updateAgency","decl":{"start":{"line":149,"column":28},"end":{"line":208,"column":1}},"loc":{"start":{"line":149,"column":28},"end":{"line":208,"column":1}},"line":149},"6":{"name":"deleteAgency","decl":{"start":{"line":210,"column":28},"end":{"line":220,"column":1}},"loc":{"start":{"line":210,"column":28},"end":{"line":220,"column":1}},"line":210},"7":{"name":"fetchAgencyEnquiries","decl":{"start":{"line":222,"column":36},"end":{"line":280,"column":1}},"loc":{"start":{"line":222,"column":36},"end":{"line":280,"column":1}},"line":222},"8":{"name":"updateEnquiryStatus","decl":{"start":{"line":282,"column":35},"end":{"line":341,"column":1}},"loc":{"start":{"line":282,"column":35},"end":{"line":341,"column":1}},"line":282}},"f":{"0":2,"1":4,"2":3,"3":4,"4":2,"5":6,"6":3,"7":2,"8":5}}
,"/Users/petermurray/Desktop/Dissertation/PropertyApp/backend/controllers/authController.js": {"path":"/Users/petermurray/Desktop/Dissertation/PropertyApp/backend/controllers/authController.js","all":false,"statementMap":{"0":{"start":{"line":1,"column":0},"end":{"line":1,"column":28}},"1":{"start":{"line":2,"column":0},"end":{"line":2,"column":31}},"2":{"start":{"line":3,"column":0},"end":{"line":3,"column":38}},"3":{"start":{"line":4,"column":0},"end":{"line":4,"column":0}},"4":{"start":{"line":5,"column":0},"end":{"line":5,"column":45}},"5":{"start":{"line":6,"column":0},"end":{"line":6,"column":55}},"6":{"start":{"line":7,"column":0},"end":{"line":7,"column":50}},"7":{"start":{"line":8,"column":0},"end":{"line":8,"column":0}},"8":{"start":{"line":9,"column":0},"end":{"line":9,"column":7}},"9":{"start":{"line":10,"column":0},"end":{"line":10,"column":51}},"10":{"start":{"line":11,"column":0},"end":{"line":11,"column":18}},"11":{"start":{"line":12,"column":0},"end":{"line":12,"column":214}},"12":{"start":{"line":13,"column":0},"end":{"line":13,"column":13}},"13":{"start":{"line":14,"column":0},"end":{"line":14,"column":0}},"14":{"start":{"line":15,"column":0},"end":{"line":15,"column":53}},"15":{"start":{"line":16,"column":0},"end":{"line":16,"column":23}},"16":{"start":{"line":17,"column":0},"end":{"line":17,"column":50}},"17":{"start":{"line":18,"column":0},"end":{"line":18,"column":12}},"18":{"start":{"line":19,"column":0},"end":{"line":19,"column":20}},"19":{"start":{"line":20,"column":0},"end":{"line":20,"column":73}},"20":{"start":{"line":21,"column":0},"end":{"line":21,"column":14}},"21":{"start":{"line":22,"column":0},"end":{"line":22,"column":8}},"22":{"start":{"line":23,"column":0},"end":{"line":23,"column":16}},"23":{"start":{"line":24,"column":0},"end":{"line":24,"column":20}},"24":{"start":{"line":25,"column":0},"end":{"line":25,"column":72}},"25":{"start":{"line":26,"column":0},"end":{"line":26,"column":5}},"26":{"start":{"line":27,"column":0},"end":{"line":27,"column":0}},"27":{"start":{"line":28,"column":0},"end":{"line":28,"column":28}},"28":{"start":{"line":29,"column":0},"end":{"line":29,"column":20}},"29":{"start":{"line":30,"column":0},"end":{"line":30,"column":81}},"30":{"start":{"line":31,"column":0},"end":{"line":31,"column":12}},"31":{"start":{"line":32,"column":0},"end":{"line":32,"column":8}},"32":{"start":{"line":33,"column":0},"end":{"line":33,"column":35}},"33":{"start":{"line":34,"column":0},"end":{"line":34,"column":72}},"34":{"start":{"line":35,"column":0},"end":{"line":35,"column":9}},"35":{"start":{"line":36,"column":0},"end":{"line":36,"column":5}},"36":{"start":{"line":37,"column":0},"end":{"line":37,"column":0}},"37":{"start":{"line":38,"column":0},"end":{"line":38,"column":27}},"38":{"start":{"line":39,"column":0},"end":{"line":39,"column":63}},"39":{"start":{"line":40,"column":0},"end":{"line":40,"column":29}},"40":{"start":{"line":41,"column":0},"end":{"line":41,"column":7}},"41":{"start":{"line":42,"column":0},"end":{"line":42,"column":24}},"42":{"start":{"line":43,"column":0},"end":{"line":43,"column":7}},"43":{"start":{"line":44,"column":0},"end":{"line":44,"column":6}},"44":{"start":{"line":45,"column":0},"end":{"line":45,"column":26}},"45":{"start":{"line":46,"column":0},"end":{"line":46,"column":12}},"46":{"start":{"line":47,"column":0},"end":{"line":47,"column":13}},"47":{"start":{"line":48,"column":0},"end":{"line":48,"column":20}},"48":{"start":{"line":49,"column":0},"end":{"line":49,"column":29}},"49":{"start":{"line":50,"column":0},"end":{"line":50,"column":26}},"50":{"start":{"line":51,"column":0},"end":{"line":51,"column":41}},"51":{"start":{"line":52,"column":0},"end":{"line":52,"column":8}},"52":{"start":{"line":53,"column":0},"end":{"line":53,"column":7}},"53":{"start":{"line":54,"column":0},"end":{"line":54,"column":17}},"54":{"start":{"line":55,"column":0},"end":{"line":55,"column":31}},"55":{"start":{"line":56,"column":0},"end":{"line":56,"column":61}},"56":{"start":{"line":57,"column":0},"end":{"line":57,"column":12}},"57":{"start":{"line":58,"column":0},"end":{"line":58,"column":44}},"58":{"start":{"line":59,"column":0},"end":{"line":59,"column":62}},"59":{"start":{"line":60,"column":0},"end":{"line":60,"column":5}},"60":{"start":{"line":61,"column":0},"end":{"line":61,"column":3}},"61":{"start":{"line":62,"column":0},"end":{"line":62,"column":2}},"62":{"start":{"line":63,"column":0},"end":{"line":63,"column":0}},"63":{"start":{"line":64,"column":0},"end":{"line":64,"column":42}},"64":{"start":{"line":65,"column":0},"end":{"line":65,"column":39}},"65":{"start":{"line":66,"column":0},"end":{"line":66,"column":71}},"66":{"start":{"line":67,"column":0},"end":{"line":67,"column":25}},"67":{"start":{"line":68,"column":0},"end":{"line":68,"column":12}},"68":{"start":{"line":69,"column":0},"end":{"line":69,"column":72}},"69":{"start":{"line":70,"column":0},"end":{"line":70,"column":0}},"70":{"start":{"line":71,"column":0},"end":{"line":71,"column":67}},"71":{"start":{"line":72,"column":0},"end":{"line":72,"column":13}},"72":{"start":{"line":73,"column":0},"end":{"line":73,"column":72}},"73":{"start":{"line":74,"column":0},"end":{"line":74,"column":38}},"74":{"start":{"line":75,"column":0},"end":{"line":75,"column":0}},"75":{"start":{"line":76,"column":0},"end":{"line":76,"column":25}},"76":{"start":{"line":77,"column":0},"end":{"line":77,"column":75}},"77":{"start":{"line":78,"column":0},"end":{"line":78,"column":27}},"78":{"start":{"line":79,"column":0},"end":{"line":79,"column":5}},"79":{"start":{"line":80,"column":0},"end":{"line":80,"column":22}},"80":{"start":{"line":81,"column":0},"end":{"line":81,"column":5}},"81":{"start":{"line":82,"column":0},"end":{"line":82,"column":4}},"82":{"start":{"line":83,"column":0},"end":{"line":83,"column":62}},"83":{"start":{"line":84,"column":0},"end":{"line":84,"column":12}},"84":{"start":{"line":85,"column":0},"end":{"line":85,"column":10}},"85":{"start":{"line":86,"column":0},"end":{"line":86,"column":11}},"86":{"start":{"line":87,"column":0},"end":{"line":87,"column":18}},"87":{"start":{"line":88,"column":0},"end":{"line":88,"column":27}},"88":{"start":{"line":89,"column":0},"end":{"line":89,"column":19}},"89":{"start":{"line":90,"column":0},"end":{"line":90,"column":24}},"90":{"start":{"line":91,"column":0},"end":{"line":91,"column":39}},"91":{"start":{"line":92,"column":0},"end":{"line":92,"column":6}},"92":{"start":{"line":93,"column":0},"end":{"line":93,"column":5}},"93":{"start":{"line":94,"column":0},"end":{"line":94,"column":2}},"94":{"start":{"line":95,"column":0},"end":{"line":95,"column":0}},"95":{"start":{"line":96,"column":0},"end":{"line":96,"column":47}},"96":{"start":{"line":97,"column":0},"end":{"line":97,"column":42}},"97":{"start":{"line":98,"column":0},"end":{"line":98,"column":0}},"98":{"start":{"line":99,"column":0},"end":{"line":99,"column":76}},"99":{"start":{"line":100,"column":0},"end":{"line":100,"column":24}},"100":{"start":{"line":101,"column":0},"end":{"line":101,"column":76}},"101":{"start":{"line":102,"column":0},"end":{"line":102,"column":0}},"102":{"start":{"line":103,"column":0},"end":{"line":103,"column":65}},"103":{"start":{"line":104,"column":0},"end":{"line":104,"column":73}},"104":{"start":{"line":105,"column":0},"end":{"line":105,"column":0}},"105":{"start":{"line":106,"column":0},"end":{"line":106,"column":25}},"106":{"start":{"line":107,"column":0},"end":{"line":107,"column":62}},"107":{"start":{"line":108,"column":0},"end":{"line":108,"column":27}},"108":{"start":{"line":109,"column":0},"end":{"line":109,"column":24}},"109":{"start":{"line":110,"column":0},"end":{"line":110,"column":4}},"110":{"start":{"line":111,"column":0},"end":{"line":111,"column":19}},"111":{"start":{"line":112,"column":0},"end":{"line":112,"column":10}},"112":{"start":{"line":113,"column":0},"end":{"line":113,"column":68}},"113":{"start":{"line":114,"column":0},"end":{"line":114,"column":5}},"114":{"start":{"line":115,"column":0},"end":{"line":115,"column":2}},"115":{"start":{"line":116,"column":0},"end":{"line":116,"column":0}},"116":{"start":{"line":117,"column":0},"end":{"line":117,"column":42}},"117":{"start":{"line":118,"column":0},"end":{"line":118,"column":7}},"118":{"start":{"line":119,"column":0},"end":{"line":119,"column":55}},"119":{"start":{"line":120,"column":0},"end":{"line":120,"column":50}},"120":{"start":{"line":121,"column":0},"end":{"line":121,"column":32}},"121":{"start":{"line":122,"column":0},"end":{"line":122,"column":13}},"122":{"start":{"line":123,"column":0},"end":{"line":123,"column":78}},"123":{"start":{"line":124,"column":0},"end":{"line":124,"column":62}},"124":{"start":{"line":125,"column":0},"end":{"line":125,"column":0}},"125":{"start":{"line":126,"column":0},"end":{"line":126,"column":29}},"126":{"start":{"line":127,"column":0},"end":{"line":127,"column":44}},"127":{"start":{"line":128,"column":0},"end":{"line":128,"column":16}},"128":{"start":{"line":129,"column":0},"end":{"line":129,"column":30}},"129":{"start":{"line":130,"column":0},"end":{"line":130,"column":6}},"130":{"start":{"line":131,"column":0},"end":{"line":131,"column":0}},"131":{"start":{"line":132,"column":0},"end":{"line":132,"column":16}},"132":{"start":{"line":133,"column":0},"end":{"line":133,"column":65}},"133":{"start":{"line":134,"column":0},"end":{"line":134,"column":5}},"134":{"start":{"line":135,"column":0},"end":{"line":135,"column":0}},"135":{"start":{"line":136,"column":0},"end":{"line":136,"column":14}},"136":{"start":{"line":137,"column":0},"end":{"line":137,"column":13}},"137":{"start":{"line":138,"column":0},"end":{"line":138,"column":20}},"138":{"start":{"line":139,"column":0},"end":{"line":139,"column":29}},"139":{"start":{"line":140,"column":0},"end":{"line":140,"column":26}},"140":{"start":{"line":141,"column":0},"end":{"line":141,"column":41}},"141":{"start":{"line":142,"column":0},"end":{"line":142,"column":8}},"142":{"start":{"line":143,"column":0},"end":{"line":143,"column":7}},"143":{"start":{"line":144,"column":0},"end":{"line":144,"column":17}},"144":{"start":{"line":145,"column":0},"end":{"line":145,"column":39}},"145":{"start":{"line":146,"column":0},"end":{"line":146,"column":55}},"146":{"start":{"line":147,"column":0},"end":{"line":147,"column":3}},"147":{"start":{"line":148,"column":0},"end":{"line":148,"column":2}}},"s":{"0":1,"1":1,"2":1,"3":1,"4":1,"5":3,"6":3,"7":3,"8":3,"9":3,"10":3,"11":3,"12":1,"13":1,"14":3,"15":1,"16":1,"17":3,"18":0,"19":0,"20":0,"21":0,"22":0,"23":0,"24":0,"25":0,"26":1,"27":3,"28":0,"29":0,"30":0,"31":0,"32":0,"33":0,"34":0,"35":0,"36":1,"37":1,"38":1,"39":1,"40":1,"41":1,"42":1,"43":1,"44":1,"45":1,"46":1,"47":1,"48":1,"49":1,"50":3,"51":3,"52":3,"53":3,"54":2,"55":1,"56":1,"57":1,"58":1,"59":1,"60":2,"61":1,"62":1,"63":1,"64":3,"65":3,"66":3,"67":3,"68":3,"69":2,"70":2,"71":2,"72":3,"73":1,"74":1,"75":1,"76":1,"77":1,"78":1,"79":1,"80":1,"81":1,"82":1,"83":1,"84":1,"85":1,"86":1,"87":1,"88":1,"89":1,"90":3,"91":3,"92":3,"93":1,"94":1,"95":1,"96":3,"97":3,"98":3,"99":3,"100":3,"101":2,"102":2,"103":3,"104":1,"105":1,"106":1,"107":1,"108":1,"109":1,"110":1,"111":1,"112":1,"113":1,"114":1,"115":1,"116":1,"117":4,"118":4,"119":4,"120":4,"121":4,"122":4,"123":3,"124":3,"125":3,"126":3,"127":3,"128":3,"129":3,"130":2,"131":4,"132":1,"133":1,"134":1,"135":1,"136":1,"137":1,"138":1,"139":1,"140":4,"141":4,"142":4,"143":4,"144":1,"145":1,"146":1,"147":1},"branchMap":{"0":{"type":"branch","line":1,"loc":{"start":{"line":1,"column":0},"end":{"line":148,"column":2}},"locations":[{"start":{"line":1,"column":0},"end":{"line":148,"column":2}}]},"1":{"type":"branch","line":5,"loc":{"start":{"line":5,"column":24},"end":{"line":62,"column":1}},"locations":[{"start":{"line":5,"column":24},"end":{"line":62,"column":1}}]},"2":{"type":"branch","line":13,"loc":{"start":{"line":13,"column":-1},"end":{"line":15,"column":50}},"locations":[{"start":{"line":13,"column":-1},"end":{"line":15,"column":50}}]},"3":{"type":"branch","line":15,"loc":{"start":{"line":15,"column":52},"end":{"line":18,"column":5}},"locations":[{"start":{"line":15,"column":52},"end":{"line":18,"column":5}}]},"4":{"type":"branch","line":18,"loc":{"start":{"line":18,"column":5},"end":{"line":26,"column":5}},"locations":[{"start":{"line":18,"column":5},"end":{"line":26,"column":5}}]},"5":{"type":"branch","line":27,"loc":{"start":{"line":27,"column":-1},"end":{"line":28,"column":25}},"locations":[{"start":{"line":27,"column":-1},"end":{"line":28,"column":25}}]},"6":{"type":"branch","line":28,"loc":{"start":{"line":28,"column":27},"end":{"line":36,"column":5}},"locations":[{"start":{"line":28,"column":27},"end":{"line":36,"column":5}}]},"7":{"type":"branch","line":37,"loc":{"start":{"line":37,"column":-1},"end":{"line":51,"column":40}},"locations":[{"start":{"line":37,"column":-1},"end":{"line":51,"column":40}}]},"8":{"type":"branch","line":54,"loc":{"start":{"line":54,"column":4},"end":{"line":61,"column":3}},"locations":[{"start":{"line":54,"column":4},"end":{"line":61,"column":3}}]},"9":{"type":"branch","line":55,"loc":{"start":{"line":55,"column":30},"end":{"line":60,"column":5}},"locations":[{"start":{"line":55,"column":30},"end":{"line":60,"column":5}}]},"10":{"type":"branch","line":64,"loc":{"start":{"line":64,"column":21},"end":{"line":94,"column":1}},"locations":[{"start":{"line":64,"column":21},"end":{"line":94,"column":1}}]},"11":{"type":"branch","line":69,"loc":{"start":{"line":69,"column":4},"end":{"line":69,"column":72}},"locations":[{"start":{"line":69,"column":4},"end":{"line":69,"column":72}}]},"12":{"type":"branch","line":70,"loc":{"start":{"line":70,"column":-1},"end":{"line":73,"column":4}},"locations":[{"start":{"line":70,"column":-1},"end":{"line":73,"column":4}}]},"13":{"type":"branch","line":73,"loc":{"start":{"line":73,"column":4},"end":{"line":91,"column":31}},"locations":[{"start":{"line":73,"column":4},"end":{"line":91,"column":31}}]},"14":{"type":"branch","line":91,"loc":{"start":{"line":91,"column":31},"end":{"line":91,"column":38}},"locations":[{"start":{"line":91,"column":31},"end":{"line":91,"column":38}}]},"15":{"type":"branch","line":96,"loc":{"start":{"line":96,"column":26},"end":{"line":115,"column":1}},"locations":[{"start":{"line":96,"column":26},"end":{"line":115,"column":1}}]},"16":{"type":"branch","line":101,"loc":{"start":{"line":101,"column":14},"end":{"line":101,"column":76}},"locations":[{"start":{"line":101,"column":14},"end":{"line":101,"column":76}}]},"17":{"type":"branch","line":102,"loc":{"start":{"line":102,"column":-1},"end":{"line":104,"column":11}},"locations":[{"start":{"line":102,"column":-1},"end":{"line":104,"column":11}}]},"18":{"type":"branch","line":104,"loc":{"start":{"line":104,"column":11},"end":{"line":115,"column":0}},"locations":[{"start":{"line":104,"column":11},"end":{"line":115,"column":0}}]},"19":{"type":"branch","line":117,"loc":{"start":{"line":117,"column":21},"end":{"line":148,"column":1}},"locations":[{"start":{"line":117,"column":21},"end":{"line":148,"column":1}}]},"20":{"type":"branch","line":119,"loc":{"start":{"line":119,"column":49},"end":{"line":119,"column":54}},"locations":[{"start":{"line":119,"column":49},"end":{"line":119,"column":54}}]},"21":{"type":"branch","line":121,"loc":{"start":{"line":121,"column":6},"end":{"line":121,"column":32}},"locations":[{"start":{"line":121,"column":6},"end":{"line":121,"column":32}}]},"22":{"type":"branch","line":122,"loc":{"start":{"line":122,"column":6},"end":{"line":122,"column":12}},"locations":[{"start":{"line":122,"column":6},"end":{"line":122,"column":12}}]},"23":{"type":"branch","line":123,"loc":{"start":{"line":123,"column":16},"end":{"line":123,"column":78}},"locations":[{"start":{"line":123,"column":16},"end":{"line":123,"column":78}}]},"24":{"type":"branch","line":124,"loc":{"start":{"line":124,"column":-1},"end":{"line":130,"column":6}},"locations":[{"start":{"line":124,"column":-1},"end":{"line":130,"column":6}}]},"25":{"type":"branch","line":131,"loc":{"start":{"line":131,"column":-1},"end":{"line":132,"column":15}},"locations":[{"start":{"line":131,"column":-1},"end":{"line":132,"column":15}}]},"26":{"type":"branch","line":132,"loc":{"start":{"line":132,"column":15},"end":{"line":141,"column":40}},"locations":[{"start":{"line":132,"column":15},"end":{"line":141,"column":40}}]},"27":{"type":"branch","line":144,"loc":{"start":{"line":144,"column":4},"end":{"line":147,"column":3}},"locations":[{"start":{"line":144,"column":4},"end":{"line":147,"column":3}}]}},"b":{"0":[1],"1":[3],"2":[1],"3":[1],"4":[0],"5":[1],"6":[0],"7":[1],"8":[2],"9":[1],"10":[3],"11":[1],"12":[2],"13":[1],"14":[0],"15":[3],"16":[1],"17":[2],"18":[1],"19":[4],"20":[1],"21":[3],"22":[1],"23":[1],"24":[3],"25":[2],"26":[1],"27":[1]},"fnMap":{"0":{"name":"register","decl":{"start":{"line":5,"column":24},"end":{"line":62,"column":1}},"loc":{"start":{"line":5,"column":24},"end":{"line":62,"column":1}},"line":5},"1":{"name":"login","decl":{"start":{"line":64,"column":21},"end":{"line":94,"column":1}},"loc":{"start":{"line":64,"column":21},"end":{"line":94,"column":1}},"line":64},"2":{"name":"adminLogin","decl":{"start":{"line":96,"column":26},"end":{"line":115,"column":1}},"loc":{"start":{"line":96,"column":26},"end":{"line":115,"column":1}},"line":96},"3":{"name":"getMe","decl":{"start":{"line":117,"column":21},"end":{"line":148,"column":1}},"loc":{"start":{"line":117,"column":21},"end":{"line":148,"column":1}},"line":117}},"f":{"0":3,"1":3,"2":3,"3":4}}
,"/Users/petermurray/Desktop/Dissertation/PropertyApp/backend/controllers/chatController.js": {"path":"/Users/petermurray/Desktop/Dissertation/PropertyApp/backend/controllers/chatController.js","all":false,"statementMap":{"0":{"start":{"line":1,"column":0},"end":{"line":1,"column":42}},"1":{"start":{"line":2,"column":0},"end":{"line":2,"column":38}},"2":{"start":{"line":3,"column":0},"end":{"line":3,"column":26}},"3":{"start":{"line":4,"column":0},"end":{"line":4,"column":0}},"4":{"start":{"line":5,"column":0},"end":{"line":5,"column":27}},"5":{"start":{"line":6,"column":0},"end":{"line":6,"column":37}},"6":{"start":{"line":7,"column":0},"end":{"line":7,"column":3}},"7":{"start":{"line":8,"column":0},"end":{"line":8,"column":0}},"8":{"start":{"line":9,"column":0},"end":{"line":9,"column":44}},"9":{"start":{"line":10,"column":0},"end":{"line":10,"column":31}},"10":{"start":{"line":11,"column":0},"end":{"line":11,"column":0}},"11":{"start":{"line":12,"column":0},"end":{"line":12,"column":7}},"12":{"start":{"line":13,"column":0},"end":{"line":13,"column":59}},"13":{"start":{"line":14,"column":0},"end":{"line":14,"column":27}},"14":{"start":{"line":15,"column":0},"end":{"line":15,"column":17}},"15":{"start":{"line":16,"column":0},"end":{"line":16,"column":9}},"16":{"start":{"line":17,"column":0},"end":{"line":17,"column":25}},"17":{"start":{"line":18,"column":0},"end":{"line":18,"column":18}},"18":{"start":{"line":19,"column":0},"end":{"line":19,"column":393}},"19":{"start":{"line":20,"column":0},"end":{"line":20,"column":10}},"20":{"start":{"line":21,"column":0},"end":{"line":21,"column":43}},"21":{"start":{"line":22,"column":0},"end":{"line":22,"column":8}},"22":{"start":{"line":23,"column":0},"end":{"line":23,"column":14}},"23":{"start":{"line":24,"column":0},"end":{"line":24,"column":9}},"24":{"start":{"line":25,"column":0},"end":{"line":25,"column":27}},"25":{"start":{"line":26,"column":0},"end":{"line":26,"column":21}},"26":{"start":{"line":27,"column":0},"end":{"line":27,"column":38}},"27":{"start":{"line":28,"column":0},"end":{"line":28,"column":24}},"28":{"start":{"line":29,"column":0},"end":{"line":29,"column":77}},"29":{"start":{"line":30,"column":0},"end":{"line":30,"column":25}},"30":{"start":{"line":31,"column":0},"end":{"line":31,"column":29}},"31":{"start":{"line":32,"column":0},"end":{"line":32,"column":27}},"32":{"start":{"line":33,"column":0},"end":{"line":33,"column":78}},"33":{"start":{"line":34,"column":0},"end":{"line":34,"column":45}},"34":{"start":{"line":35,"column":0},"end":{"line":35,"column":45}},"35":{"start":{"line":36,"column":0},"end":{"line":36,"column":45}},"36":{"start":{"line":37,"column":0},"end":{"line":37,"column":42}},"37":{"start":{"line":38,"column":0},"end":{"line":38,"column":42}},"38":{"start":{"line":39,"column":0},"end":{"line":39,"column":26}},"39":{"start":{"line":40,"column":0},"end":{"line":40,"column":33}},"40":{"start":{"line":41,"column":0},"end":{"line":41,"column":74}},"41":{"start":{"line":42,"column":0},"end":{"line":42,"column":62}},"42":{"start":{"line":43,"column":0},"end":{"line":43,"column":18}},"43":{"start":{"line":44,"column":0},"end":{"line":44,"column":31}},"44":{"start":{"line":45,"column":0},"end":{"line":45,"column":33}},"45":{"start":{"line":46,"column":0},"end":{"line":46,"column":63}},"46":{"start":{"line":47,"column":0},"end":{"line":47,"column":18}},"47":{"start":{"line":48,"column":0},"end":{"line":48,"column":39}},"48":{"start":{"line":49,"column":0},"end":{"line":49,"column":33}},"49":{"start":{"line":50,"column":0},"end":{"line":50,"column":75}},"50":{"start":{"line":51,"column":0},"end":{"line":51,"column":18}},"51":{"start":{"line":52,"column":0},"end":{"line":52,"column":16}},"52":{"start":{"line":53,"column":0},"end":{"line":53,"column":27}},"53":{"start":{"line":54,"column":0},"end":{"line":54,"column":14}},"54":{"start":{"line":55,"column":0},"end":{"line":55,"column":12}},"55":{"start":{"line":56,"column":0},"end":{"line":56,"column":10}},"56":{"start":{"line":57,"column":0},"end":{"line":57,"column":8}},"57":{"start":{"line":58,"column":0},"end":{"line":58,"column":26}},"58":{"start":{"line":59,"column":0},"end":{"line":59,"column":7}},"59":{"start":{"line":60,"column":0},"end":{"line":60,"column":0}},"60":{"start":{"line":61,"column":0},"end":{"line":61,"column":69}},"61":{"start":{"line":62,"column":0},"end":{"line":62,"column":69}},"62":{"start":{"line":63,"column":0},"end":{"line":63,"column":59}},"63":{"start":{"line":64,"column":0},"end":{"line":64,"column":59}},"64":{"start":{"line":65,"column":0},"end":{"line":65,"column":13}},"65":{"start":{"line":66,"column":0},"end":{"line":66,"column":17}},"66":{"start":{"line":67,"column":0},"end":{"line":67,"column":17}},"67":{"start":{"line":68,"column":0},"end":{"line":68,"column":17}},"68":{"start":{"line":69,"column":0},"end":{"line":69,"column":16}},"69":{"start":{"line":70,"column":0},"end":{"line":70,"column":13}},"70":{"start":{"line":71,"column":0},"end":{"line":71,"column":13}},"71":{"start":{"line":72,"column":0},"end":{"line":72,"column":16}},"72":{"start":{"line":73,"column":0},"end":{"line":73,"column":21}},"73":{"start":{"line":74,"column":0},"end":{"line":74,"column":29}},"74":{"start":{"line":75,"column":0},"end":{"line":75,"column":15}},"75":{"start":{"line":76,"column":0},"end":{"line":76,"column":40}},"76":{"start":{"line":77,"column":0},"end":{"line":77,"column":0}},"77":{"start":{"line":78,"column":0},"end":{"line":78,"column":49}},"78":{"start":{"line":79,"column":0},"end":{"line":79,"column":44}},"79":{"start":{"line":80,"column":0},"end":{"line":80,"column":62}},"80":{"start":{"line":81,"column":0},"end":{"line":81,"column":11}},"81":{"start":{"line":82,"column":0},"end":{"line":82,"column":21}},"82":{"start":{"line":83,"column":0},"end":{"line":83,"column":36}},"83":{"start":{"line":84,"column":0},"end":{"line":84,"column":51}},"84":{"start":{"line":85,"column":0},"end":{"line":85,"column":14}},"85":{"start":{"line":86,"column":0},"end":{"line":86,"column":11}},"86":{"start":{"line":87,"column":0},"end":{"line":87,"column":10}},"87":{"start":{"line":88,"column":0},"end":{"line":88,"column":0}},"88":{"start":{"line":89,"column":0},"end":{"line":89,"column":49}},"89":{"start":{"line":90,"column":0},"end":{"line":90,"column":0}},"90":{"start":{"line":91,"column":0},"end":{"line":91,"column":70}},"91":{"start":{"line":92,"column":0},"end":{"line":92,"column":17}},"92":{"start":{"line":93,"column":0},"end":{"line":93,"column":27}},"93":{"start":{"line":94,"column":0},"end":{"line":94,"column":58}},"94":{"start":{"line":95,"column":0},"end":{"line":95,"column":27}},"95":{"start":{"line":96,"column":0},"end":{"line":96,"column":13}},"96":{"start":{"line":97,"column":0},"end":{"line":97,"column":0}},"97":{"start":{"line":98,"column":0},"end":{"line":98,"column":48}},"98":{"start":{"line":99,"column":0},"end":{"line":99,"column":61}},"99":{"start":{"line":100,"column":0},"end":{"line":100,"column":11}},"100":{"start":{"line":101,"column":0},"end":{"line":101,"column":70}},"101":{"start":{"line":102,"column":0},"end":{"line":102,"column":31}},"102":{"start":{"line":103,"column":0},"end":{"line":103,"column":11}},"103":{"start":{"line":104,"column":0},"end":{"line":104,"column":10}},"104":{"start":{"line":105,"column":0},"end":{"line":105,"column":0}},"105":{"start":{"line":106,"column":0},"end":{"line":106,"column":55}},"106":{"start":{"line":107,"column":0},"end":{"line":107,"column":40}},"107":{"start":{"line":108,"column":0},"end":{"line":108,"column":62}},"108":{"start":{"line":109,"column":0},"end":{"line":109,"column":60}},"109":{"start":{"line":110,"column":0},"end":{"line":110,"column":0}},"110":{"start":{"line":111,"column":0},"end":{"line":111,"column":63}},"111":{"start":{"line":112,"column":0},"end":{"line":112,"column":63}},"112":{"start":{"line":113,"column":0},"end":{"line":113,"column":38}},"113":{"start":{"line":114,"column":0},"end":{"line":114,"column":10}},"114":{"start":{"line":115,"column":0},"end":{"line":115,"column":0}},"115":{"start":{"line":116,"column":0},"end":{"line":116,"column":67}},"116":{"start":{"line":117,"column":0},"end":{"line":117,"column":75}},"117":{"start":{"line":118,"column":0},"end":{"line":118,"column":0}},"118":{"start":{"line":119,"column":0},"end":{"line":119,"column":63}},"119":{"start":{"line":120,"column":0},"end":{"line":120,"column":69}},"120":{"start":{"line":121,"column":0},"end":{"line":121,"column":11}},"121":{"start":{"line":122,"column":0},"end":{"line":122,"column":0}},"122":{"start":{"line":123,"column":0},"end":{"line":123,"column":36}},"123":{"start":{"line":124,"column":0},"end":{"line":124,"column":27}},"124":{"start":{"line":125,"column":0},"end":{"line":125,"column":18}},"125":{"start":{"line":126,"column":0},"end":{"line":126,"column":78}},"126":{"start":{"line":127,"column":0},"end":{"line":127,"column":27}},"127":{"start":{"line":128,"column":0},"end":{"line":128,"column":13}},"128":{"start":{"line":129,"column":0},"end":{"line":129,"column":9}},"129":{"start":{"line":130,"column":0},"end":{"line":130,"column":0}},"130":{"start":{"line":131,"column":0},"end":{"line":131,"column":25}},"131":{"start":{"line":132,"column":0},"end":{"line":132,"column":97}},"132":{"start":{"line":133,"column":0},"end":{"line":133,"column":31}},"133":{"start":{"line":134,"column":0},"end":{"line":134,"column":11}},"134":{"start":{"line":135,"column":0},"end":{"line":135,"column":7}},"135":{"start":{"line":136,"column":0},"end":{"line":136,"column":0}},"136":{"start":{"line":137,"column":0},"end":{"line":137,"column":23}},"137":{"start":{"line":138,"column":0},"end":{"line":138,"column":78}},"138":{"start":{"line":139,"column":0},"end":{"line":139,"column":33}},"139":{"start":{"line":140,"column":0},"end":{"line":140,"column":58}},"140":{"start":{"line":141,"column":0},"end":{"line":141,"column":33}},"141":{"start":{"line":142,"column":0},"end":{"line":142,"column":58}},"142":{"start":{"line":143,"column":0},"end":{"line":143,"column":73}},"143":{"start":{"line":144,"column":0},"end":{"line":144,"column":64}},"144":{"start":{"line":145,"column":0},"end":{"line":145,"column":64}},"145":{"start":{"line":146,"column":0},"end":{"line":146,"column":74}},"146":{"start":{"line":147,"column":0},"end":{"line":147,"column":0}},"147":{"start":{"line":148,"column":0},"end":{"line":148,"column":30}},"148":{"start":{"line":149,"column":0},"end":{"line":149,"column":0}},"149":{"start":{"line":150,"column":0},"end":{"line":150,"column":31}},"150":{"start":{"line":151,"column":0},"end":{"line":151,"column":41}},"151":{"start":{"line":152,"column":0},"end":{"line":152,"column":34}},"152":{"start":{"line":153,"column":0},"end":{"line":153,"column":53}},"153":{"start":{"line":154,"column":0},"end":{"line":154,"column":15}},"154":{"start":{"line":155,"column":0},"end":{"line":155,"column":10}},"155":{"start":{"line":156,"column":0},"end":{"line":156,"column":7}},"156":{"start":{"line":157,"column":0},"end":{"line":157,"column":0}},"157":{"start":{"line":158,"column":0},"end":{"line":158,"column":21}},"158":{"start":{"line":159,"column":0},"end":{"line":159,"column":140}},"159":{"start":{"line":160,"column":0},"end":{"line":160,"column":0}},"160":{"start":{"line":161,"column":0},"end":{"line":161,"column":60}},"161":{"start":{"line":162,"column":0},"end":{"line":162,"column":25}},"162":{"start":{"line":163,"column":0},"end":{"line":163,"column":16}},"163":{"start":{"line":164,"column":0},"end":{"line":164,"column":78}},"164":{"start":{"line":165,"column":0},"end":{"line":165,"column":25}},"165":{"start":{"line":166,"column":0},"end":{"line":166,"column":11}},"166":{"start":{"line":167,"column":0},"end":{"line":167,"column":14}},"167":{"start":{"line":168,"column":0},"end":{"line":168,"column":75}},"168":{"start":{"line":169,"column":0},"end":{"line":169,"column":0}},"169":{"start":{"line":170,"column":0},"end":{"line":170,"column":22}},"170":{"start":{"line":171,"column":0},"end":{"line":171,"column":139}},"171":{"start":{"line":172,"column":0},"end":{"line":172,"column":0}},"172":{"start":{"line":173,"column":0},"end":{"line":173,"column":64}},"173":{"start":{"line":174,"column":0},"end":{"line":174,"column":39}},"174":{"start":{"line":175,"column":0},"end":{"line":175,"column":65}},"175":{"start":{"line":176,"column":0},"end":{"line":176,"column":45}},"176":{"start":{"line":177,"column":0},"end":{"line":177,"column":18}},"177":{"start":{"line":178,"column":0},"end":{"line":178,"column":24}},"178":{"start":{"line":179,"column":0},"end":{"line":179,"column":38}},"179":{"start":{"line":180,"column":0},"end":{"line":180,"column":12}},"180":{"start":{"line":181,"column":0},"end":{"line":181,"column":11}},"181":{"start":{"line":182,"column":0},"end":{"line":182,"column":0}},"182":{"start":{"line":183,"column":0},"end":{"line":183,"column":64}},"183":{"start":{"line":184,"column":0},"end":{"line":184,"column":0}},"184":{"start":{"line":185,"column":0},"end":{"line":185,"column":25}},"185":{"start":{"line":186,"column":0},"end":{"line":186,"column":68}},"186":{"start":{"line":187,"column":0},"end":{"line":187,"column":43}},"187":{"start":{"line":188,"column":0},"end":{"line":188,"column":11}},"188":{"start":{"line":189,"column":0},"end":{"line":189,"column":7}},"189":{"start":{"line":190,"column":0},"end":{"line":190,"column":5}},"190":{"start":{"line":191,"column":0},"end":{"line":191,"column":21}},"191":{"start":{"line":192,"column":0},"end":{"line":192,"column":49}},"192":{"start":{"line":193,"column":0},"end":{"line":193,"column":21}},"193":{"start":{"line":194,"column":0},"end":{"line":194,"column":7}},"194":{"start":{"line":195,"column":0},"end":{"line":195,"column":17}},"195":{"start":{"line":196,"column":0},"end":{"line":196,"column":37}},"196":{"start":{"line":197,"column":0},"end":{"line":197,"column":67}},"197":{"start":{"line":198,"column":0},"end":{"line":198,"column":3}},"198":{"start":{"line":199,"column":0},"end":{"line":199,"column":2}}},"s":{"0":1,"1":1,"2":1,"3":1,"4":1,"5":1,"6":1,"7":1,"8":1,"9":5,"10":5,"11":5,"12":5,"13":5,"14":5,"15":5,"16":5,"17":5,"18":5,"19":5,"20":5,"21":5,"22":5,"23":5,"24":5,"25":5,"26":5,"27":5,"28":5,"29":5,"30":5,"31":5,"32":5,"33":5,"34":5,"35":5,"36":5,"37":5,"38":5,"39":5,"40":5,"41":5,"42":5,"43":5,"44":5,"45":5,"46":5,"47":5,"48":5,"49":5,"50":5,"51":5,"52":5,"53":5,"54":5,"55":5,"56":5,"57":5,"58":5,"59":4,"60":5,"61":5,"62":5,"63":3,"64":3,"65":3,"66":3,"67":3,"68":3,"69":3,"70":3,"71":3,"72":3,"73":3,"74":3,"75":3,"76":3,"77":3,"78":2,"79":2,"80":2,"81":2,"82":2,"83":2,"84":2,"85":2,"86":2,"87":2,"88":2,"89":2,"90":2,"91":2,"92":2,"93":1,"94":1,"95":1,"96":1,"97":1,"98":1,"99":1,"100":1,"101":1,"102":1,"103":1,"104":1,"105":1,"106":4,"107":4,"108":4,"109":4,"110":4,"111":4,"112":4,"113":1,"114":1,"115":1,"116":4,"117":4,"118":4,"119":4,"120":1,"121":1,"122":2,"123":0,"124":0,"125":0,"126":0,"127":0,"128":0,"129":1,"130":1,"131":1,"132":1,"133":1,"134":1,"135":1,"136":1,"137":1,"138":1,"139":3,"140":1,"141":1,"142":1,"143":3,"144":3,"145":3,"146":1,"147":1,"148":1,"149":1,"150":1,"151":1,"152":1,"153":1,"154":1,"155":1,"156":1,"157":1,"158":3,"159":1,"160":3,"161":0,"162":0,"163":0,"164":0,"165":0,"166":3,"167":1,"168":1,"169":1,"170":1,"171":1,"172":1,"173":2,"174":2,"175":2,"176":2,"177":2,"178":2,"179":2,"180":1,"181":1,"182":1,"183":1,"184":1,"185":1,"186":1,"187":1,"188":1,"189":3,"190":1,"191":1,"192":1,"193":1,"194":1,"195":1,"196":1,"197":1,"198":1},"branchMap":{"0":{"type":"branch","line":1,"loc":{"start":{"line":1,"col
[...]
mn":18}}]},"70":{"type":"branch","line":190,"loc":{"start":{"line":190,"column":18},"end":{"line":190,"column":75}},"locations":[{"start":{"line":190,"column":18},"end":{"line":190,"column":75}}]},"71":{"type":"branch","line":191,"loc":{"start":{"line":191,"column":-1},"end":{"line":199,"column":3}},"locations":[{"start":{"line":191,"column":-1},"end":{"line":199,"column":3}}]},"72":{"type":"branch","line":194,"loc":{"start":{"line":194,"column":30},"end":{"line":199,"column":3}},"locations":[{"start":{"line":194,"column":30},"end":{"line":199,"column":3}}]}},"b":{"0":[1],"1":[3],"2":[1],"3":[1],"4":[2],"5":[1],"6":[2],"7":[1],"8":[3],"9":[1],"10":[1],"11":[2],"12":[1],"13":[2],"14":[1],"15":[3],"16":[1],"17":[1],"18":[1],"19":[2],"20":[1],"21":[2],"22":[4],"23":[3],"24":[2],"25":[1],"26":[1],"27":[1],"28":[3],"29":[1],"30":[3],"31":[2],"32":[1],"33":[3],"34":[0],"35":[0],"36":[2],"37":[1],"38":[2],"39":[1],"40":[3],"41":[1],"42":[1],"43":[2],"44":[1],"45":[2],"46":[1],"47":[3],"48":[1],"49":[1],"50":[1],"51":[2],"52":[1],"53":[4],"54":[1],"55":[1],"56":[1],"57":[3],"58":[2],"59":[1],"60":[6],"61":[1],"62":[1],"63":[1],"64":[5],"65":[0],"66":[1],"67":[1],"68":[5],"69":[3],"70":[1],"71":[2],"72":[1]},"fnMap":{"0":{"name":"checkLikes","decl":{"start":{"line":4,"column":26},"end":{"line":20,"column":1}},"loc":{"start":{"line":4,"column":26},"end":{"line":20,"column":1}},"line":4},"1":{"name":"addToLikes","decl":{"start":{"line":22,"column":26},"end":{"line":37,"column":1}},"loc":{"start":{"line":22,"column":26},"end":{"line":37,"column":1}},"line":22},"2":{"name":"getAllLikedProperties","decl":{"start":{"line":39,"column":37},"end":{"line":55,"column":1}},"loc":{"start":{"line":39,"column":37},"end":{"line":55,"column":1}},"line":39},"3":{"name":"removeLike","decl":{"start":{"line":57,"column":26},"end":{"line":72,"column":1}},"loc":{"start":{"line":57,"column":26},"end":{"line":72,"column":1}},"line":57},"4":{"name":"addNote","decl":{"start":{"line":74,"column":23},"end":{"line":90,"column":1}},"loc":{"start":{"line":74,"column":23},"end":{"line":90,"column":1}},"line":74},"5":{"name":"getNotes","decl":{"start":{"line":92,"column":24},"end":{"line":110,"column":1}},"loc":{"start":{"line":92,"column":24},"end":{"line":110,"column":1}},"line":92},"6":{"name":"getAllNotes","decl":{"start":{"line":112,"column":27},"end":{"line":139,"column":1}},"loc":{"start":{"line":112,"column":27},"end":{"line":139,"column":1}},"line":112},"7":{"name":"deleteNote","decl":{"start":{"line":141,"column":26},"end":{"line":163,"column":1}},"loc":{"start":{"line":141,"column":26},"end":{"line":163,"column":1}},"line":141},"8":{"name":"updateProfile","decl":{"start":{"line":165,"column":29},"end":{"line":200,"column":1}},"loc":{"start":{"line":165,"column":29},"end":{"line":200,"column":1}},"line":165}},"f":{"0":3,"1":3,"2":3,"3":4,"4":3,"5":3,"6":3,"7":4,"8":6}}
,"/Users/petermurray/Desktop/Dissertation/PropertyApp/backend/middleware/authMiddleware.js": {"path":"/Users/petermurray/Desktop/Dissertation/PropertyApp/backend/middleware/authMiddleware.js","all":false,"statementMap":{"0":{"start":{"line":1,"column":0},"end":{"line":1,"column":31}},"1":{"start":{"line":2,"column":0},"end":{"line":2,"column":0}},"2":{"start":{"line":3,"column":0},"end":{"line":3,"column":27}},"3":{"start":{"line":4,"column":0},"end":{"line":4,"column":24}},"4":{"start":{"line":5,"column":0},"end":{"line":5,"column":23}},"5":{"start":{"line":6,"column":0},"end":{"line":6,"column":49}},"6":{"start":{"line":7,"column":0},"end":{"line":7,"column":38}},"7":{"start":{"line":8,"column":0},"end":{"line":8,"column":16}},"8":{"start":{"line":9,"column":0},"end":{"line":9,"column":20}},"9":{"start":{"line":10,"column":0},"end":{"line":10,"column":69}},"10":{"start":{"line":11,"column":0},"end":{"line":11,"column":5}},"11":{"start":{"line":12,"column":0},"end":{"line":12,"column":9}},"12":{"start":{"line":13,"column":0},"end":{"line":13,"column":72}},"13":{"start":{"line":14,"column":0},"end":{"line":14,"column":25}},"14":{"start":{"line":15,"column":0},"end":{"line":15,"column":72}},"15":{"start":{"line":16,"column":0},"end":{"line":16,"column":79}},"16":{"start":{"line":17,"column":0},"end":{"line":17,"column":7}},"17":{"start":{"line":18,"column":0},"end":{"line":18,"column":13}},"18":{"start":{"line":19,"column":0},"end":{"line":19,"column":19}},"19":{"start":{"line":20,"column":0},"end":{"line":20,"column":73}},"20":{"start":{"line":21,"column":0},"end":{"line":21,"column":5}},"21":{"start":{"line":22,"column":0},"end":{"line":22,"column":4}},"22":{"start":{"line":23,"column":0},"end":{"line":23,"column":0}},"23":{"start":{"line":24,"column":0},"end":{"line":24,"column":26}},"24":{"start":{"line":25,"column":0},"end":{"line":25,"column":22}},"25":{"start":{"line":26,"column":0},"end":{"line":26,"column":23}},"26":{"start":{"line":27,"column":0},"end":{"line":27,"column":59}},"27":{"start":{"line":28,"column":0},"end":{"line":28,"column":0}},"28":{"start":{"line":29,"column":0},"end":{"line":29,"column":43}},"29":{"start":{"line":30,"column":0},"end":{"line":30,"column":9}},"30":{"start":{"line":31,"column":0},"end":{"line":31,"column":64}},"31":{"start":{"line":32,"column":0},"end":{"line":32,"column":70}},"32":{"start":{"line":33,"column":0},"end":{"line":33,"column":35}},"33":{"start":{"line":34,"column":0},"end":{"line":34,"column":25}},"34":{"start":{"line":35,"column":0},"end":{"line":35,"column":13}},"35":{"start":{"line":36,"column":0},"end":{"line":36,"column":19}},"36":{"start":{"line":37,"column":0},"end":{"line":37,"column":33}},"37":{"start":{"line":38,"column":0},"end":{"line":38,"column":5}},"38":{"start":{"line":39,"column":0},"end":{"line":39,"column":4}}},"s":{"0":1,"1":1,"2":1,"3":1,"4":5,"5":5,"6":5,"7":1,"8":1,"9":1,"10":1,"11":4,"12":4,"13":4,"14":5,"15":1,"16":1,"17":2,"18":5,"19":1,"20":1,"21":1,"22":1,"23":1,"24":1,"25":4,"26":4,"27":4,"28":4,"29":3,"30":3,"31":4,"32":4,"33":1,"34":1,"35":1,"36":1,"37":1,"38":1},"branchMap":{"0":{"type":"branch","line":1,"loc":{"start":{"line":1,"column":0},"end":{"line":39,"column":4}},"locations":[{"start":{"line":1,"column":0},"end":{"line":39,"column":4}}]},"1":{"type":"branch","line":4,"loc":{"start":{"line":4,"column":2},"end":{"line":22,"column":3}},"locations":[{"start":{"line":4,"column":2},"end":{"line":22,"column":3}}]},"2":{"type":"branch","line":5,"loc":{"start":{"line":5,"column":2},"end":{"line":22,"column":3}},"locations":[{"start":{"line":5,"column":2},"end":{"line":22,"column":3}}]},"3":{"type":"branch","line":6,"loc":{"start":{"line":6,"column":43},"end":{"line":6,"column":48}},"locations":[{"start":{"line":6,"column":43},"end":{"line":6,"column":48}}]},"4":{"type":"branch","line":7,"loc":{"start":{"line":7,"column":37},"end":{"line":11,"column":5}},"locations":[{"start":{"line":7,"column":37},"end":{"line":11,"column":5}}]},"5":{"type":"branch","line":12,"loc":{"start":{"line":12,"column":-1},"end":{"line":15,"column":30}},"locations":[{"start":{"line":12,"column":-1},"end":{"line":15,"column":30}}]},"6":{"type":"branch","line":15,"loc":{"start":{"line":15,"column":30},"end":{"line":15,"column":69}},"locations":[{"start":{"line":15,"column":30},"end":{"line":15,"column":69}}]},"7":{"type":"branch","line":15,"loc":{"start":{"line":15,"column":71},"end":{"line":17,"column":7}},"locations":[{"start":{"line":15,"column":71},"end":{"line":17,"column":7}}]},"8":{"type":"branch","line":18,"loc":{"start":{"line":18,"column":-1},"end":{"line":19,"column":6}},"locations":[{"start":{"line":18,"column":-1},"end":{"line":19,"column":6}}]},"9":{"type":"branch","line":19,"loc":{"start":{"line":19,"column":6},"end":{"line":21,"column":5}},"locations":[{"start":{"line":19,"column":6},"end":{"line":21,"column":5}}]},"10":{"type":"branch","line":25,"loc":{"start":{"line":25,"column":2},"end":{"line":39,"column":3}},"locations":[{"start":{"line":25,"column":2},"end":{"line":39,"column":3}}]},"11":{"type":"branch","line":26,"loc":{"start":{"line":26,"column":2},"end":{"line":39,"column":3}},"locations":[{"start":{"line":26,"column":2},"end":{"line":39,"column":3}}]},"12":{"type":"branch","line":27,"loc":{"start":{"line":27,"column":43},"end":{"line":27,"column":50}},"locations":[{"start":{"line":27,"column":43},"end":{"line":27,"column":50}}]},"13":{"type":"branch","line":29,"loc":{"start":{"line":29,"column":16},"end":{"line":29,"column":43}},"locations":[{"start":{"line":29,"column":16},"end":{"line":29,"column":43}}]},"14":{"type":"branch","line":30,"loc":{"start":{"line":30,"column":-1},"end":{"line":32,"column":30}},"locations":[{"start":{"line":30,"column":-1},"end":{"line":32,"column":30}}]},"15":{"type":"branch","line":32,"loc":{"start":{"line":32,"column":30},"end":{"line":32,"column":69}},"locations":[{"start":{"line":32,"column":30},"end":{"line":32,"column":69}}]},"16":{"type":"branch","line":33,"loc":{"start":{"line":33,"column":8},"end":{"line":38,"column":5}},"locations":[{"start":{"line":33,"column":8},"end":{"line":38,"column":5}}]}},"b":{"0":[1],"1":[5],"2":[5],"3":[1],"4":[1],"5":[4],"6":[2],"7":[1],"8":[2],"9":[1],"10":[4],"11":[4],"12":[3],"13":[1],"14":[3],"15":[2],"16":[1]},"fnMap":{"0":{"name":"authenticate","decl":{"start":{"line":4,"column":2},"end":{"line":22,"column":3}},"loc":{"start":{"line":4,"column":2},"end":{"line":22,"column":3}},"line":4},"1":{"name":"requireAuth","decl":{"start":{"line":25,"column":2},"end":{"line":39,"column":3}},"loc":{"start":{"line":25,"column":2},"end":{"line":39,"column":3}},"line":25}},"f":{"0":5,"1":4}}
,"/Users/petermurray/Desktop/Dissertation/PropertyApp/backend/middleware/guards.js": {"path":"/Users/petermurray/Desktop/Dissertation/PropertyApp/backend/middleware/guards.js","all":false,"statementMap":{"0":{"start":{"line":1,"column":0},"end":{"line":1,"column":38}},"1":{"start":{"line":2,"column":0},"end":{"line":2,"column":0}},"2":{"start":{"line":3,"column":0},"end":{"line":3,"column":54}},"3":{"start":{"line":4,"column":0},"end":{"line":4,"column":44}},"4":{"start":{"line":5,"column":0},"end":{"line":5,"column":65}},"5":{"start":{"line":6,"column":0},"end":{"line":6,"column":38}},"6":{"start":{"line":7,"column":0},"end":{"line":7,"column":6}},"7":{"start":{"line":8,"column":0},"end":{"line":8,"column":23}},"8":{"start":{"line":9,"column":0},"end":{"line":9,"column":15}},"9":{"start":{"line":10,"column":0},"end":{"line":10,"column":47}},"10":{"start":{"line":11,"column":0},"end":{"line":11,"column":5}},"11":{"start":{"line":12,"column":0},"end":{"line":12,"column":18}},"12":{"start":{"line":13,"column":0},"end":{"line":13,"column":3}},"13":{"start":{"line":14,"column":0},"end":{"line":14,"column":0}},"14":{"start":{"line":15,"column":0},"end":{"line":15,"column":12}},"15":{"start":{"line":16,"column":0},"end":{"line":16,"column":16}},"16":{"start":{"line":17,"column":0},"end":{"line":17,"column":69}},"17":{"start":{"line":18,"column":0},"end":{"line":18,"column":2}},"18":{"start":{"line":19,"column":0},"end":{"line":19,"column":0}},"19":{"start":{"line":20,"column":0},"end":{"line":20,"column":60}},"20":{"start":{"line":21,"column":0},"end":{"line":21,"column":44}},"21":{"start":{"line":22,"column":0},"end":{"line":22,"column":25}},"22":{"start":{"line":23,"column":0},"end":{"line":23,"column":18}},"23":{"start":{"line":24,"column":0},"end":{"line":24,"column":3}},"24":{"start":{"line":25,"column":0},"end":{"line":25,"column":0}},"25":{"start":{"line":26,"column":0},"end":{"line":26,"column":38}},"26":{"start":{"line":27,"column":0},"end":{"line":27,"column":33}},"27":{"start":{"line":28,"column":0},"end":{"line":28,"column":12}},"28":{"start":{"line":29,"column":0},"end":{"line":29,"column":77}},"29":{"start":{"line":30,"column":0},"end":{"line":30,"column":7}},"30":{"start":{"line":31,"column":0},"end":{"line":31,"column":3}},"31":{"start":{"line":32,"column":0},"end":{"line":32,"column":0}},"32":{"start":{"line":33,"column":0},"end":{"line":33,"column":35}},"33":{"start":{"line":34,"column":0},"end":{"line":34,"column":0}},"34":{"start":{"line":35,"column":0},"end":{"line":35,"column":7}},"35":{"start":{"line":36,"column":0},"end":{"line":36,"column":16}},"36":{"start":{"line":37,"column":0},"end":{"line":37,"column":75}},"37":{"start":{"line":38,"column":0},"end":{"line":38,"column":29}},"38":{"start":{"line":39,"column":0},"end":{"line":39,"column":20}},"39":{"start":{"line":40,"column":0},"end":{"line":40,"column":68}},"40":{"start":{"line":41,"column":0},"end":{"line":41,"column":5}},"41":{"start":{"line":42,"column":0},"end":{"line":42,"column":58}},"42":{"start":{"line":43,"column":0},"end":{"line":43,"column":35}},"43":{"start":{"line":44,"column":0},"end":{"line":44,"column":78}},"44":{"start":{"line":45,"column":0},"end":{"line":45,"column":9}},"45":{"start":{"line":46,"column":0},"end":{"line":46,"column":5}},"46":{"start":{"line":47,"column":0},"end":{"line":47,"column":11}},"47":{"start":{"line":48,"column":0},"end":{"line":48,"column":17}},"48":{"start":{"line":49,"column":0},"end":{"line":49,"column":65}},"49":{"start":{"line":50,"column":0},"end":{"line":50,"column":14}},"50":{"start":{"line":51,"column":0},"end":{"line":51,"column":18}},"51":{"start":{"line":52,"column":0},"end":{"line":52,"column":67}},"52":{"start":{"line":53,"column":0},"end":{"line":53,"column":3}},"53":{"start":{"line":54,"column":0},"end":{"line":54,"column":2}},"54":{"start":{"line":55,"column":0},"end":{"line":55,"column":0}},"55":{"start":{"line":56,"column":0},"end":{"line":56,"column":57}},"56":{"start":{"line":57,"column":0},"end":{"line":57,"column":44}},"57":{"start":{"line":58,"column":0},"end":{"line":58,"column":38}},"58":{"start":{"line":59,"column":0},"end":{"line":59,"column":0}},"59":{"start":{"line":60,"column":0},"end":{"line":60,"column":78}},"60":{"start":{"line":61,"column":0},"end":{"line":61,"column":14}},"61":{"start":{"line":62,"column":0},"end":{"line":62,"column":18}},"62":{"start":{"line":63,"column":0},"end":{"line":63,"column":70}},"63":{"start":{"line":64,"column":0},"end":{"line":64,"column":3}},"64":{"start":{"line":65,"column":0},"end":{"line":65,"column":32}},"65":{"start":{"line":66,"column":0},"end":{"line":66,"column":9}},"66":{"start":{"line":67,"column":0},"end":{"line":67,"column":2}}},"s":{"0":1,"1":1,"2":1,"3":3,"4":3,"5":3,"6":2,"7":2,"8":3,"9":2,"10":3,"11":1,"12":1,"13":1,"14":1,"15":1,"16":1,"17":1,"18":1,"19":1,"20":6,"21":6,"22":1,"23":1,"24":5,"25":6,"26":1,"27":1,"28":1,"29":1,"30":1,"31":4,"32":4,"33":4,"34":4,"35":4,"36":4,"37":3,"38":6,"39":1,"40":1,"41":6,"42":1,"43":1,"44":1,"45":1,"46":1,"47":1,"48":1,"49":1,"50":1,"51":1,"52":1,"53":1,"54":1,"55":1,"56":3,"57":3,"58":2,"59":3,"60":1,"61":1,"62":1,"63":1,"64":1,"65":1,"66":1},"branchMap":{"0":{"type":"branch","line":1,"loc":{"start":{"line":1,"column":0},"end":{"line":67,"column":2}},"locations":[{"start":{"line":1,"column":0},"end":{"line":67,"column":2}}]},"1":{"type":"branch","line":3,"loc":{"start":{"line":3,"column":33},"end":{"line":18,"column":1}},"locations":[{"start":{"line":3,"column":33},"end":{"line":18,"column":1}}]},"2":{"type":"branch","line":4,"loc":{"start":{"line":4,"column":38},"end":{"line":4,"column":43}},"locations":[{"start":{"line":4,"column":38},"end":{"line":4,"column":43}}]},"3":{"type":"branch","line":5,"loc":{"start":{"line":5,"column":39},"end":{"line":5,"column":61}},"locations":[{"start":{"line":5,"column":39},"end":{"line":5,"column":61}}]},"4":{"type":"branch","line":6,"loc":{"start":{"line":6,"column":24},"end":{"line":6,"column":38}},"locations":[{"start":{"line":6,"column":24},"end":{"line":6,"column":38}}]},"5":{"type":"branch","line":7,"loc":{"start":{"line":7,"column":-1},"end":{"line":9,"column":12}},"locations":[{"start":{"line":7,"column":-1},"end":{"line":9,"column":12}}]},"6":{"type":"branch","line":9,"loc":{"start":{"line":9,"column":13},"end":{"line":10,"column":47}},"locations":[{"start":{"line":9,"column":13},"end":{"line":10,"column":47}}]},"7":{"type":"branch","line":11,"loc":{"start":{"line":11,"column":4},"end":{"line":18,"column":0}},"locations":[{"start":{"line":11,"column":4},"end":{"line":18,"column":0}}]},"8":{"type":"branch","line":20,"loc":{"start":{"line":20,"column":33},"end":{"line":54,"column":1}},"locations":[{"start":{"line":20,"column":33},"end":{"line":54,"column":1}}]},"9":{"type":"branch","line":21,"loc":{"start":{"line":21,"column":38},"end":{"line":21,"column":43}},"locations":[{"start":{"line":21,"column":38},"end":{"line":21,"column":43}}]},"10":{"type":"branch","line":22,"loc":{"start":{"line":22,"column":24},"end":{"line":24,"column":3}},"locations":[{"start":{"line":22,"column":24},"end":{"line":24,"column":3}}]},"11":{"type":"branch","line":25,"loc":{"start":{"line":25,"column":-1},"end":{"line":26,"column":23}},"locations":[{"start":{"line":25,"column":-1},"end":{"line":26,"column":23}}]},"12":{"type":"branch","line":26,"loc":{"start":{"line":26,"column":23},"end":{"line":26,"column":35}},"locations":[{"start":{"line":26,"column":23},"end":{"line":26,"column":35}}]},"13":{"type":"branch","line":26,"loc":{"start":{"line":26,"column":37},"end":{"line":31,"column":3}},"locations":[{"start":{"line":26,"column":37},"end":{"line":31,"column":3}}]},"14":{"type":"branch","line":32,"loc":{"start":{"line":32,"column":-1},"end":{"line":37,"column":75}},"locations":[{"start":{"line":32,"column":-1},"end":{"line":37,"column":75}}]},"15":{"type":"branch","line":38,"loc":{"start":{"line":38,"column":-1},"end":{"line":39,"column":19}},"locations":[{"start":{"line":38,"column":-1},"end":{"line":39,"column":19}}]},"16":{"type":"branch","line":39,"loc":{"start":{"line":39,"column":19},"end":{"line":41,"column":5}},"locations":[{"start":{"line":39,"column":19},"end":{"line":41,"column":5}}]},"17":{"type":"branch","line":42,"loc":{"start":{"line":42,"column":-1},"end":{"line":42,"column":57}},"locations":[{"start":{"line":42,"column":-1},"end":{"line":42,"column":57}}]},"18":{"type":"branch","line":42,"loc":{"start":{"line":42,"column":57},"end":{"line":53,"column":3}},"locations":[{"start":{"line":42,"column":57},"end":{"line":53,"column":3}}]},"19":{"type":"branch","line":56,"loc":{"start":{"line":56,"column":36},"end":{"line":67,"column":1}},"locations":[{"start":{"line":56,"column":36},"end":{"line":67,"column":1}}]},"20":{"type":"branch","line":57,"loc":{"start":{"line":57,"column":38},"end":{"line":57,"column":43}},"locations":[{"start":{"line":57,"column":38},"end":{"line":57,"column":43}}]},"21":{"type":"branch","line":58,"loc":{"start":{"line":58,"column":24},"end":{"line":58,"column":38}},"locations":[{"start":{"line":58,"column":24},"end":{"line":58,"column":38}}]},"22":{"type":"branch","line":59,"loc":{"start":{"line":59,"column":-1},"end":{"line":60,"column":25}},"locations":[{"start":{"line":59,"column":-1},"end":{"line":60,"column":25}}]},"23":{"type":"branch","line":60,"loc":{"start":{"line":60,"column":25},"end":{"line":60,"column":75}},"locations":[{"start":{"line":60,"column":25},"end":{"line":60,"column":75}}]},"24":{"type":"branch","line":60,"loc":{"start":{"line":60,"column":77},"end":{"line":67,"column":0}},"locations":[{"start":{"line":60,"column":77},"end":{"line":67,"column":0}}]}},"b":{"0":[1],"1":[3],"2":[0],"3":[0],"4":[1],"5":[2],"6":[2],"7":[1],"8":[6],"9":[0],"10":[1],"11":[5],"12":[4],"13":[1],"14":[4],"15":[3],"16":[1],"17":[2],"18":[1],"19":[3],"20":[0],"21":[1],"22":[2],"23":[1],"24":[1]},"fnMap":{"0":{"name":"ensureSelfOrAdmin","decl":{"start":{"line":3,"column":33},"end":{"line":18,"column":1}},"loc":{"start":{"line":3,"column":33},"end":{"line":18,"column":1}},"line":3},"1":{"name":"canManageProperty","decl":{"start":{"line":20,"column":33},"end":{"line":54,"column":1}},"loc":{"start":{"line":20,"column":33},"end":{"line":54,"column":1}},"line":20},"2":{"name":"attachAgencyOnCreate","decl":{"start":{"line":56,"column":36},"end":{"line":67,"column":1}},"loc":{"start":{"line":56,"column":36},"end":{"line":67,"column":1}},"line":56}},"f":{"0":3,"1":6,"2":3}}
}
