TN:
SF:backend/controllers/adminController.js
FN:5,adminLogin
FN:35,adminMe
FNF:2
FNH:2
FNDA:3,adminLogin
FNDA:4,adminMe
DA:1,1
DA:2,1
DA:3,1
DA:4,1
DA:5,1
DA:6,3
DA:7,3
DA:8,3
DA:9,3
DA:10,3
DA:11,3
DA:12,3
DA:13,2
DA:14,2
DA:15,2
DA:16,2
DA:17,2
DA:18,3
DA:19,1
DA:20,1
DA:21,1
DA:22,1
DA:23,1
DA:24,1
DA:25,1
DA:26,1
DA:27,1
DA:28,1
DA:29,3
DA:30,0
DA:31,0
DA:32,0
DA:33,1
DA:34,1
DA:35,1
DA:36,4
DA:37,4
DA:38,4
DA:39,4
DA:40,3
DA:41,3
DA:42,3
DA:43,4
DA:44,1
DA:45,1
DA:46,1
DA:47,4
DA:48,1
DA:49,1
DA:50,1
DA:51,1
DA:52,1
DA:53,1
DA:54,1
LF:54
LH:51
BRDA:1,0,0,1
BRDA:5,1,0,3
BRDA:12,2,0,1
BRDA:13,3,0,2
BRDA:18,4,0,1
BRDA:29,5,0,0
BRDA:35,6,0,4
BRDA:37,7,0,1
BRDA:38,8,0,3
BRDA:38,9,0,1
BRDA:39,10,0,1
BRDA:40,11,0,3
BRDA:43,12,0,1
BRDA:47,13,0,0
BRDA:48,14,0,1
BRF:15
BRH:13
end_of_record
TN:
SF:backend/controllers/agencyController.js
FN:5,registerAgency
FN:31,agencyLogin
FN:56,fetchPropertyByAgency
FN:119,getAgencyMe
FN:136,listAgencies
FN:149,updateAgency
FN:210,deleteAgency
FN:222,fetchAgencyEnquiries
FN:282,updateEnquiryStatus
FNF:9
FNH:9
FNDA:2,registerAgency
FNDA:4,agencyLogin
FNDA:3,fetchPropertyByAgency
FNDA:4,getAgencyMe
FNDA:2,listAgencies
FNDA:6,updateAgency
FNDA:3,deleteAgency
FNDA:2,fetchAgencyEnquiries
FNDA:5,updateEnquiryStatus
DA:1,1
DA:2,1
DA:3,1
DA:4,1
DA:5,1
DA:6,2
DA:7,2
DA:8,2
DA:9,2
DA:10,2
DA:11,2
DA:12,1
DA:13,1
DA:14,1
DA:15,1
DA:16,1
DA:17,1
DA:18,1
DA:19,1
DA:20,1
DA:21,1
DA:22,1
DA:23,1
DA:24,1
DA:25,1
DA:26,1
DA:27,1
DA:28,1
DA:29,1
DA:30,1
DA:31,1
DA:32,4
DA:33,4
DA:34,4
DA:35,4
DA:36,4
DA:37,3
DA:38,3
DA:39,4
DA:40,2
DA:41,2
DA:42,4
DA:43,1
DA:44,1
DA:45,1
DA:46,1
DA:47,1
DA:48,1
DA:49,1
DA:50,1
DA:51,1
DA:52,1
DA:53,1
DA:54,1
DA:55,1
DA:56,1
DA:57,3
DA:58,3
DA:59,3
DA:60,3
DA:61,3
DA:62,3
DA:63,3
DA:64,3
DA:65,3
DA:66,3
DA:67,3
DA:68,3
DA:69,3
DA:70,3
DA:71,3
DA:72,3
DA:73,3
DA:74,3
DA:75,3
DA:76,2
DA:77,2
DA:78,2
DA:79,2
DA:80,2
DA:81,2
DA:82,2
DA:83,2
DA:84,3
DA:85,1
DA:86,1
DA:87,1
DA:88,1
DA:89,1
DA:90,1
DA:91,1
DA:92,1
DA:93,1
DA:94,1
DA:95,1
DA:96,3
DA:97,3
DA:98,3
DA:99,3
DA:100,3
DA:101,1
DA:102,1
DA:103,2
DA:104,2
DA:105,1
DA:106,1
DA:107,1
DA:108,1
DA:109,1
DA:110,1
DA:111,1
DA:112,1
DA:113,1
DA:114,1
DA:115,1
DA:116,1
DA:117,1
DA:118,1
DA:119,1
DA:120,4
DA:121,4
DA:122,3
DA:123,3
DA:124,3
DA:125,2
DA:126,4
DA:127,1
DA:128,1
DA:129,1
DA:130,1
DA:131,1
DA:132,1
DA:133,1
DA:134,1
DA:135,1
DA:136,1
DA:137,2
DA:138,2
DA:139,2
DA:140,2
DA:141,2
DA:142,1
DA:143,1
DA:144,1
DA:145,1
DA:146,1
DA:147,1
DA:148,1
DA:149,1
DA:150,6
DA:151,6
DA:152,6
DA:153,6
DA:154,6
DA:155,6
DA:156,6
DA:157,6
DA:158,6
DA:159,6
DA:160,6
DA:161,6
DA:162,6
DA:163,6
DA:164,6
DA:165,6
DA:166,5
DA:167,5
DA:168,6
DA:169,1
DA:170,1
DA:171,4
DA:172,4
DA:173,6
DA:174,3
DA:175,1
DA:176,1
DA:177,1
DA:178,1
DA:179,2
DA:180,2
DA:181,2
DA:182,2
DA:183,2
DA:184,3
DA:185,1
DA:186,1
DA:187,1
DA:188,1
DA:189,1
DA:190,1
DA:191,2
DA:192,2
DA:193,2
DA:194,6
DA:195,6
DA:196,6
DA:197,6
DA:198,6
DA:199,6
DA:200,6
DA:201,6
DA:202,6
DA:203,2
DA:204,6
DA:205,1
DA:206,1
DA:207,1
DA:208,1
DA:209,1
DA:210,1
DA:211,3
DA:212,3
DA:213,3
DA:214,3
DA:215,1
DA:216,1
DA:217,1
DA:218,1
DA:219,1
DA:220,1
DA:221,1
DA:222,1
DA:223,2
DA:224,2
DA:225,2
DA:226,2
DA:227,2
DA:228,2
DA:229,2
DA:230,2
DA:231,2
DA:232,2
DA:233,2
DA:234,2
DA:235,2
DA:236,2
DA:237,2
DA:238,2
DA:239,2
DA:240,2
DA:241,2
DA:242,2
DA:243,2
DA:244,2
DA:245,2
DA:246,2
DA:247,1
DA:248,1
DA:249,1
DA:250,1
DA:251,1
DA:252,1
DA:253,1
DA:254,1
DA:255,1
DA:256,1
DA:257,1
DA:258,1
DA:259,1
DA:260,1
DA:261,1
DA:262,1
DA:263,1
DA:264,1
DA:265,1
DA:266,1
DA:267,1
DA:268,1
DA:269,1
DA:270,1
DA:271,1
DA:272,1
DA:273,1
DA:274,1
DA:275,1
DA:276,1
DA:277,1
DA:278,1
DA:279,1
DA:280,1
DA:281,1
DA:282,1
DA:283,5
DA:284,5
DA:285,5
DA:286,5
DA:287,5
DA:288,5
DA:289,5
DA:290,5
DA:291,5
DA:292,5
DA:293,5
DA:294,5
DA:295,1
DA:296,1
DA:297,4
DA:298,5
DA:299,1
DA:300,1
DA:301,1
DA:302,1
DA:303,1
DA:304,1
DA:305,1
DA:306,1
DA:307,1
DA:308,1
DA:309,1
DA:310,3
DA:311,3
DA:312,3
DA:313,3
DA:314,3
DA:315,3
DA:316,3
DA:317,3
DA:318,2
DA:319,5
DA:320,1
DA:321,1
DA:322,1
DA:323,1
DA:324,1
DA:325,1
DA:326,1
DA:327,1
DA:328,1
DA:329,1
DA:330,1
DA:331,1
DA:332,1
DA:333,1
DA:334,1
DA:335,1
DA:336,1
DA:337,1
DA:338,1
DA:339,1
DA:340,1
DA:341,1
LF:341
LH:341
BRDA:1,0,0,1
BRDA:5,1,0,2
BRDA:12,2,0,1
BRDA:31,3,0,4
BRDA:37,4,0,3
BRDA:39,5,0,1
BRDA:40,6,0,2
BRDA:42,7,0,1
BRDA:56,8,0,3
BRDA:64,9,0,2
BRDA:65,10,0,2
BRDA:76,11,0,2
BRDA:84,12,0,1
BRDA:98,13,0,2
BRDA:101,14,0,1
BRDA:83,15,0,2
BRDA:102,16,0,2
BRDA:104,17,0,0
BRDA:119,18,0,4
BRDA:121,19,0,1
BRDA:122,20,0,3
BRDA:125,21,0,2
BRDA:126,22,0,1
BRDA:136,23,0,2
BRDA:142,24,0,1
BRDA:149,25,0,6
BRDA:166,26,0,5
BRDA:168,27,0,1
BRDA:171,28,0,4
BRDA:173,29,0,3
BRDA:174,30,0,1
BRDA:179,31,0,2
BRDA:184,32,0,1
BRDA:191,33,0,2
BRDA:194,34,0,1
BRDA:195,35,0,1
BRDA:196,36,0,0
BRDA:197,37,0,1
BRDA:198,38,0,2
BRDA:199,39,0,1
BRDA:203,40,0,2
BRDA:204,41,0,1
BRDA:210,42,0,3
BRDA:214,43,0,2
BRDA:214,44,0,1
BRDA:222,45,0,2
BRDA:224,46,0,1
BRDA:225,47,0,1
BRDA:247,48,0,1
BRDA:254,49,0,1
BRDA:282,50,0,5
BRDA:288,51,0,0
BRDA:294,52,0,1
BRDA:297,53,0,4
BRDA:298,54,0,1
BRDA:310,55,0,3
BRDA:318,56,0,2
BRDA:319,57,0,1
BRF:58
BRH:55
end_of_record
TN:
SF:backend/controllers/authController.js
FN:5,register
FN:64,login
FN:96,adminLogin
FN:117,getMe
FNF:4
FNH:4
FNDA:3,register
FNDA:3,login
FNDA:3,adminLogin
FNDA:4,getMe
DA:1,1
DA:2,1
DA:3,1
DA:4,1
DA:5,1
DA:6,3
DA:7,3
DA:8,3
DA:9,3
DA:10,3
DA:11,3
DA:12,3
DA:13,1
DA:14,1
DA:15,3
DA:16,1
DA:17,1
DA:18,3
DA:19,0
DA:20,0
DA:21,0
DA:22,0
DA:23,0
DA:24,0
DA:25,0
DA:26,0
DA:27,1
DA:28,3
DA:29,0
DA:30,0
DA:31,0
DA:32,0
DA:33,0
DA:34,0
DA:35,0
DA:36,0
DA:37,1
DA:38,1
DA:39,1
DA:40,1
DA:41,1
DA:42,1
DA:43,1
DA:44,1
DA:45,1
DA:46,1
DA:47,1
DA:48,1
DA:49,1
DA:50,1
DA:51,3
DA:52,3
DA:53,3
DA:54,3
DA:55,2
DA:56,1
DA:57,1
DA:58,1
DA:59,1
DA:60,1
DA:61,2
DA:62,1
DA:63,1
DA:64,1
DA:65,3
DA:66,3
DA:67,3
DA:68,3
DA:69,3
DA:70,2
DA:71,2
DA:72,2
DA:73,3
DA:74,1
DA:75,1
DA:76,1
DA:77,1
DA:78,1
DA:79,1
DA:80,1
DA:81,1
DA:82,1
DA:83,1
DA:84,1
DA:85,1
DA:86,1
DA:87,1
DA:88,1
DA:89,1
DA:90,1
DA:91,3
DA:92,3
DA:93,3
DA:94,1
DA:95,1
DA:96,1
DA:97,3
DA:98,3
DA:99,3
DA:100,3
DA:101,3
DA:102,2
DA:103,2
DA:104,3
DA:105,1
DA:106,1
DA:107,1
DA:108,1
DA:109,1
DA:110,1
DA:111,1
DA:112,1
DA:113,1
DA:114,1
DA:115,1
DA:116,1
DA:117,1
DA:118,4
DA:119,4
DA:120,4
DA:121,4
DA:122,4
DA:123,4
DA:124,3
DA:125,3
DA:126,3
DA:127,3
DA:128,3
DA:129,3
DA:130,3
DA:131,2
DA:132,4
DA:133,1
DA:134,1
DA:135,1
DA:136,1
DA:137,1
DA:138,1
DA:139,1
DA:140,1
DA:141,4
DA:142,4
DA:143,4
DA:144,4
DA:145,1
DA:146,1
DA:147,1
DA:148,1
LF:148
LH:132
BRDA:1,0,0,1
BRDA:5,1,0,3
BRDA:13,2,0,1
BRDA:15,3,0,1
BRDA:18,4,0,0
BRDA:27,5,0,1
BRDA:28,6,0,0
BRDA:37,7,0,1
BRDA:54,8,0,2
BRDA:55,9,0,1
BRDA:64,10,0,3
BRDA:69,11,0,1
BRDA:70,12,0,2
BRDA:73,13,0,1
BRDA:91,14,0,0
BRDA:96,15,0,3
BRDA:101,16,0,1
BRDA:102,17,0,2
BRDA:104,18,0,1
BRDA:117,19,0,4
BRDA:119,20,0,1
BRDA:121,21,0,3
BRDA:122,22,0,1
BRDA:123,23,0,1
BRDA:124,24,0,3
BRDA:131,25,0,2
BRDA:132,26,0,1
BRDA:144,27,0,1
BRF:28
BRH:25
end_of_record
TN:
SF:backend/controllers/chatController.js
FN:9,botChat
FN:106,getDurationInMinutes
FNF:2
FNH:2
FNDA:5,botChat
FNDA:4,getDurationInMinutes
DA:1,1
DA:2,1
DA:3,1
DA:4,1
DA:5,1
DA:6,1
DA:7,1
DA:8,1
DA:9,1
DA:10,5
DA:11,5
DA:12,5
DA:13,5
DA:14,5
DA:15,5
DA:16,5
DA:17,5
DA:18,5
DA:19,5
DA:20,5
DA:21,5
DA:22,5
DA:23,5
DA:24,5
DA:25,5
DA:26,5
DA:27,5
DA:28,5
DA:29,5
DA:30,5
DA:31,5
DA:32,5
DA:33,5
DA:34,5
DA:35,5
DA:36,5
DA:37,5
DA:38,5
DA:39,5
DA:40,5
DA:41,5
DA:42,5
DA:43,5
DA:44,5
DA:45,5
DA:46,5
DA:47,5
DA:48,5
DA:49,5
DA:50,5
DA:51,5
DA:52,5
DA:53,5
DA:54,5
DA:55,5
DA:56,5
DA:57,5
DA:58,5
DA:59,5
DA:60,4
DA:61,5
DA:62,5
DA:63,5
DA:64,3
DA:65,3
DA:66,3
DA:67,3
DA:68,3
DA:69,3
DA:70,3
DA:71,3
DA:72,3
DA:73,3
DA:74,3
DA:75,3
DA:76,3
DA:77,3
DA:78,3
DA:79,2
DA:80,2
DA:81,2
DA:82,2
DA:83,2
DA:84,2
DA:85,2
DA:86,2
DA:87,2
DA:88,2
DA:89,2
DA:90,2
DA:91,2
DA:92,2
DA:93,2
DA:94,1
DA:95,1
DA:96,1
DA:97,1
DA:98,1
DA:99,1
DA:100,1
DA:101,1
DA:102,1
DA:103,1
DA:104,1
DA:105,1
DA:106,1
DA:107,4
DA:108,4
DA:109,4
DA:110,4
DA:111,4
DA:112,4
DA:113,4
DA:114,1
DA:115,1
DA:116,1
DA:117,4
DA:118,4
DA:119,4
DA:120,4
DA:121,1
DA:122,1
DA:123,2
DA:124,0
DA:125,0
DA:126,0
DA:127,0
DA:128,0
DA:129,0
DA:130,1
DA:131,1
DA:132,1
DA:133,1
DA:134,1
DA:135,1
DA:136,1
DA:137,1
DA:138,1
DA:139,1
DA:140,3
DA:141,1
DA:142,1
DA:143,1
DA:144,3
DA:145,3
DA:146,3
DA:147,1
DA:148,1
DA:149,1
DA:150,1
DA:151,1
DA:152,1
DA:153,1
DA:154,1
DA:155,1
DA:156,1
DA:157,1
DA:158,1
DA:159,3
DA:160,1
DA:161,3
DA:162,0
DA:163,0
DA:164,0
DA:165,0
DA:166,0
DA:167,3
DA:168,1
DA:169,1
DA:170,1
DA:171,1
DA:172,1
DA:173,1
DA:174,2
DA:175,2
DA:176,2
DA:177,2
DA:178,2
DA:179,2
DA:180,2
DA:181,1
DA:182,1
DA:183,1
DA:184,1
DA:185,1
DA:186,1
DA:187,1
DA:188,1
DA:189,1
DA:190,3
DA:191,1
DA:192,1
DA:193,1
DA:194,1
DA:195,1
DA:196,1
DA:197,1
DA:198,1
DA:199,1
LF:199
LH:188
BRDA:1,0,0,1
BRDA:9,1,0,5
BRDA:60,2,0,4
BRDA:61,3,0,3
BRDA:63,4,0,3
BRDA:63,5,0,3
BRDA:78,6,0,2
BRDA:78,7,0,2
BRDA:91,8,0,1
BRDA:93,9,0,1
BRDA:123,10,0,0
BRDA:130,11,0,1
BRDA:136,12,0,1
BRDA:140,13,0,0
BRDA:141,14,0,1
BRDA:144,15,0,0
BRDA:145,16,0,1
BRDA:145,17,0,0
BRDA:146,18,0,1
BRDA:146,19,0,0
BRDA:147,20,0,1
BRDA:159,21,0,0
BRDA:160,22,0,1
BRDA:161,23,0,0
BRDA:167,24,0,1
BRDA:191,25,0,1
BRDA:106,26,0,4
BRDA:107,27,0,0
BRDA:111,28,0,1
BRDA:111,29,0,3
BRDA:112,30,0,0
BRDA:116,31,0,4
BRDA:117,32,0,0
BRDA:153,33,0,2
BRDA:168,34,0,2
BRDA:173,35,0,2
BRDA:175,36,0,6
BRDA:176,37,0,3
BRF:38
BRH:28
end_of_record
TN:
SF:backend/controllers/propertyControllers.js
FN:11,getAllProperties
FN:69,createProperty
FN:144,getProperty
FN:181,updateProperty
FN:272,deleteProperty
FN:308,getPropertiesWithTravelTime
FN:323,normalizeDest
FN:421,getPlaces
FN:469,insertEnquiries
FN:509,getEnquiries
FN:555,searchWithRadius
FNF:11
FNH:11
FNDA:2,getAllProperties
FNDA:2,createProperty
FNDA:2,getProperty
FNDA:2,updateProperty
FNDA:2,deleteProperty
FNDA:2,getPropertiesWithTravelTime
FNDA:2,normalizeDest
FNDA:2,getPlaces
FNDA:2,insertEnquiries
FNDA:4,getEnquiries
FNDA:2,searchWithRadius
DA:1,1
DA:2,1
DA:3,1
DA:4,1
DA:5,1
DA:6,1
DA:7,1
DA:8,1
DA:9,1
DA:10,1
DA:11,1
DA:12,2
DA:13,2
DA:14,2
DA:15,2
DA:16,2
DA:17,2
DA:18,2
DA:19,2
DA:20,2
DA:21,2
DA:22,2
DA:23,2
DA:24,2
DA:25,2
DA:26,2
DA:27,2
DA:28,1
DA:29,1
DA:30,1
DA:31,1
DA:32,1
DA:33,1
DA:34,1
DA:35,1
DA:36,1
DA:37,1
DA:38,1
DA:39,1
DA:40,1
DA:41,1
DA:42,1
DA:43,1
DA:44,2
DA:45,2
DA:46,2
DA:47,2
DA:48,2
DA:49,2
DA:50,2
DA:51,2
DA:52,1
DA:53,1
DA:54,1
DA:55,1
DA:56,1
DA:57,1
DA:58,1
DA:59,1
DA:60,1
DA:61,1
DA:62,1
DA:63,1
DA:64,1
DA:65,1
DA:66,1
DA:67,1
DA:68,1
DA:69,1
DA:70,2
DA:71,2
DA:72,2
DA:73,2
DA:74,2
DA:75,0
DA:76,0
DA:77,2
DA:78,2
DA:79,2
DA:80,2
DA:81,2
DA:82,2
DA:83,2
DA:84,2
DA:85,2
DA:86,2
DA:87,2
DA:88,2
DA:89,2
DA:90,2
DA:91,2
DA:92,2
DA:93,2
DA:94,2
DA:95,2
DA:96,2
DA:97,2
DA:98,2
DA:99,2
DA:100,2
DA:101,2
DA:102,2
DA:103,2
DA:104,2
DA:105,2
DA:106,2
DA:107,2
DA:108,2
DA:109,1
DA:110,2
DA:111,1
DA:112,1
DA:113,1
DA:114,1
DA:115,1
DA:116,1
DA:117,1
DA:118,1
DA:119,1
DA:120,1
DA:121,1
DA:122,1
DA:123,1
DA:124,1
DA:125,1
DA:126,1
DA:127,2
DA:128,2
DA:129,2
DA:130,1
DA:131,1
DA:132,1
DA:133,1
DA:134,1
DA:135,1
DA:136,2
DA:137,0
DA:138,0
DA:139,0
DA:140,0
DA:141,0
DA:142,1
DA:143,1
DA:144,1
DA:145,2
DA:146,2
DA:147,2
DA:148,2
DA:149,2
DA:150,2
DA:151,2
DA:152,2
DA:153,2
DA:154,2
DA:155,2
DA:156,2
DA:157,1
DA:158,1
DA:159,1
DA:160,1
DA:161,1
DA:162,1
DA:163,1
DA:164,1
DA:165,1
DA:166,1
DA:167,1
DA:168,1
DA:169,1
DA:170,1
DA:171,1
DA:172,1
DA:173,1
DA:174,1
DA:175,1
DA:176,1
DA:177,1
DA:178,1
DA:179,1
DA:180,1
DA:181,1
DA:182,2
DA:183,2
DA:184,2
DA:185,2
DA:186,1
DA:187,1
DA:188,1
DA:189,0
DA:190,0
DA:191,0
DA:192,0
DA:193,1
DA:194,1
DA:195,1
DA:196,1
DA:197,1
DA:198,1
DA:199,1
DA:200,1
DA:201,1
DA:202,1
DA:203,1
DA:204,1
DA:205,1
DA:206,1
DA:207,1
DA:208,1
DA:209,1
DA:210,1
DA:211,1
DA:212,1
DA:213,1
DA:214,1
DA:215,1
DA:216,1
DA:217,1
DA:218,1
DA:219,1
DA:220,1
DA:221,1
DA:222,1
DA:223,1
DA:224,1
DA:225,1
DA:226,1
DA:227,1
DA:228,1
DA:229,1
DA:230,1
DA:231,1
DA:232,1
DA:233,1
DA:234,2
DA:235,0
DA:236,0
DA:237,0
DA:238,0
DA:239,1
DA:240,1
DA:241,2
DA:242,1
DA:243,1
DA:244,1
DA:245,1
DA:246,2
DA:247,0
DA:248,0
DA:249,0
DA:250,0
DA:251,0
DA:252,0
DA:253,1
DA:254,2
DA:255,1
DA:256,2
DA:257,2
DA:258,1
DA:259,1
DA:260,1
DA:261,1
DA:262,1
DA:263,1
DA:264,2
DA:265,0
DA:266,0
DA:267,0
DA:268,0
DA:269,0
DA:270,1
DA:271,1
DA:272,1
DA:273,2
DA:274,2
DA:275,2
DA:276,2
DA:277,1
DA:278,1
DA:279,1
DA:280,0
DA:281,0
DA:282,0
DA:283,0
DA:284,1
DA:285,1
DA:286,1
DA:287,1
DA:288,1
DA:289,1
DA:290,1
DA:291,1
DA:292,1
DA:293,1
DA:294,1
DA:295,2
DA:296,0
DA:297,0
DA:298,0
DA:299,0
DA:300,1
DA:301,2
DA:302,0
DA:303,0
DA:304,0
DA:305,0
DA:306,0
DA:307,1
DA:308,1
DA:309,2
DA:310,2
DA:311,2
DA:312,1
DA:313,1
DA:314,1
DA:315,1
DA:316,1
DA:317,1
DA:318,2
DA:319,2
DA:320,2
DA:321,2
DA:322,1
DA:323,1
DA:324,2
DA:325,0
DA:326,0
DA:327,2
DA:328,2
DA:329,2
DA:330,2
DA:331,2
DA:332,1
DA:333,1
DA:334,1
DA:335,1
DA:336,1
DA:337,1
DA:338,1
DA:339,1
DA:340,1
DA:341,1
DA:342,1
DA:343,1
DA:344,1
DA:345,1
DA:346,1
DA:347,1
DA:348,1
DA:349,1
DA:350,1
DA:351,1
DA:352,1
DA:353,1
DA:354,2
DA:355,2
DA:356,2
DA:357,2
DA:358,1
DA:359,1
DA:360,1
DA:361,1
DA:362,2
DA:363,0
DA:364,0
DA:365,2
DA:366,2
DA:367,2
DA:368,2
DA:369,2
DA:370,2
DA:371,2
DA:372,2
DA:373,2
DA:374,2
DA:375,2
DA:376,2
DA:377,2
DA:378,2
DA:379,2
DA:380,2
DA:381,2
DA:382,2
DA:383,2
DA:384,2
DA:385,2
DA:386,2
DA:387,2
DA:388,2
DA:389,2
DA:390,2
DA:391,2
DA:392,2
DA:393,2
DA:394,2
DA:395,2
DA:396,2
DA:397,2
DA:398,0
DA:399,0
DA:400,0
DA:401,0
DA:402,0
DA:403,0
DA:404,2
DA:405,2
DA:406,2
DA:407,2
DA:408,2
DA:409,2
DA:410,2
DA:411,1
DA:412,1
DA:413,1
DA:414,1
DA:415,2
DA:416,0
DA:417,0
DA:418,0
DA:419,1
DA:420,1
DA:421,1
DA:422,2
DA:423,2
DA:424,2
DA:425,2
DA:426,1
DA:427,1
DA:428,1
DA:429,1
DA:430,1
DA:431,1
DA:432,1
DA:433,1
DA:434,1
DA:435,1
DA:436,1
DA:437,1
DA:438,1
DA:439,1
DA:440,1
DA:441,1
DA:442,1
DA:443,1
DA:444,2
DA:445,0
DA:446,0
DA:447,0
DA:448,0
DA:449,1
DA:450,1
DA:451,1
DA:452,1
DA:453,1
DA:454,1
DA:455,1
DA:456,1
DA:457,1
DA:458,1
DA:459,1
DA:460,1
DA:461,1
DA:462,1
DA:463,2
DA:464,0
DA:465,0
DA:466,0
DA:467,1
DA:468,1
DA:469,1
DA:470,2
DA:471,2
DA:472,2
DA:473,1
DA:474,1
DA:475,1
DA:476,2
DA:477,1
DA:478,0
DA:479,0
DA:480,1
DA:481,1
DA:482,1
DA:483,1
DA:484,1
DA:485,1
DA:486,1
DA:487,2
DA:488,0
DA:489,0
DA:490,0
DA:491,0
DA:492,1
DA:493,1
DA:494,1
DA:495,1
DA:496,1
DA:497,2
DA:498,2
DA:499,2
DA:500,1
DA:501,2
DA:502,1
DA:503,2
DA:504,0
DA:505,0
DA:506,0
DA:507,1
DA:508,1
DA:509,1
DA:510,4
DA:511,4
DA:512,4
DA:513,4
DA:514,4
DA:515,4
DA:516,1
DA:517,1
DA:518,1
DA:519,3
DA:520,4
DA:521,1
DA:522,1
DA:523,1
DA:524,1
DA:525,1
DA:526,1
DA:527,1
DA:528,1
DA:529,1
DA:530,1
DA:531,1
DA:532,2
DA:533,4
DA:534,1
DA:535,1
DA:536,1
DA:537,1
DA:538,1
DA:539,1
DA:540,1
DA:541,1
DA:542,1
DA:543,1
DA:544,1
DA:545,1
DA:546,1
DA:547,1
DA:548,1
DA:549,4
DA:550,0
DA:551,0
DA:552,0
DA:553,1
DA:554,1
DA:555,1
DA:556,2
DA:557,2
DA:558,2
DA:559,2
DA:560,2
DA:561,2
DA:562,2
DA:563,2
DA:564,2
DA:565,2
DA:566,2
DA:567,2
DA:568,2
DA:569,1
DA:570,1
DA:571,1
DA:572,1
DA:573,1
DA:574,1
DA:575,1
DA:576,1
DA:577,1
DA:578,1
DA:579,1
DA:580,1
DA:581,1
DA:582,1
DA:583,2
DA:584,2
DA:585,2
DA:586,2
DA:587,2
DA:588,2
DA:589,2
DA:590,2
DA:591,2
DA:592,2
DA:593,2
DA:594,2
DA:595,2
DA:596,2
DA:597,2
DA:598,2
DA:599,2
DA:600,2
DA:601,2
DA:602,1
DA:603,1
DA:604,1
DA:605,1
DA:606,1
DA:607,1
DA:608,1
DA:609,1
DA:610,1
DA:611,1
DA:612,1
DA:613,1
DA:614,1
DA:615,1
DA:616,2
DA:617,2
DA:618,2
DA:619,2
DA:620,2
DA:621,2
DA:622,2
DA:623,2
DA:624,1
DA:625,1
DA:626,1
DA:627,2
DA:628,0
DA:629,0
DA:630,0
DA:631,1
LF:631
LH:557
BRDA:1,0,0,1
BRDA:11,1,0,2
BRDA:28,2,0,1
BRDA:29,3,0,2
BRDA:43,4,0,2
BRDA:45,5,0,6
BRDA:46,6,0,3
BRDA:69,7,0,2
BRDA:70,8,0,0
BRDA:71,9,0,0
BRDA:74,10,0,0
BRDA:93,11,0,1
BRDA:93,12,0,1
BRDA:94,13,0,1
BRDA:94,14,0,1
BRDA:95,15,0,0
BRDA:98,16,0,1
BRDA:99,17,0,1
BRDA:100,18,0,1
BRDA:101,19,0,1
BRDA:102,20,0,1
BRDA:103,21,0,1
BRDA:104,22,0,1
BRDA:105,23,0,1
BRDA:106,24,0,1
BRDA:107,25,0,1
BRDA:108,26,0,1
BRDA:110,27,0,1
BRDA:136,28,0,0
BRDA:126,29,0,2
BRDA:144,30,0,2
BRDA:157,31,0,1
BRDA:168,32,0,2
BRDA:181,33,0,2
BRDA:183,34,0,0
BRDA:185,35,0,1
BRDA:188,36,0,0
BRDA:234,37,0,0
BRDA:239,38,0,1
BRDA:241,39,0,1
BRDA:246,40,0,0
BRDA:253,41,0,1
BRDA:254,42,0,1
BRDA:264,43,0,0
BRDA:255,44,0,2
BRDA:272,45,0,2
BRDA:273,46,0,0
BRDA:276,47,0,1
BRDA:279,48,0,0
BRDA:295,49,0,0
BRDA:300,50,0,1
BRDA:301,51,0,0
BRDA:308,52,0,2
BRDA:311,53,0,1
BRDA:318,54,0,0
BRDA:321,55,0,0
BRDA:322,56,0,1
BRDA:415,57,0,0
BRDA:319,58,0,1
BRDA:320,59,0,1
BRDA:323,60,0,2
BRDA:324,61,0,0
BRDA:327,62,0,0
BRDA:328,63,0,0
BRDA:330,64,0,0
BRDA:342,65,0,2
BRDA:353,66,0,2
BRDA:355,67,0,4
BRDA:356,68,0,2
BRDA:361,69,0,2
BRDA:362,70,0,0
BRDA:374,71,0,2
BRDA:390,72,0,0
BRDA:397,73,0,0
BRDA:421,74,0,2
BRDA:425,75,0,1
BRDA:425,76,0,1
BRDA:444,77,0,0
BRDA:449,78,0,1
BRDA:463,79,0,0
BRDA:450,80,0,1
BRDA:459,81,0,0
BRDA:469,82,0,2
BRDA:472,83,0,1
BRDA:472,84,0,1
BRDA:472,85,0,1
BRDA:472,86,0,1
BRDA:476,87,0,1
BRDA:476,88,0,1
BRDA:477,89,0,0
BRDA:477,90,0,0
BRDA:487,91,0,0
BRDA:492,92,0,1
BRDA:500,93,0,1
BRDA:501,94,0,0
BRDA:502,95,0,1
BRDA:503,96,0,0
BRDA:509,97,0,4
BRDA:513,98,0,3
BRDA:513,99,0,3
BRDA:515,100,0,1
BRDA:519,101,0,3
BRDA:520,102,0,1
BRDA:532,103,0,2
BRDA:533,104,0,1
BRDA:534,105,0,0
BRDA:549,106,0,0
BRDA:555,107,0,2
BRDA:559,108,0,1
BRDA:560,109,0,1
BRDA:561,110,0,1
BRDA:564,111,0,1
BRDA:565,112,0,1
BRDA:566,113,0,1
BRDA:568,114,0,1
BRDA:568,115,0,1
BRDA:568,116,0,1
BRDA:583,117,0,0
BRDA:602,118,0,1
BRDA:627,119,0,0
BRDA:582,120,0,2
BRDA:603,121,0,2
BRDA:615,122,0,2
BRDA:617,123,0,4
BRDA:618,124,0,2
BRF:125
BRH:89
end_of_record
TN:
SF:backend/controllers/userControllers.js
FN:4,checkLikes
FN:22,addToLikes
FN:39,getAllLikedProperties
FN:57,removeLike
FN:74,addNote
FN:92,getNotes
FN:112,getAllNotes
FN:141,deleteNote
FN:165,updateProfile
FNF:9
FNH:9
FNDA:3,checkLikes
FNDA:3,addToLikes
FNDA:3,getAllLikedProperties
FNDA:4,removeLike
FNDA:3,addNote
FNDA:3,getNotes
FNDA:3,getAllNotes
FNDA:4,deleteNote
FNDA:6,updateProfile
DA:1,1
DA:2,1
DA:3,1
DA:4,1
DA:5,3
DA:6,3
DA:7,3
DA:8,3
DA:9,1
DA:10,1
DA:11,2
DA:12,2
DA:13,2
DA:14,1
DA:15,1
DA:16,1
DA:17,1
DA:18,1
DA:19,1
DA:20,1
DA:21,1
DA:22,1
DA:23,3
DA:24,3
DA:25,3
DA:26,3
DA:27,1
DA:28,1
DA:29,2
DA:30,2
DA:31,2
DA:32,2
DA:33,1
DA:34,1
DA:35,1
DA:36,1
DA:37,1
DA:38,1
DA:39,1
DA:40,3
DA:41,3
DA:42,1
DA:43,1
DA:44,2
DA:45,2
DA:46,2
DA:47,2
DA:48,1
DA:49,1
DA:50,1
DA:51,1
DA:52,1
DA:53,1
DA:54,1
DA:55,1
DA:56,1
DA:57,1
DA:58,4
DA:59,4
DA:60,4
DA:61,4
DA:62,1
DA:63,1
DA:64,3
DA:65,3
DA:66,3
DA:67,2
DA:68,4
DA:69,1
DA:70,1
DA:71,1
DA:72,1
DA:73,1
DA:74,1
DA:75,3
DA:76,3
DA:77,3
DA:78,3
DA:79,3
DA:80,1
DA:81,1
DA:82,2
DA:83,2
DA:84,2
DA:85,1
DA:86,1
DA:87,1
DA:88,1
DA:89,1
DA:90,1
DA:91,1
DA:92,1
DA:93,3
DA:94,3
DA:95,3
DA:96,3
DA:97,3
DA:98,1
DA:99,1
DA:100,2
DA:101,2
DA:102,2
DA:103,2
DA:104,1
DA:105,1
DA:106,1
DA:107,1
DA:108,1
DA:109,1
DA:110,1
DA:111,1
DA:112,1
DA:113,3
DA:114,3
DA:115,3
DA:116,1
DA:117,1
DA:118,2
DA:119,2
DA:120,2
DA:121,2
DA:122,2
DA:123,2
DA:124,2
DA:125,2
DA:126,2
DA:127,2
DA:128,2
DA:129,2
DA:130,2
DA:131,2
DA:132,2
DA:133,1
DA:134,1
DA:135,1
DA:136,1
DA:137,1
DA:138,1
DA:139,1
DA:140,1
DA:141,1
DA:142,4
DA:143,4
DA:144,4
DA:145,4
DA:146,3
DA:147,3
DA:148,3
DA:149,3
DA:150,3
DA:151,3
DA:152,3
DA:153,2
DA:154,4
DA:155,1
DA:156,1
DA:157,1
DA:158,1
DA:159,1
DA:160,1
DA:161,1
DA:162,1
DA:163,1
DA:164,1
DA:165,1
DA:166,6
DA:167,6
DA:168,6
DA:169,5
DA:170,6
DA:171,6
DA:172,6
DA:173,6
DA:174,6
DA:175,1
DA:176,1
DA:177,1
DA:178,5
DA:179,5
DA:180,5
DA:181,5
DA:182,5
DA:183,5
DA:184,5
DA:185,5
DA:186,5
DA:187,5
DA:188,5
DA:189,3
DA:190,6
DA:191,2
DA:192,2
DA:193,2
DA:194,2
DA:195,1
DA:196,1
DA:197,1
DA:198,1
DA:199,1
DA:200,1
LF:200
LH:200
BRDA:1,0,0,1
BRDA:4,1,0,3
BRDA:7,2,0,1
BRDA:7,3,0,1
BRDA:8,4,0,2
BRDA:8,5,0,1
BRDA:11,6,0,2
BRDA:14,7,0,1
BRDA:22,8,0,3
BRDA:24,9,0,1
BRDA:24,10,0,1
BRDA:26,11,0,2
BRDA:26,12,0,1
BRDA:29,13,0,2
BRDA:33,14,0,1
BRDA:39,15,0,3
BRDA:40,16,0,1
BRDA:40,17,0,1
BRDA:41,18,0,1
BRDA:44,19,0,2
BRDA:48,20,0,1
BRDA:48,21,0,2
BRDA:57,22,0,4
BRDA:58,23,0,3
BRDA:58,24,0,2
BRDA:58,25,0,1
BRDA:59,26,0,1
BRDA:59,27,0,1
BRDA:61,28,0,3
BRDA:61,29,0,1
BRDA:64,30,0,3
BRDA:67,31,0,2
BRDA:68,32,0,1
BRDA:74,33,0,3
BRDA:77,34,0,0
BRDA:77,35,0,0
BRDA:79,36,0,2
BRDA:79,37,0,1
BRDA:82,38,0,2
BRDA:85,39,0,1
BRDA:92,40,0,3
BRDA:95,41,0,1
BRDA:95,42,0,1
BRDA:97,43,0,2
BRDA:97,44,0,1
BRDA:100,45,0,2
BRDA:104,46,0,1
BRDA:112,47,0,3
BRDA:113,48,0,1
BRDA:113,49,0,1
BRDA:115,50,0,1
BRDA:118,51,0,2
BRDA:133,52,0,1
BRDA:141,53,0,4
BRDA:143,54,0,1
BRDA:143,55,0,1
BRDA:145,56,0,1
BRDA:146,57,0,3
BRDA:153,58,0,2
BRDA:154,59,0,1
BRDA:165,60,0,6
BRDA:166,61,0,1
BRDA:166,62,0,1
BRDA:168,63,0,1
BRDA:169,64,0,5
BRDA:170,65,0,0
BRDA:174,66,0,1
BRDA:174,67,0,1
BRDA:178,68,0,5
BRDA:189,69,0,3
BRDA:190,70,0,1
BRDA:191,71,0,2
BRDA:194,72,0,1
BRF:73
BRH:70
end_of_record
TN:
SF:backend/middleware/authMiddleware.js
FN:4,authenticate
FN:25,requireAuth
FNF:2
FNH:2
FNDA:5,authenticate
FNDA:4,requireAuth
DA:1,1
DA:2,1
DA:3,1
DA:4,1
DA:5,5
DA:6,5
DA:7,5
DA:8,1
DA:9,1
DA:10,1
DA:11,1
DA:12,4
DA:13,4
DA:14,4
DA:15,5
DA:16,1
DA:17,1
DA:18,2
DA:19,5
DA:20,1
DA:21,1
DA:22,1
DA:23,1
DA:24,1
DA:25,1
DA:26,4
DA:27,4
DA:28,4
DA:29,4
DA:30,3
DA:31,3
DA:32,4
DA:33,4
DA:34,1
DA:35,1
DA:36,1
DA:37,1
DA:38,1
DA:39,1
LF:39
LH:39
BRDA:1,0,0,1
BRDA:4,1,0,5
BRDA:5,2,0,5
BRDA:6,3,0,1
BRDA:7,4,0,1
BRDA:12,5,0,4
BRDA:15,6,0,2
BRDA:15,7,0,1
BRDA:18,8,0,2
BRDA:19,9,0,1
BRDA:25,10,0,4
BRDA:26,11,0,4
BRDA:27,12,0,3
BRDA:29,13,0,1
BRDA:30,14,0,3
BRDA:32,15,0,2
BRDA:33,16,0,1
BRF:17
BRH:17
end_of_record
TN:
SF:backend/middleware/guards.js
FN:3,ensureSelfOrAdmin
FN:20,canManageProperty
FN:56,attachAgencyOnCreate
FNF:3
FNH:3
FNDA:3,ensureSelfOrAdmin
FNDA:6,canManageProperty
FNDA:3,attachAgencyOnCreate
DA:1,1
DA:2,1
DA:3,1
DA:4,3
DA:5,3
DA:6,3
DA:7,2
DA:8,2
DA:9,3
DA:10,2
DA:11,3
DA:12,1
DA:13,1
DA:14,1
DA:15,1
DA:16,1
DA:17,1
DA:18,1
DA:19,1
DA:20,1
DA:21,6
DA:22,6
DA:23,1
DA:24,1
DA:25,5
DA:26,6
DA:27,1
DA:28,1
DA:29,1
DA:30,1
DA:31,1
DA:32,4
DA:33,4
DA:34,4
DA:35,4
DA:36,4
DA:37,4
DA:38,3
DA:39,6
DA:40,1
DA:41,1
DA:42,6
DA:43,1
DA:44,1
DA:45,1
DA:46,1
DA:47,1
DA:48,1
DA:49,1
DA:50,1
DA:51,1
DA:52,1
DA:53,1
DA:54,1
DA:55,1
DA:56,1
DA:57,3
DA:58,3
DA:59,2
DA:60,3
DA:61,1
DA:62,1
DA:63,1
DA:64,1
DA:65,1
DA:66,1
DA:67,1
LF:67
LH:67
BRDA:1,0,0,1
BRDA:3,1,0,3
BRDA:4,2,0,0
BRDA:5,3,0,0
BRDA:6,4,0,1
BRDA:7,5,0,2
BRDA:9,6,0,2
BRDA:11,7,0,1
BRDA:20,8,0,6
BRDA:21,9,0,0
BRDA:22,10,0,1
BRDA:25,11,0,5
BRDA:26,12,0,4
BRDA:26,13,0,1
BRDA:32,14,0,4
BRDA:38,15,0,3
BRDA:39,16,0,1
BRDA:42,17,0,2
BRDA:42,18,0,1
BRDA:56,19,0,3
BRDA:57,20,0,0
BRDA:58,21,0,1
BRDA:59,22,0,2
BRDA:60,23,0,1
BRDA:60,24,0,1
BRF:25
BRH:21
end_of_record
