TN:
SF:backend/controllers/adminController.js
FN:5,adminLogin
FN:35,adminMe
FNF:2
FNH:2
FNDA:3,adminLogin
FNDA:4,adminMe
DA:1,1
DA:2,1
DA:3,1
DA:4,1
DA:5,1
DA:6,3
DA:7,3
DA:8,3
DA:9,3
DA:10,3
DA:11,3
DA:12,3
DA:13,2
DA:14,2
DA:15,2
DA:16,2
DA:17,2
DA:18,3
DA:19,1
DA:20,1
DA:21,1
DA:22,1
DA:23,1
DA:24,1
DA:25,1
DA:26,1
DA:27,1
DA:28,1
DA:29,3
DA:30,0
DA:31,0
DA:32,0
DA:33,1
DA:34,1
DA:35,1
DA:36,4
DA:37,4
DA:38,4
DA:39,4
DA:40,3
DA:41,3
DA:42,3
DA:43,4
DA:44,1
DA:45,1
DA:46,1
DA:47,4
DA:48,1
DA:49,1
DA:50,1
DA:51,1
DA:52,1
DA:53,1
DA:54,1
LF:54
LH:51
BRDA:1,0,0,1
BRDA:5,1,0,3
BRDA:12,2,0,1
BRDA:13,3,0,2
BRDA:18,4,0,1
BRDA:29,5,0,0
BRDA:35,6,0,4
BRDA:37,7,0,1
BRDA:38,8,0,3
BRDA:38,9,0,1
BRDA:39,10,0,1
BRDA:40,11,0,3
BRDA:43,12,0,1
BRDA:47,13,0,0
BRDA:48,14,0,1
BRF:15
BRH:13
end_of_record
TN:
SF:backend/controllers/agencyController.js
FN:5,registerAgency
FN:31,agencyLogin
FN:56,fetchPropertyByAgency
FN:119,getAgencyMe
FN:136,listAgencies
FN:149,updateAgency
FN:220,deleteAgency
FN:232,fetchAgencyEnquiries
FN:292,updateEnquiryStatus
FNF:9
FNH:9
FNDA:2,registerAgency
FNDA:4,agencyLogin
FNDA:3,fetchPropertyByAgency
FNDA:4,getAgencyMe
FNDA:2,listAgencies
FNDA:6,updateAgency
FNDA:3,deleteAgency
FNDA:2,fetchAgencyEnquiries
FNDA:5,updateEnquiryStatus
DA:1,1
DA:2,1
DA:3,1
DA:4,1
DA:5,1
DA:6,2
DA:7,2
DA:8,2
DA:9,2
DA:10,2
DA:11,2
DA:12,1
DA:13,1
DA:14,1
DA:15,1
DA:16,1
DA:17,1
DA:18,1
DA:19,1
DA:20,1
DA:21,1
DA:22,1
DA:23,1
DA:24,1
DA:25,1
DA:26,1
DA:27,1
DA:28,1
DA:29,1
DA:30,1
DA:31,1
DA:32,4
DA:33,4
DA:34,4
DA:35,4
DA:36,4
DA:37,3
DA:38,3
DA:39,4
DA:40,2
DA:41,2
DA:42,4
DA:43,1
DA:44,1
DA:45,1
DA:46,1
DA:47,1
DA:48,1
DA:49,1
DA:50,1
DA:51,1
DA:52,1
DA:53,1
DA:54,1
DA:55,1
DA:56,1
DA:57,3
DA:58,3
DA:59,3
DA:60,3
DA:61,3
DA:62,3
DA:63,3
DA:64,3
DA:65,3
DA:66,3
DA:67,3
DA:68,3
DA:69,3
DA:70,3
DA:71,3
DA:72,3
DA:73,3
DA:74,3
DA:75,3
DA:76,2
DA:77,2
DA:78,2
DA:79,2
DA:80,2
DA:81,2
DA:82,2
DA:83,2
DA:84,3
DA:85,1
DA:86,1
DA:87,1
DA:88,1
DA:89,1
DA:90,1
DA:91,1
DA:92,1
DA:93,1
DA:94,1
DA:95,1
DA:96,3
DA:97,3
DA:98,3
DA:99,3
DA:100,3
DA:101,1
DA:102,1
DA:103,2
DA:104,2
DA:105,1
DA:106,1
DA:107,1
DA:108,1
DA:109,1
DA:110,1
DA:111,1
DA:112,1
DA:113,1
DA:114,1
DA:115,1
DA:116,1
DA:117,1
DA:118,1
DA:119,1
DA:120,4
DA:121,4
DA:122,3
DA:123,3
DA:124,3
DA:125,2
DA:126,4
DA:127,1
DA:128,1
DA:129,1
DA:130,1
DA:131,1
DA:132,1
DA:133,1
DA:134,1
DA:135,1
DA:136,1
DA:137,2
DA:138,2
DA:139,2
DA:140,2
DA:141,2
DA:142,1
DA:143,1
DA:144,1
DA:145,1
DA:146,1
DA:147,1
DA:148,1
DA:149,1
DA:150,6
DA:151,6
DA:152,6
DA:153,6
DA:154,6
DA:155,6
DA:156,6
DA:157,6
DA:158,6
DA:159,6
DA:160,6
DA:161,6
DA:162,6
DA:163,6
DA:164,6
DA:165,6
DA:166,6
DA:167,0
DA:168,0
DA:169,6
DA:170,6
DA:171,0
DA:172,0
DA:173,6
DA:174,6
DA:175,6
DA:176,5
DA:177,5
DA:178,6
DA:179,1
DA:180,1
DA:181,4
DA:182,4
DA:183,6
DA:184,3
DA:185,1
DA:186,1
DA:187,1
DA:188,1
DA:189,2
DA:190,2
DA:191,2
DA:192,2
DA:193,2
DA:194,3
DA:195,1
DA:196,1
DA:197,1
DA:198,1
DA:199,1
DA:200,1
DA:201,2
DA:202,2
DA:203,2
DA:204,6
DA:205,6
DA:206,6
DA:207,6
DA:208,6
DA:209,6
DA:210,6
DA:211,6
DA:212,6
DA:213,2
DA:214,6
DA:215,1
DA:216,1
DA:217,1
DA:218,1
DA:219,1
DA:220,1
DA:221,3
DA:222,3
DA:223,3
DA:224,3
DA:225,1
DA:226,1
DA:227,1
DA:228,1
DA:229,1
DA:230,1
DA:231,1
DA:232,1
DA:233,2
DA:234,2
DA:235,2
DA:236,2
DA:237,2
DA:238,2
DA:239,2
DA:240,2
DA:241,2
DA:242,2
DA:243,2
DA:244,2
DA:245,2
DA:246,2
DA:247,2
DA:248,2
DA:249,2
DA:250,2
DA:251,2
DA:252,2
DA:253,2
DA:254,2
DA:255,2
DA:256,2
DA:257,1
DA:258,1
DA:259,1
DA:260,1
DA:261,1
DA:262,1
DA:263,1
DA:264,1
DA:265,1
DA:266,1
DA:267,1
DA:268,1
DA:269,1
DA:270,1
DA:271,1
DA:272,1
DA:273,1
DA:274,1
DA:275,1
DA:276,1
DA:277,1
DA:278,1
DA:279,1
DA:280,1
DA:281,1
DA:282,1
DA:283,1
DA:284,1
DA:285,1
DA:286,1
DA:287,1
DA:288,1
DA:289,1
DA:290,1
DA:291,1
DA:292,1
DA:293,5
DA:294,5
DA:295,5
DA:296,5
DA:297,5
DA:298,5
DA:299,5
DA:300,5
DA:301,5
DA:302,5
DA:303,5
DA:304,5
DA:305,1
DA:306,1
DA:307,4
DA:308,5
DA:309,1
DA:310,1
DA:311,1
DA:312,1
DA:313,1
DA:314,1
DA:315,1
DA:316,1
DA:317,1
DA:318,1
DA:319,1
DA:320,3
DA:321,3
DA:322,3
DA:323,3
DA:324,3
DA:325,3
DA:326,3
DA:327,3
DA:328,2
DA:329,5
DA:330,1
DA:331,1
DA:332,1
DA:333,1
DA:334,1
DA:335,1
DA:336,1
DA:337,1
DA:338,1
DA:339,1
DA:340,1
DA:341,1
DA:342,1
DA:343,1
DA:344,1
DA:345,1
DA:346,1
DA:347,1
DA:348,1
DA:349,1
DA:350,1
DA:351,1
LF:351
LH:347
BRDA:1,0,0,1
BRDA:5,1,0,2
BRDA:12,2,0,1
BRDA:31,3,0,4
BRDA:37,4,0,3
BRDA:39,5,0,1
BRDA:40,6,0,2
BRDA:42,7,0,1
BRDA:56,8,0,3
BRDA:64,9,0,2
BRDA:65,10,0,2
BRDA:76,11,0,2
BRDA:84,12,0,1
BRDA:98,13,0,2
BRDA:101,14,0,1
BRDA:83,15,0,2
BRDA:102,16,0,2
BRDA:104,17,0,0
BRDA:119,18,0,4
BRDA:121,19,0,1
BRDA:122,20,0,3
BRDA:125,21,0,2
BRDA:126,22,0,1
BRDA:136,23,0,2
BRDA:142,24,0,1
BRDA:149,25,0,6
BRDA:166,26,0,1
BRDA:166,27,0,0
BRDA:170,28,0,1
BRDA:170,29,0,0
BRDA:176,30,0,5
BRDA:178,31,0,1
BRDA:181,32,0,4
BRDA:183,33,0,3
BRDA:184,34,0,1
BRDA:189,35,0,2
BRDA:194,36,0,1
BRDA:201,37,0,2
BRDA:204,38,0,1
BRDA:205,39,0,1
BRDA:206,40,0,0
BRDA:207,41,0,1
BRDA:208,42,0,2
BRDA:209,43,0,1
BRDA:213,44,0,2
BRDA:214,45,0,1
BRDA:220,46,0,3
BRDA:224,47,0,2
BRDA:224,48,0,1
BRDA:232,49,0,2
BRDA:234,50,0,1
BRDA:235,51,0,1
BRDA:257,52,0,1
BRDA:264,53,0,1
BRDA:292,54,0,5
BRDA:298,55,0,0
BRDA:304,56,0,1
BRDA:307,57,0,4
BRDA:308,58,0,1
BRDA:320,59,0,3
BRDA:328,60,0,2
BRDA:329,61,0,1
BRF:62
BRH:57
end_of_record
TN:
SF:backend/controllers/authController.js
FN:5,register
FN:64,login
FN:106,adminLogin
FN:127,getMe
FNF:4
FNH:4
FNDA:3,register
FNDA:3,login
FNDA:3,adminLogin
FNDA:4,getMe
DA:1,1
DA:2,1
DA:3,1
DA:4,1
DA:5,1
DA:6,3
DA:7,3
DA:8,3
DA:9,3
DA:10,3
DA:11,3
DA:12,3
DA:13,1
DA:14,1
DA:15,3
DA:16,1
DA:17,1
DA:18,3
DA:19,0
DA:20,0
DA:21,0
DA:22,0
DA:23,0
DA:24,0
DA:25,0
DA:26,0
DA:27,1
DA:28,3
DA:29,0
DA:30,0
DA:31,0
DA:32,0
DA:33,0
DA:34,0
DA:35,0
DA:36,0
DA:37,1
DA:38,1
DA:39,1
DA:40,1
DA:41,1
DA:42,1
DA:43,1
DA:44,1
DA:45,1
DA:46,1
DA:47,1
DA:48,1
DA:49,1
DA:50,1
DA:51,3
DA:52,3
DA:53,3
DA:54,3
DA:55,2
DA:56,1
DA:57,1
DA:58,1
DA:59,1
DA:60,1
DA:61,2
DA:62,1
DA:63,1
DA:64,1
DA:65,3
DA:66,3
DA:67,3
DA:68,3
DA:69,3
DA:70,3
DA:71,2
DA:72,2
DA:73,2
DA:74,3
DA:75,1
DA:76,1
DA:77,1
DA:78,1
DA:79,1
DA:80,1
DA:81,1
DA:82,1
DA:83,1
DA:84,1
DA:85,1
DA:86,1
DA:87,1
DA:88,1
DA:89,1
DA:90,1
DA:91,1
DA:92,1
DA:93,1
DA:94,1
DA:95,3
DA:96,3
DA:97,3
DA:98,3
DA:99,0
DA:100,0
DA:101,0
DA:102,0
DA:103,0
DA:104,1
DA:105,1
DA:106,1
DA:107,3
DA:108,3
DA:109,3
DA:110,3
DA:111,3
DA:112,2
DA:113,2
DA:114,3
DA:115,1
DA:116,1
DA:117,1
DA:118,1
DA:119,1
DA:120,1
DA:121,1
DA:122,1
DA:123,1
DA:124,1
DA:125,1
DA:126,1
DA:127,1
DA:128,4
DA:129,4
DA:130,4
DA:131,4
DA:132,4
DA:133,4
DA:134,3
DA:135,3
DA:136,3
DA:137,3
DA:138,3
DA:139,3
DA:140,3
DA:141,2
DA:142,4
DA:143,1
DA:144,1
DA:145,1
DA:146,1
DA:147,1
DA:148,1
DA:149,1
DA:150,1
DA:151,4
DA:152,4
DA:153,4
DA:154,4
DA:155,1
DA:156,1
DA:157,1
DA:158,1
LF:158
LH:137
BRDA:1,0,0,1
BRDA:5,1,0,3
BRDA:13,2,0,1
BRDA:15,3,0,1
BRDA:18,4,0,0
BRDA:27,5,0,1
BRDA:28,6,0,0
BRDA:37,7,0,1
BRDA:54,8,0,2
BRDA:55,9,0,1
BRDA:64,10,0,3
BRDA:70,11,0,1
BRDA:71,12,0,2
BRDA:74,13,0,1
BRDA:95,14,0,0
BRDA:98,15,0,0
BRDA:106,16,0,3
BRDA:111,17,0,1
BRDA:112,18,0,2
BRDA:114,19,0,1
BRDA:127,20,0,4
BRDA:129,21,0,1
BRDA:131,22,0,3
BRDA:132,23,0,1
BRDA:133,24,0,1
BRDA:134,25,0,3
BRDA:141,26,0,2
BRDA:142,27,0,1
BRDA:154,28,0,1
BRF:29
BRH:25
end_of_record
TN:
SF:backend/controllers/chatController.js
FN:9,botChat
FN:124,getDurationInMinutes
FNF:2
FNH:2
FNDA:5,botChat
FNDA:4,getDurationInMinutes
DA:1,1
DA:2,1
DA:3,1
DA:4,1
DA:5,1
DA:6,1
DA:7,1
DA:8,1
DA:9,1
DA:10,5
DA:11,5
DA:12,5
DA:13,5
DA:14,5
DA:15,5
DA:16,5
DA:17,5
DA:18,5
DA:19,5
DA:20,5
DA:21,5
DA:22,5
DA:23,5
DA:24,5
DA:25,5
DA:26,5
DA:27,5
DA:28,5
DA:29,5
DA:30,5
DA:31,5
DA:32,5
DA:33,5
DA:34,5
DA:35,5
DA:36,5
DA:37,5
DA:38,5
DA:39,5
DA:40,5
DA:41,5
DA:42,5
DA:43,5
DA:44,5
DA:45,5
DA:46,5
DA:47,5
DA:48,5
DA:49,5
DA:50,5
DA:51,5
DA:52,5
DA:53,5
DA:54,5
DA:55,5
DA:56,5
DA:57,5
DA:58,5
DA:59,5
DA:60,5
DA:61,5
DA:62,5
DA:63,5
DA:64,4
DA:65,5
DA:66,5
DA:67,5
DA:68,3
DA:69,3
DA:70,3
DA:71,3
DA:72,3
DA:73,3
DA:74,3
DA:75,3
DA:76,3
DA:77,3
DA:78,3
DA:79,3
DA:80,3
DA:81,3
DA:82,3
DA:83,2
DA:84,2
DA:85,2
DA:86,2
DA:87,2
DA:88,2
DA:89,2
DA:90,2
DA:91,2
DA:92,2
DA:93,2
DA:94,2
DA:95,2
DA:96,2
DA:97,2
DA:98,1
DA:99,1
DA:100,1
DA:101,1
DA:102,1
DA:103,1
DA:104,1
DA:105,2
DA:106,0
DA:107,2
DA:108,1
DA:109,1
DA:110,1
DA:111,0
DA:112,0
DA:113,1
DA:114,1
DA:115,1
DA:116,1
DA:117,1
DA:118,1
DA:119,1
DA:120,1
DA:121,1
DA:122,1
DA:123,1
DA:124,1
DA:125,4
DA:126,4
DA:127,4
DA:128,4
DA:129,1
DA:130,1
DA:131,1
DA:132,4
DA:133,4
DA:134,4
DA:135,1
DA:136,1
DA:137,2
DA:138,0
DA:139,0
DA:140,0
DA:141,0
DA:142,0
DA:143,0
DA:144,1
DA:145,1
DA:146,1
DA:147,1
DA:148,1
DA:149,1
DA:150,1
DA:151,1
DA:152,1
DA:153,1
DA:154,3
DA:155,1
DA:156,1
DA:157,1
DA:158,3
DA:159,3
DA:160,3
DA:161,1
DA:162,1
DA:163,1
DA:164,1
DA:165,1
DA:166,1
DA:167,1
DA:168,1
DA:169,1
DA:170,1
DA:171,1
DA:172,1
DA:173,1
DA:174,1
DA:175,1
DA:176,3
DA:177,3
DA:178,3
DA:179,1
DA:180,3
DA:181,0
DA:182,0
DA:183,0
DA:184,0
DA:185,0
DA:186,3
DA:187,1
DA:188,1
DA:189,1
DA:190,1
DA:191,1
DA:192,1
DA:193,2
DA:194,2
DA:195,2
DA:196,2
DA:197,2
DA:198,2
DA:199,2
DA:200,1
DA:201,1
DA:202,1
DA:203,1
DA:204,1
DA:205,1
DA:206,1
DA:207,1
DA:208,1
DA:209,3
DA:210,1
DA:211,1
DA:212,1
DA:213,1
DA:214,1
DA:215,1
DA:216,1
DA:217,1
DA:218,1
LF:218
LH:204
BRDA:1,0,0,1
BRDA:9,1,0,5
BRDA:64,2,0,4
BRDA:65,3,0,3
BRDA:67,4,0,3
BRDA:67,5,0,3
BRDA:82,6,0,2
BRDA:82,7,0,2
BRDA:95,8,0,1
BRDA:97,9,0,1
BRDA:105,10,0,0
BRDA:107,11,0,1
BRDA:110,12,0,0
BRDA:137,13,0,0
BRDA:144,14,0,1
BRDA:150,15,0,1
BRDA:154,16,0,0
BRDA:155,17,0,1
BRDA:158,18,0,0
BRDA:159,19,0,1
BRDA:159,20,0,0
BRDA:160,21,0,1
BRDA:160,22,0,0
BRDA:161,23,0,1
BRDA:176,24,0,0
BRDA:179,25,0,1
BRDA:180,26,0,0
BRDA:186,27,0,1
BRDA:210,28,0,1
BRDA:124,29,0,4
BRDA:125,30,0,0
BRDA:126,31,0,1
BRDA:126,32,0,3
BRDA:127,33,0,0
BRDA:131,34,0,4
BRDA:132,35,0,0
BRDA:132,36,0,4
BRDA:167,37,0,2
BRDA:187,38,0,2
BRDA:192,39,0,2
BRDA:194,40,0,6
BRDA:195,41,0,3
BRF:42
BRH:30
end_of_record
TN:
SF:backend/controllers/propertyControllers.js
FN:11,getAllProperties
FN:87,createProperty
FN:165,getProperty
FN:208,updateProperty
FN:299,deleteProperty
FN:335,getPropertiesWithTravelTime
FN:353,normalizeDest
FN:454,getPlaces
FN:502,insertEnquiries
FN:550,getEnquiries
FN:596,searchWithRadius
FNF:11
FNH:11
FNDA:2,getAllProperties
FNDA:2,createProperty
FNDA:2,getProperty
FNDA:2,updateProperty
FNDA:2,deleteProperty
FNDA:2,getPropertiesWithTravelTime
FNDA:2,normalizeDest
FNDA:2,getPlaces
FNDA:2,insertEnquiries
FNDA:4,getEnquiries
FNDA:2,searchWithRadius
DA:1,1
DA:2,1
DA:3,1
DA:4,1
DA:5,1
DA:6,1
DA:7,1
DA:8,1
DA:9,1
DA:10,1
DA:11,1
DA:12,2
DA:13,2
DA:14,2
DA:15,2
DA:16,2
DA:17,2
DA:18,2
DA:19,2
DA:20,2
DA:21,2
DA:22,2
DA:23,2
DA:24,2
DA:25,2
DA:26,2
DA:27,2
DA:28,2
DA:29,2
DA:30,2
DA:31,2
DA:32,2
DA:33,2
DA:34,2
DA:35,2
DA:36,2
DA:37,2
DA:38,2
DA:39,2
DA:40,2
DA:41,2
DA:42,2
DA:43,2
DA:44,2
DA:45,2
DA:46,2
DA:47,2
DA:48,2
DA:49,2
DA:50,2
DA:51,2
DA:52,1
DA:53,1
DA:54,1
DA:55,1
DA:56,1
DA:57,1
DA:58,1
DA:59,1
DA:60,1
DA:61,1
DA:62,2
DA:63,2
DA:64,2
DA:65,2
DA:66,2
DA:67,2
DA:68,2
DA:69,2
DA:70,1
DA:71,1
DA:72,1
DA:73,1
DA:74,1
DA:75,1
DA:76,1
DA:77,1
DA:78,1
DA:79,1
DA:80,1
DA:81,1
DA:82,1
DA:83,1
DA:84,1
DA:85,1
DA:86,1
DA:87,1
DA:88,2
DA:89,2
DA:90,2
DA:91,2
DA:92,2
DA:93,2
DA:94,2
DA:95,0
DA:96,0
DA:97,2
DA:98,2
DA:99,2
DA:100,2
DA:101,2
DA:102,2
DA:103,2
DA:104,2
DA:105,2
DA:106,2
DA:107,2
DA:108,2
DA:109,2
DA:110,2
DA:111,2
DA:112,2
DA:113,2
DA:114,2
DA:115,2
DA:116,2
DA:117,2
DA:118,2
DA:119,2
DA:120,2
DA:121,2
DA:122,2
DA:123,2
DA:124,2
DA:125,2
DA:126,2
DA:127,2
DA:128,2
DA:129,2
DA:130,1
DA:131,2
DA:132,1
DA:133,1
DA:134,1
DA:135,1
DA:136,1
DA:137,1
DA:138,1
DA:139,1
DA:140,1
DA:141,1
DA:142,1
DA:143,1
DA:144,1
DA:145,1
DA:146,1
DA:147,1
DA:148,2
DA:149,2
DA:150,2
DA:151,1
DA:152,1
DA:153,1
DA:154,1
DA:155,1
DA:156,1
DA:157,2
DA:158,0
DA:159,0
DA:160,0
DA:161,0
DA:162,0
DA:163,1
DA:164,1
DA:165,1
DA:166,2
DA:167,2
DA:168,2
DA:169,2
DA:170,2
DA:171,2
DA:172,2
DA:173,2
DA:174,2
DA:175,2
DA:176,2
DA:177,2
DA:178,1
DA:179,2
DA:180,0
DA:181,0
DA:182,0
DA:183,0
DA:184,1
DA:185,1
DA:186,1
DA:187,1
DA:188,1
DA:189,1
DA:190,1
DA:191,1
DA:192,1
DA:193,1
DA:194,1
DA:195,1
DA:196,1
DA:197,1
DA:198,1
DA:199,1
DA:200,1
DA:201,1
DA:202,1
DA:203,1
DA:204,1
DA:205,1
DA:206,1
DA:207,1
DA:208,1
DA:209,2
DA:210,2
DA:211,2
DA:212,2
DA:213,1
DA:214,1
DA:215,1
DA:216,0
DA:217,0
DA:218,0
DA:219,0
DA:220,1
DA:221,1
DA:222,1
DA:223,1
DA:224,1
DA:225,1
DA:226,1
DA:227,1
DA:228,1
DA:229,1
DA:230,1
DA:231,1
DA:232,1
DA:233,1
DA:234,1
DA:235,1
DA:236,1
DA:237,1
DA:238,1
DA:239,1
DA:240,1
DA:241,1
DA:242,1
DA:243,1
DA:244,1
DA:245,1
DA:246,1
DA:247,1
DA:248,1
DA:249,1
DA:250,1
DA:251,1
DA:252,1
DA:253,1
DA:254,1
DA:255,1
DA:256,1
DA:257,1
DA:258,1
DA:259,1
DA:260,1
DA:261,2
DA:262,0
DA:263,0
DA:264,0
DA:265,0
DA:266,1
DA:267,1
DA:268,2
DA:269,1
DA:270,1
DA:271,1
DA:272,1
DA:273,2
DA:274,0
DA:275,0
DA:276,0
DA:277,0
DA:278,0
DA:279,0
DA:280,1
DA:281,2
DA:282,1
DA:283,2
DA:284,2
DA:285,1
DA:286,1
DA:287,1
DA:288,1
DA:289,1
DA:290,1
DA:291,2
DA:292,0
DA:293,0
DA:294,0
DA:295,0
DA:296,0
DA:297,1
DA:298,1
DA:299,1
DA:300,2
DA:301,2
DA:302,2
DA:303,2
DA:304,1
DA:305,1
DA:306,1
DA:307,0
DA:308,0
DA:309,0
DA:310,0
DA:311,1
DA:312,1
DA:313,1
DA:314,1
DA:315,1
DA:316,1
DA:317,1
DA:318,1
DA:319,1
DA:320,1
DA:321,1
DA:322,2
DA:323,0
DA:324,0
DA:325,0
DA:326,0
DA:327,1
DA:328,2
DA:329,0
DA:330,0
DA:331,0
DA:332,0
DA:333,0
DA:334,1
DA:335,1
DA:336,2
DA:337,2
DA:338,2
DA:339,2
DA:340,1
DA:341,1
DA:342,1
DA:343,1
DA:344,1
DA:345,1
DA:346,1
DA:347,2
DA:348,2
DA:349,2
DA:350,2
DA:351,1
DA:352,1
DA:353,1
DA:354,2
DA:355,0
DA:356,0
DA:357,2
DA:358,2
DA:359,2
DA:360,2
DA:361,2
DA:362,1
DA:363,1
DA:364,1
DA:365,1
DA:366,1
DA:367,1
DA:368,1
DA:369,1
DA:370,1
DA:371,1
DA:372,1
DA:373,1
DA:374,1
DA:375,1
DA:376,1
DA:377,1
DA:378,1
DA:379,1
DA:380,1
DA:381,1
DA:382,1
DA:383,1
DA:384,2
DA:385,2
DA:386,2
DA:387,2
DA:388,1
DA:389,1
DA:390,1
DA:391,1
DA:392,2
DA:393,0
DA:394,0
DA:395,2
DA:396,2
DA:397,2
DA:398,2
DA:399,2
DA:400,2
DA:401,2
DA:402,2
DA:403,2
DA:404,2
DA:405,2
DA:406,2
DA:407,2
DA:408,2
DA:409,2
DA:410,2
DA:411,2
DA:412,2
DA:413,2
DA:414,2
DA:415,2
DA:416,2
DA:417,2
DA:418,2
DA:419,2
DA:420,2
DA:421,2
DA:422,2
DA:423,2
DA:424,2
DA:425,2
DA:426,2
DA:427,2
DA:428,2
DA:429,2
DA:430,2
DA:431,0
DA:432,0
DA:433,0
DA:434,0
DA:435,0
DA:436,0
DA:437,2
DA:438,2
DA:439,2
DA:440,2
DA:441,2
DA:442,2
DA:443,2
DA:444,1
DA:445,1
DA:446,1
DA:447,1
DA:448,2
DA:449,0
DA:450,0
DA:451,0
DA:452,1
DA:453,1
DA:454,1
DA:455,2
DA:456,2
DA:457,2
DA:458,2
DA:459,1
DA:460,1
DA:461,1
DA:462,1
DA:463,1
DA:464,1
DA:465,1
DA:466,1
DA:467,1
DA:468,1
DA:469,1
DA:470,1
DA:471,1
DA:472,1
DA:473,1
DA:474,1
DA:475,1
DA:476,1
DA:477,2
DA:478,0
DA:479,0
DA:480,0
DA:481,0
DA:482,1
DA:483,1
DA:484,1
DA:485,1
DA:486,1
DA:487,1
DA:488,1
DA:489,1
DA:490,1
DA:491,1
DA:492,1
DA:493,1
DA:494,1
DA:495,1
DA:496,2
DA:497,0
DA:498,0
DA:499,0
DA:500,1
DA:501,1
DA:502,1
DA:503,2
DA:504,2
DA:505,2
DA:506,1
DA:507,1
DA:508,1
DA:509,2
DA:510,2
DA:511,2
DA:512,2
DA:513,2
DA:514,2
DA:515,2
DA:516,0
DA:517,0
DA:518,1
DA:519,1
DA:520,1
DA:521,1
DA:522,1
DA:523,1
DA:524,2
DA:525,0
DA:526,0
DA:527,0
DA:528,0
DA:529,1
DA:530,1
DA:531,1
DA:532,1
DA:533,1
DA:534,1
DA:535,1
DA:536,1
DA:537,1
DA:538,1
DA:539,2
DA:540,2
DA:541,0
DA:542,0
DA:543,1
DA:544,2
DA:545,0
DA:546,0
DA:547,0
DA:548,1
DA:549,1
DA:550,1
DA:551,4
DA:552,4
DA:553,4
DA:554,4
DA:555,4
DA:556,4
DA:557,1
DA:558,1
DA:559,1
DA:560,3
DA:561,4
DA:562,1
DA:563,1
DA:564,1
DA:565,1
DA:566,1
DA:567,1
DA:568,1
DA:569,1
DA:570,1
DA:571,1
DA:572,1
DA:573,2
DA:574,4
DA:575,1
DA:576,1
DA:577,1
DA:578,1
DA:579,1
DA:580,1
DA:581,1
DA:582,1
DA:583,1
DA:584,1
DA:585,1
DA:586,1
DA:587,1
DA:588,1
DA:589,1
DA:590,4
DA:591,0
DA:592,0
DA:593,0
DA:594,1
DA:595,1
DA:596,1
DA:597,2
DA:598,2
DA:599,2
DA:600,2
DA:601,2
DA:602,2
DA:603,2
DA:604,2
DA:605,2
DA:606,2
DA:607,2
DA:608,2
DA:609,2
DA:610,1
DA:611,1
DA:612,1
DA:613,1
DA:614,1
DA:615,1
DA:616,1
DA:617,1
DA:618,1
DA:619,1
DA:620,1
DA:621,1
DA:622,1
DA:623,1
DA:624,2
DA:625,2
DA:626,2
DA:627,2
DA:628,2
DA:629,2
DA:630,2
DA:631,2
DA:632,2
DA:633,2
DA:634,2
DA:635,2
DA:636,2
DA:637,2
DA:638,2
DA:639,2
DA:640,2
DA:641,2
DA:642,2
DA:643,1
DA:644,1
DA:645,1
DA:646,1
DA:647,1
DA:648,1
DA:649,1
DA:650,1
DA:651,1
DA:652,1
DA:653,1
DA:654,1
DA:655,1
DA:656,1
DA:657,2
DA:658,2
DA:659,2
DA:660,2
DA:661,2
DA:662,2
DA:663,2
DA:664,2
DA:665,1
DA:666,1
DA:667,1
DA:668,2
DA:669,0
DA:670,0
DA:671,0
DA:672,1
LF:672
LH:592
BRDA:1,0,0,1
BRDA:11,1,0,2
BRDA:13,2,0,1
BRDA:14,3,0,1
BRDA:24,4,0,0
BRDA:25,5,0,0
BRDA:26,6,0,0
BRDA:27,7,0,0
BRDA:29,8,0,0
BRDA:51,9,0,1
BRDA:48,10,0,2
BRDA:61,11,0,2
BRDA:63,12,0,6
BRDA:64,13,0,3
BRDA:87,14,0,2
BRDA:89,15,0,0
BRDA:92,16,0,0
BRDA:94,17,0,0
BRDA:114,18,0,1
BRDA:114,19,0,1
BRDA:115,20,0,1
BRDA:115,21,0,1
BRDA:116,22,0,0
BRDA:119,23,0,1
BRDA:120,24,0,1
BRDA:121,25,0,1
BRDA:122,26,0,1
BRDA:123,27,0,1
BRDA:124,28,0,1
BRDA:125,29,0,1
BRDA:126,30,0,1
BRDA:127,31,0,1
BRDA:128,32,0,1
BRDA:129,33,0,1
BRDA:131,34,0,1
BRDA:157,35,0,0
BRDA:147,36,0,2
BRDA:165,37,0,2
BRDA:178,38,0,1
BRDA:179,39,0,0
BRDA:184,40,0,1
BRDA:195,41,0,2
BRDA:208,42,0,2
BRDA:210,43,0,0
BRDA:212,44,0,1
BRDA:215,45,0,0
BRDA:261,46,0,0
BRDA:266,47,0,1
BRDA:268,48,0,1
BRDA:273,49,0,0
BRDA:280,50,0,1
BRDA:281,51,0,1
BRDA:291,52,0,0
BRDA:282,53,0,2
BRDA:299,54,0,2
BRDA:300,55,0,0
BRDA:303,56,0,1
BRDA:306,57,0,0
BRDA:322,58,0,0
BRDA:327,59,0,1
BRDA:328,60,0,0
BRDA:335,61,0,2
BRDA:339,62,0,1
BRDA:347,63,0,0
BRDA:350,64,0,0
BRDA:351,65,0,1
BRDA:448,66,0,0
BRDA:348,67,0,1
BRDA:349,68,0,1
BRDA:353,69,0,2
BRDA:354,70,0,0
BRDA:357,71,0,0
BRDA:358,72,0,0
BRDA:360,73,0,0
BRDA:372,74,0,2
BRDA:383,75,0,2
BRDA:385,76,0,4
BRDA:386,77,0,2
BRDA:391,78,0,2
BRDA:392,79,0,0
BRDA:407,80,0,2
BRDA:423,81,0,0
BRDA:430,82,0,0
BRDA:454,83,0,2
BRDA:458,84,0,1
BRDA:458,85,0,1
BRDA:477,86,0,0
BRDA:482,87,0,1
BRDA:496,88,0,0
BRDA:483,89,0,1
BRDA:492,90,0,0
BRDA:502,91,0,2
BRDA:505,92,0,1
BRDA:505,93,0,1
BRDA:505,94,0,1
BRDA:505,95,0,1
BRDA:509,96,0,0
BRDA:510,97,0,1
BRDA:510,98,0,0
BRDA:510,99,0,0
BRDA:513,100,0,1
BRDA:513,101,0,0
BRDA:513,102,0,1
BRDA:515,103,0,1
BRDA:515,104,0,0
BRDA:515,105,0,0
BRDA:518,106,0,1
BRDA:524,107,0,0
BRDA:529,108,0,1
BRDA:539,109,0,0
BRDA:540,110,0,1
BRDA:540,111,0,0
BRDA:543,112,0,1
BRDA:544,113,0,0
BRDA:550,114,0,4
BRDA:554,115,0,3
BRDA:554,116,0,3
BRDA:556,117,0,1
BRDA:560,118,0,3
BRDA:561,119,0,1
BRDA:573,120,0,2
BRDA:574,121,0,1
BRDA:575,122,0,0
BRDA:590,123,0,0
BRDA:596,124,0,2
BRDA:600,125,0,1
BRDA:601,126,0,1
BRDA:602,127,0,1
BRDA:605,128,0,1
BRDA:606,129,0,1
BRDA:607,130,0,1
BRDA:609,131,0,1
BRDA:609,132,0,1
BRDA:609,133,0,1
BRDA:624,134,0,0
BRDA:643,135,0,1
BRDA:668,136,0,0
BRDA:623,137,0,2
BRDA:644,138,0,2
BRDA:656,139,0,2
BRDA:658,140,0,4
BRDA:659,141,0,2
BRF:142
BRH:95
end_of_record
TN:
SF:backend/controllers/userControllers.js
FN:4,checkLikes
FN:22,addToLikes
FN:39,getAllLikedProperties
FN:57,removeLike
FN:74,addNote
FN:101,getNotes
FN:124,getAllNotes
FN:153,deleteNote
FN:177,updateProfile
FNF:9
FNH:9
FNDA:3,checkLikes
FNDA:3,addToLikes
FNDA:3,getAllLikedProperties
FNDA:4,removeLike
FNDA:3,addNote
FNDA:3,getNotes
FNDA:3,getAllNotes
FNDA:4,deleteNote
FNDA:6,updateProfile
DA:1,1
DA:2,1
DA:3,1
DA:4,1
DA:5,3
DA:6,3
DA:7,3
DA:8,3
DA:9,1
DA:10,1
DA:11,2
DA:12,2
DA:13,2
DA:14,1
DA:15,1
DA:16,1
DA:17,1
DA:18,1
DA:19,1
DA:20,1
DA:21,1
DA:22,1
DA:23,3
DA:24,3
DA:25,3
DA:26,3
DA:27,1
DA:28,1
DA:29,2
DA:30,2
DA:31,2
DA:32,2
DA:33,1
DA:34,1
DA:35,1
DA:36,1
DA:37,1
DA:38,1
DA:39,1
DA:40,3
DA:41,3
DA:42,1
DA:43,1
DA:44,2
DA:45,2
DA:46,2
DA:47,2
DA:48,1
DA:49,1
DA:50,1
DA:51,1
DA:52,1
DA:53,1
DA:54,1
DA:55,1
DA:56,1
DA:57,1
DA:58,4
DA:59,4
DA:60,4
DA:61,4
DA:62,1
DA:63,1
DA:64,3
DA:65,3
DA:66,3
DA:67,2
DA:68,4
DA:69,1
DA:70,1
DA:71,1
DA:72,1
DA:73,1
DA:74,1
DA:75,3
DA:76,3
DA:77,3
DA:78,3
DA:79,3
DA:80,3
DA:81,3
DA:82,3
DA:83,3
DA:84,3
DA:85,1
DA:86,1
DA:87,2
DA:88,2
DA:89,2
DA:90,2
DA:91,2
DA:92,2
DA:93,2
DA:94,1
DA:95,1
DA:96,1
DA:97,1
DA:98,1
DA:99,1
DA:100,1
DA:101,1
DA:102,3
DA:103,3
DA:104,3
DA:105,3
DA:106,3
DA:107,1
DA:108,1
DA:109,2
DA:110,2
DA:111,2
DA:112,2
DA:113,2
DA:114,2
DA:115,2
DA:116,2
DA:117,1
DA:118,1
DA:119,1
DA:120,1
DA:121,1
DA:122,1
DA:123,1
DA:124,1
DA:125,3
DA:126,3
DA:127,3
DA:128,1
DA:129,1
DA:130,2
DA:131,2
DA:132,2
DA:133,2
DA:134,2
DA:135,2
DA:136,2
DA:137,2
DA:138,2
DA:139,2
DA:140,2
DA:141,2
DA:142,2
DA:143,2
DA:144,2
DA:145,1
DA:146,1
DA:147,1
DA:148,1
DA:149,1
DA:150,1
DA:151,1
DA:152,1
DA:153,1
DA:154,4
DA:155,4
DA:156,4
DA:157,4
DA:158,3
DA:159,3
DA:160,3
DA:161,3
DA:162,3
DA:163,3
DA:164,3
DA:165,2
DA:166,4
DA:167,1
DA:168,1
DA:169,1
DA:170,1
DA:171,1
DA:172,1
DA:173,1
DA:174,1
DA:175,1
DA:176,1
DA:177,1
DA:178,6
DA:179,6
DA:180,6
DA:181,5
DA:182,6
DA:183,6
DA:184,6
DA:185,6
DA:186,6
DA:187,6
DA:188,6
DA:189,6
DA:190,6
DA:191,6
DA:192,0
DA:193,0
DA:194,5
DA:195,5
DA:196,5
DA:197,6
DA:198,1
DA:199,1
DA:200,1
DA:201,5
DA:202,5
DA:203,5
DA:204,5
DA:205,5
DA:206,5
DA:207,5
DA:208,5
DA:209,5
DA:210,5
DA:211,3
DA:212,6
DA:213,2
DA:214,2
DA:215,2
DA:216,2
DA:217,1
DA:218,1
DA:219,1
DA:220,1
DA:221,1
DA:222,1
LF:222
LH:220
BRDA:1,0,0,1
BRDA:4,1,0,3
BRDA:7,2,0,1
BRDA:7,3,0,1
BRDA:8,4,0,2
BRDA:8,5,0,1
BRDA:11,6,0,2
BRDA:14,7,0,1
BRDA:22,8,0,3
BRDA:24,9,0,1
BRDA:24,10,0,1
BRDA:26,11,0,2
BRDA:26,12,0,1
BRDA:29,13,0,2
BRDA:33,14,0,1
BRDA:39,15,0,3
BRDA:40,16,0,1
BRDA:40,17,0,1
BRDA:41,18,0,1
BRDA:44,19,0,2
BRDA:48,20,0,1
BRDA:48,21,0,2
BRDA:57,22,0,4
BRDA:58,23,0,3
BRDA:58,24,0,2
BRDA:58,25,0,1
BRDA:59,26,0,1
BRDA:59,27,0,1
BRDA:61,28,0,3
BRDA:61,29,0,1
BRDA:64,30,0,3
BRDA:67,31,0,2
BRDA:68,32,0,1
BRDA:74,33,0,3
BRDA:78,34,0,1
BRDA:81,35,0,0
BRDA:82,36,0,0
BRDA:82,37,0,0
BRDA:84,38,0,2
BRDA:84,39,0,1
BRDA:87,40,0,2
BRDA:94,41,0,1
BRDA:101,42,0,3
BRDA:102,43,0,1
BRDA:104,44,0,1
BRDA:104,45,0,1
BRDA:106,46,0,2
BRDA:106,47,0,1
BRDA:109,48,0,2
BRDA:117,49,0,1
BRDA:124,50,0,3
BRDA:125,51,0,1
BRDA:125,52,0,1
BRDA:127,53,0,1
BRDA:130,54,0,2
BRDA:145,55,0,1
BRDA:153,56,0,4
BRDA:155,57,0,1
BRDA:155,58,0,1
BRDA:157,59,0,1
BRDA:158,60,0,3
BRDA:165,61,0,2
BRDA:166,62,0,1
BRDA:177,63,0,6
BRDA:178,64,0,1
BRDA:178,65,0,1
BRDA:180,66,0,1
BRDA:181,67,0,5
BRDA:182,68,0,0
BRDA:186,69,0,2
BRDA:187,70,0,1
BRDA:188,71,0,0
BRDA:191,72,0,0
BRDA:194,73,0,5
BRDA:197,74,0,1
BRDA:197,75,0,1
BRDA:201,76,0,5
BRDA:211,77,0,3
BRDA:212,78,0,1
BRDA:213,79,0,2
BRDA:216,80,0,1
BRF:81
BRH:75
end_of_record
TN:
SF:backend/middleware/authMiddleware.js
FN:4,authenticate
FN:30,requireAuth
FNF:2
FNH:2
FNDA:5,authenticate
FNDA:4,requireAuth
DA:1,1
DA:2,1
DA:3,1
DA:4,1
DA:5,5
DA:6,5
DA:7,5
DA:8,5
DA:9,5
DA:10,1
DA:11,1
DA:12,1
DA:13,1
DA:14,4
DA:15,4
DA:16,4
DA:17,4
DA:18,4
DA:19,5
DA:20,1
DA:21,1
DA:22,2
DA:23,2
DA:24,5
DA:25,1
DA:26,1
DA:27,1
DA:28,1
DA:29,1
DA:30,1
DA:31,4
DA:32,4
DA:33,4
DA:34,4
DA:35,4
DA:36,3
DA:37,3
DA:38,3
DA:39,3
DA:40,4
DA:41,4
DA:42,1
DA:43,1
DA:44,1
DA:45,1
DA:46,1
DA:47,1
DA:48,1
LF:48
LH:48
BRDA:1,0,0,1
BRDA:4,1,0,5
BRDA:5,2,0,5
BRDA:7,3,0,1
BRDA:9,4,0,1
BRDA:14,5,0,4
BRDA:19,6,0,2
BRDA:19,7,0,1
BRDA:22,8,0,2
BRDA:24,9,0,1
BRDA:30,10,0,4
BRDA:31,11,0,4
BRDA:33,12,0,3
BRDA:35,13,0,1
BRDA:36,14,0,3
BRDA:40,15,0,2
BRDA:41,16,0,1
BRF:17
BRH:17
end_of_record
TN:
SF:backend/middleware/guards.js
FN:3,ensureSelfOrAdmin
FN:20,canManageProperty
FN:56,attachAgencyOnCreate
FNF:3
FNH:3
FNDA:3,ensureSelfOrAdmin
FNDA:6,canManageProperty
FNDA:3,attachAgencyOnCreate
DA:1,1
DA:2,1
DA:3,1
DA:4,3
DA:5,3
DA:6,3
DA:7,2
DA:8,2
DA:9,3
DA:10,2
DA:11,3
DA:12,1
DA:13,1
DA:14,1
DA:15,1
DA:16,1
DA:17,1
DA:18,1
DA:19,1
DA:20,1
DA:21,6
DA:22,6
DA:23,1
DA:24,1
DA:25,5
DA:26,6
DA:27,1
DA:28,1
DA:29,1
DA:30,1
DA:31,1
DA:32,4
DA:33,4
DA:34,4
DA:35,4
DA:36,4
DA:37,4
DA:38,3
DA:39,6
DA:40,1
DA:41,1
DA:42,6
DA:43,1
DA:44,1
DA:45,1
DA:46,1
DA:47,1
DA:48,1
DA:49,1
DA:50,1
DA:51,1
DA:52,1
DA:53,1
DA:54,1
DA:55,1
DA:56,1
DA:57,3
DA:58,2
DA:59,2
DA:60,2
DA:61,2
DA:62,1
DA:63,1
DA:64,1
DA:65,1
DA:66,1
DA:67,2
DA:68,2
DA:69,1
LF:69
LH:69
BRDA:1,0,0,1
BRDA:3,1,0,3
BRDA:4,2,0,0
BRDA:5,3,0,0
BRDA:6,4,0,1
BRDA:7,5,0,2
BRDA:9,6,0,2
BRDA:11,7,0,1
BRDA:20,8,0,6
BRDA:21,9,0,0
BRDA:22,10,0,1
BRDA:25,11,0,5
BRDA:26,12,0,4
BRDA:26,13,0,1
BRDA:32,14,0,4
BRDA:38,15,0,3
BRDA:39,16,0,1
BRDA:42,17,0,2
BRDA:42,18,0,1
BRDA:56,19,0,3
BRDA:57,20,0,2
BRDA:58,21,0,1
BRDA:61,22,0,1
BRDA:61,23,0,1
BRF:24
BRH:21
end_of_record
